[2013/01/07 16:15:19][/?portal=mc_web&page=articleDetail&id=304]
SELECT `id`,`portal_name` FROM `portal` WHERE portal_name='mc_web' AND publish_flg='1' LIMIT 1;
--Start time [2013/01/07 16:15:18]
--Run time(s): 0.69429993629456

[2013/01/07 16:15:20][/?portal=mc_web&page=articleDetail&id=304]
SELECT `id`,`page_name`,`layout`,`modules`,`portal_id`,`master_id`,`title`,`description`,`keyword` FROM `page` WHERE page_name='articleDetail' AND portal_id='13' AND publish_flg='1' LIMIT 1;
--Start time [2013/01/07 16:15:19]
--Run time(s): 1.029953956604

[2013/01/07 16:15:22][/?portal=mc_web&page=articleDetail&id=304]
SELECT `name` FROM `class` WHERE class_id = 17 LIMIT 1;
--Start time [2013/01/07 16:15:21]
--Run time(s): 1.494549036026

[2013/01/07 16:15:23][/?portal=mc_web&page=articleDetail&id=304]
SELECT `name` FROM `location` WHERE `location_id` =2 LIMIT 1;
--Start time [2013/01/07 16:15:22]
--Run time(s): 0.63263392448425

[2013/01/07 16:15:24][/?portal=mc_web&page=articleDetail&id=304]
SELECT * FROM `article` WHERE `status`= 1 AND `article_id`=304 LIMIT 1;
--Start time [2013/01/07 16:15:23]
--Run time(s): 0.90702891349792

