[2012/10/31 23:33:06][/?portal=mc_web&page=articleDetail&id=338]
SELECT `id`,`portal_name` FROM `portal` WHERE portal_name='mc_web' AND publish_flg='1' LIMIT 1;
--Start time [2012/10/31 23:33:05]
--Run time(s): 1.039932012558

[2012/10/31 23:33:07][/?portal=mc_web&page=articleDetail&id=338]
SELECT `id`,`page_name`,`layout`,`modules`,`portal_id`,`master_id`,`title`,`description`,`keyword` FROM `page` WHERE page_name='articleDetail' AND portal_id='13' AND publish_flg='1' LIMIT 1;
--Start time [2012/10/31 23:33:06]
--Run time(s): 0.70923805236816

[2012/10/31 23:33:08][/?portal=mc_web&page=articleDetail&id=338]
SELECT `hocsinh_id`,`class_id`,`location_id`,`updatetime` FROM `hocsinh` WHERE `status` = 1 ORDER BY updatetime DESC LIMIT 0,5;
--Start time [2012/10/31 23:33:07]
--Run time(s): 0.8300039768219

[2012/10/31 23:33:09][/?portal=mc_web&page=articleDetail&id=338]
SELECT `name` FROM `class` WHERE class_id = 17 LIMIT 1;
--Start time [2012/10/31 23:33:08]
--Run time(s): 0.77881908416748

[2012/10/31 23:33:10][/?portal=mc_web&page=articleDetail&id=338]
SELECT `name` FROM `location` WHERE `location_id` =78 LIMIT 1;
--Start time [2012/10/31 23:33:09]
--Run time(s): 1.5152809619904

[2012/10/31 23:33:11][/?portal=mc_web&page=articleDetail&id=338]
SELECT `name` FROM `class` WHERE class_id = 9 LIMIT 1;
--Start time [2012/10/31 23:33:10]
--Run time(s): 0.68152689933777

[2012/10/31 23:33:13][/?portal=mc_web&page=articleDetail&id=338]
SELECT `name` FROM `location` WHERE `location_id` =2 LIMIT 1;
--Start time [2012/10/31 23:33:11]
--Run time(s): 2.0152750015259

[2012/10/31 23:33:14][/?portal=mc_web&page=articleDetail&id=338]
SELECT * FROM `article` WHERE `status`= 1 AND `article_id`=338 LIMIT 1;
--Start time [2012/10/31 23:33:13]
--Run time(s): 0.9527428150177

[2012/10/31 23:33:15][/?portal=mc_web&page=articleDetail&id=338]
SELECT `category_id`,`updatetime` FROM `article` WHERE `article_id`=338 LIMIT 1;
--Start time [2012/10/31 23:33:14]
--Run time(s): 0.64096879959106

[2012/10/31 23:33:16][/?portal=mc_web&page=articleDetail&id=338]
SELECT `subject`,`updatetime`,`article_id` FROM `article` WHERE `article_id` != 338 AND `category_id` = 1 AND `updatetime` < TIMESTAMP('2012-08-14 17:10:45') AND  `status` = 1 ORDER BY updatetime DESC LIMIT 0,5;
--Start time [2012/10/31 23:33:15]
--Run time(s): 0.98488306999207

[2012/10/31 23:33:17][/?portal=mc_web&page=articleDetail&id=338]
SELECT * FROM `article` WHERE `category_id` = 1 AND `status` = 1 ORDER BY updatetime DESC LIMIT 0,3;
--Start time [2012/10/31 23:33:17]
--Run time(s): 0.59694409370422

[2012/10/31 23:33:19][/?portal=mc_web&page=articleDetail&id=338]
SELECT * FROM `article` WHERE `category_id` = 2 AND `status` = 1 ORDER BY updatetime DESC LIMIT 0,3;
--Start time [2012/10/31 23:33:17]
--Run time(s): 1.3237061500549

