[2012/12/17 22:01:21][/?portal=mc_web&page=intro]
SELECT `id`,`page_name`,`layout`,`modules`,`portal_id`,`master_id`,`title`,`description`,`keyword` FROM `page` WHERE page_name='intro' AND portal_id='13' AND publish_flg='1' LIMIT 1;
--Start time [2012/12/17 22:01:19]
--Run time(s): 1.5196619033813

[2012/12/17 22:01:22][/?portal=mc_web&page=intro]
SELECT `hocsinh_id`,`class_id`,`location_id`,`updatetime` FROM `hocsinh` WHERE `status` = 1 ORDER BY updatetime DESC LIMIT 0,5;
--Start time [2012/12/17 22:01:21]
--Run time(s): 0.76652312278748

[2012/12/17 22:01:24][/?portal=mc_web&page=intro]
SELECT `name` FROM `class` WHERE class_id = 17 LIMIT 1;
--Start time [2012/12/17 22:01:22]
--Run time(s): 2.2492761611938

[2012/12/17 22:01:25][/?portal=mc_web&page=intro]
SELECT `name` FROM `location` WHERE `location_id` =78 LIMIT 1;
--Start time [2012/12/17 22:01:24]
--Run time(s): 0.90907883644104

[2012/12/17 22:01:25][/?portal=mc_web&page=intro]
SELECT `name` FROM `class` WHERE class_id = 9 LIMIT 1;
--Start time [2012/12/17 22:01:25]
--Run time(s): 0.50367903709412

[2012/12/17 22:01:27][/?portal=mc_web&page=intro]
SELECT * FROM `article` WHERE `category_id` = 2 AND `status` = 1 ORDER BY updatetime DESC LIMIT 0,3;
--Start time [2012/12/17 22:01:27]
--Run time(s): 0.6639769077301

[2012/12/17 22:01:30][/?portal=mc_web&page=intro]
SELECT * FROM `article` WHERE `category_id` = 7 AND `status` = 1 ORDER BY updatetime DESC LIMIT 0,3;
--Start time [2012/12/17 22:01:27]
--Run time(s): 2.5008330345154

