[2013/02/26 22:03:47][/]
SELECT `id`,`portal_name` FROM `portal` WHERE portal_name='mc_web' AND publish_flg='1' LIMIT 1;
--Start time [2013/02/26 22:03:43]
--Run time(s): 3.6097829341888

[2013/02/26 22:03:51][/]
SELECT `id`,`page_name`,`layout`,`modules`,`portal_id`,`master_id`,`title`,`description`,`keyword` FROM `page` WHERE page_name='index' AND portal_id='13' AND publish_flg='1' LIMIT 1;
--Start time [2013/02/26 22:03:47]
--Run time(s): 3.7824368476868

[2013/02/26 22:03:52][/]
SELECT `id`,`modules`,`title`,`description`,`keyword` FROM `page` WHERE `id`='29' LIMIT 1;
--Start time [2013/02/26 22:03:51]
--Run time(s): 0.74971008300781

[2013/02/26 22:03:55][/]
SELECT `hocsinh_id`,`class_id`,`location_id`,`updatetime` FROM `hocsinh` WHERE `status` = 1 ORDER BY updatetime DESC LIMIT 0,5;
--Start time [2013/02/26 22:03:52]
--Run time(s): 3.7329061031342

[2013/02/26 22:03:56][/]
SELECT `name` FROM `class` WHERE class_id = 17 LIMIT 1;
--Start time [2013/02/26 22:03:55]
--Run time(s): 1.0750789642334

[2013/02/26 22:04:00][/]
SELECT `name` FROM `location` WHERE `location_id` =78 LIMIT 1;
--Start time [2013/02/26 22:03:56]
--Run time(s): 3.9927990436554

[2013/02/26 22:04:01][/]
SELECT `name` FROM `class` WHERE class_id = 9 LIMIT 1;
--Start time [2013/02/26 22:04:00]
--Run time(s): 0.58547902107239

[2013/02/26 22:04:05][/]
SELECT * FROM `article` WHERE `category_id` = 3 AND `status` = 1 ORDER BY updatetime DESC LIMIT 0,5;
--Start time [2013/02/26 22:04:01]
--Run time(s): 4.0993521213531

[2013/02/26 22:04:06][/]
SELECT * FROM `article` WHERE `category_id` = 4 AND `status` = 1 ORDER BY updatetime DESC LIMIT 0,5;
--Start time [2013/02/26 22:04:05]
--Run time(s): 0.84382891654968

[2013/02/26 22:04:07][/]
SELECT * FROM `article` WHERE `category_id` = 5 AND `status` = 1 ORDER BY updatetime DESC LIMIT 0,3;
--Start time [2013/02/26 22:04:06]
--Run time(s): 0.57086086273193

[2013/02/26 22:04:15][/]
SELECT * FROM `article` WHERE `category_id` = 1 AND `status` = 1 ORDER BY updatetime DESC LIMIT 0,3;
--Start time [2013/02/26 22:04:07]
--Run time(s): 7.8258259296417

[2013/02/26 22:04:16][/]
SELECT * FROM `article` WHERE `category_id` = 2 AND `status` = 1 ORDER BY updatetime DESC LIMIT 0,3;
--Start time [2013/02/26 22:04:15]
--Run time(s): 0.9876070022583

[2013/02/26 22:04:17][/]
SELECT * FROM `article` WHERE `category_id` = 7 AND `status` = 1 ORDER BY updatetime DESC LIMIT 0,3;
--Start time [2013/02/26 22:04:16]
--Run time(s): 1.0009191036224

[2013/02/26 22:54:37][/]
SELECT `id`,`portal_name` FROM `portal` WHERE portal_name='mc_web' AND publish_flg='1' LIMIT 1;
--Start time [2013/02/26 22:54:36]
--Run time(s): 0.72532510757446

[2013/02/26 22:54:38][/]
SELECT `id`,`page_name`,`layout`,`modules`,`portal_id`,`master_id`,`title`,`description`,`keyword` FROM `page` WHERE page_name='index' AND portal_id='13' AND publish_flg='1' LIMIT 1;
--Start time [2013/02/26 22:54:37]
--Run time(s): 0.99980688095093

[2013/02/26 22:54:39][/]
SELECT `id`,`modules`,`title`,`description`,`keyword` FROM `page` WHERE `id`='29' LIMIT 1;
--Start time [2013/02/26 22:54:38]
--Run time(s): 0.57326507568359

[2013/02/26 22:54:43][/]
SELECT `name` FROM `class` WHERE class_id = 17 LIMIT 1;
--Start time [2013/02/26 22:54:39]
--Run time(s): 3.4513461589813

[2013/02/26 22:54:47][/]
SELECT `name` FROM `location` WHERE `location_id` =78 LIMIT 1;
--Start time [2013/02/26 22:54:43]
--Run time(s): 4.1831610202789

[2013/02/26 22:54:48][/]
SELECT * FROM `article` WHERE `category_id` = 3 AND `status` = 1 ORDER BY updatetime DESC LIMIT 0,5;
--Start time [2013/02/26 22:54:47]
--Run time(s): 0.51563787460327

[2013/02/26 22:54:51][/]
SELECT * FROM `article` WHERE `category_id` = 4 AND `status` = 1 ORDER BY updatetime DESC LIMIT 0,5;
--Start time [2013/02/26 22:54:48]
--Run time(s): 3.0020577907562

[2013/02/26 22:54:52][/]
SELECT * FROM `article` WHERE `category_id` = 5 AND `status` = 1 ORDER BY updatetime DESC LIMIT 0,3;
--Start time [2013/02/26 22:54:51]
--Run time(s): 1.0486690998077

[2013/02/26 22:54:53][/]
SELECT * FROM `article` WHERE `category_id` = 1 AND `status` = 1 ORDER BY updatetime DESC LIMIT 0,3;
--Start time [2013/02/26 22:54:52]
--Run time(s): 1.1825819015503

[2013/02/26 22:54:56][/]
SELECT * FROM `article` WHERE `category_id` = 7 AND `status` = 1 ORDER BY updatetime DESC LIMIT 0,3;
--Start time [2013/02/26 22:54:54]
--Run time(s): 2.3106138706207

