[2013/02/14 09:06:44][/?portal=mc_web&page=articleDetail&id=428]
SELECT `id`,`portal_name` FROM `portal` WHERE portal_name='mc_web' AND publish_flg='1' LIMIT 1;
--Start time [2013/02/14 09:06:42]
--Run time(s): 2.1518399715424

[2013/02/14 09:06:49][/?portal=mc_web&page=articleDetail&id=429]
SELECT `hocsinh_id`,`class_id`,`location_id`,`updatetime` FROM `hocsinh` WHERE `status` = 1 ORDER BY updatetime DESC LIMIT 0,5;
--Start time [2013/02/14 09:06:48]
--Run time(s): 0.78801798820496

[2013/02/14 09:07:03][/?portal=mc_web&page=articleDetail&id=265]
SELECT * FROM `article` WHERE `status`= 1 AND `article_id`=265 LIMIT 1;
--Start time [2013/02/14 09:07:02]
--Run time(s): 1.2333860397339

[2013/02/14 09:07:39][/?portal=mc_web&page=articleDetail&id=426]
SELECT `hocsinh_id`,`class_id`,`location_id`,`updatetime` FROM `hocsinh` WHERE `status` = 1 ORDER BY updatetime DESC LIMIT 0,5;
--Start time [2013/02/14 09:07:38]
--Run time(s): 0.83910799026489

[2013/02/14 09:07:43][/?portal=mc_web&page=articleDetail&id=427]
SELECT * FROM `article` WHERE `status`= 1 AND `article_id`=427 LIMIT 1;
--Start time [2013/02/14 09:07:41]
--Run time(s): 2.0450949668884

[2013/02/14 09:08:56][/?portal=mc_web&page=articleDetail&id=342]
SELECT * FROM `article` WHERE `status`= 1 AND `article_id`=342 LIMIT 1;
--Start time [2013/02/14 09:08:55]
--Run time(s): 0.89489603042603

[2013/02/14 09:08:56][/?portal=mc_web&page=articleDetail&id=342]
SELECT `category_id`,`updatetime` FROM `article` WHERE `article_id`=342 LIMIT 1;
--Start time [2013/02/14 09:08:56]
--Run time(s): 0.51040196418762

[2013/02/14 09:10:47][/?portal=mc_web&page=articleDetail&id=431]
SELECT `id`,`portal_name` FROM `portal` WHERE portal_name='mc_web' AND publish_flg='1' LIMIT 1;
--Start time [2013/02/14 09:10:46]
--Run time(s): 1.3065049648285

[2013/02/14 09:10:49][/?portal=mc_web&page=articleDetail&id=431]
SELECT `hocsinh_id`,`class_id`,`location_id`,`updatetime` FROM `hocsinh` WHERE `status` = 1 ORDER BY updatetime DESC LIMIT 0,5;
--Start time [2013/02/14 09:10:47]
--Run time(s): 1.3425679206848

[2013/02/14 09:11:14][/?portal=mc_web&page=articleDetail&id=201]
SELECT * FROM `article` WHERE `category_id` = 2 AND `status` = 1 ORDER BY updatetime DESC LIMIT 0,3;
--Start time [2013/02/14 09:11:12]
--Run time(s): 1.4716010093689

[2013/02/14 09:13:07][/?portal=mc_web&page=articleDetail&id=592]
SELECT * FROM `article` WHERE `status`= 1 AND `article_id`=592 LIMIT 1;
--Start time [2013/02/14 09:13:05]
--Run time(s): 1.8500490188599

[2013/02/14 09:13:25][/?portal=mc_web&page=articleDetail&id=594]
SELECT * FROM `article` WHERE `category_id` = 2 AND `status` = 1 ORDER BY updatetime DESC LIMIT 0,3;
--Start time [2013/02/14 09:13:22]
--Run time(s): 3.0090799331665

[2013/02/14 09:15:34][/?portal=mc_web&page=articleDetail&id=430]
SELECT * FROM `article` WHERE `status`= 1 AND `article_id`=430 LIMIT 1;
--Start time [2013/02/14 09:15:29]
--Run time(s): 4.9342291355133

[2013/02/14 09:15:35][/?portal=mc_web&page=articleDetail&id=430]
SELECT `category_id`,`updatetime` FROM `article` WHERE `article_id`=430 LIMIT 1;
--Start time [2013/02/14 09:15:34]
--Run time(s): 1.4745090007782

[2013/02/14 09:15:59][/?portal=mc_web&page=articleDetail&id=316]
SELECT * FROM `article` WHERE `category_id` = 1 AND `status` = 1 ORDER BY updatetime DESC LIMIT 0,3;
--Start time [2013/02/14 09:15:55]
--Run time(s): 4.3331909179688

[2013/02/14 09:17:43][/?portal=mc_web&page=articleDetail&id=427]
SELECT `hocsinh_id`,`class_id`,`location_id`,`updatetime` FROM `hocsinh` WHERE `status` = 1 ORDER BY updatetime DESC LIMIT 0,5;
--Start time [2013/02/14 09:17:42]
--Run time(s): 0.86584305763245

[2013/02/14 09:17:54][/?portal=mc_web&page=articleDetail&id=411]
SELECT * FROM `article` WHERE `status`= 1 AND `article_id`=411 LIMIT 1;
--Start time [2013/02/14 09:17:53]
--Run time(s): 0.75874495506287

[2013/02/14 09:17:56][/?portal=mc_web&page=articleDetail&id=411]
SELECT * FROM `article` WHERE `category_id` = 7 AND `status` = 1 ORDER BY updatetime DESC LIMIT 0,3;
--Start time [2013/02/14 09:17:55]
--Run time(s): 1.2822229862213

[2013/02/14 09:19:12][/?portal=mc_web&page=articleDetail&id=234]
SELECT `id`,`portal_name` FROM `portal` WHERE portal_name='mc_web' AND publish_flg='1' LIMIT 1;
--Start time [2013/02/14 09:19:10]
--Run time(s): 1.1222088336945

[2013/02/14 09:19:16][/?portal=mc_web&page=articleDetail&id=234]
SELECT `id`,`page_name`,`layout`,`modules`,`portal_id`,`master_id`,`title`,`description`,`keyword` FROM `page` WHERE page_name='articleDetail' AND portal_id='13' AND publish_flg='1' LIMIT 1;
--Start time [2013/02/14 09:19:12]
--Run time(s): 4.1169908046722

