[2012/11/21 12:18:01][/?portal=mc_web&page=NewDoc]
SELECT `id`,`portal_name` FROM `portal` WHERE portal_name='mc_web' AND publish_flg='1' LIMIT 1;
--Start time [2012/11/21 12:18:00]
--Run time(s): 1.2608251571655

[2012/11/21 12:18:03][/?portal=mc_web&page=NewDoc]
SELECT `id`,`page_name`,`layout`,`modules`,`portal_id`,`master_id`,`title`,`description`,`keyword` FROM `page` WHERE page_name='NewDoc' AND portal_id='13' AND publish_flg='1' LIMIT 1;
--Start time [2012/11/21 12:18:01]
--Run time(s): 1.0943260192871

[2012/11/21 12:18:05][/?portal=mc_web&page=NewDoc]
SELECT `id`,`modules`,`title`,`description`,`keyword` FROM `page` WHERE `id`='70' LIMIT 1;
--Start time [2012/11/21 12:18:03]
--Run time(s): 1.9876620769501

[2012/11/21 12:18:06][/?portal=mc_web&page=NewDoc]
SELECT `hocsinh_id`,`class_id`,`location_id`,`updatetime` FROM `hocsinh` WHERE `status` = 1 ORDER BY updatetime DESC LIMIT 0,5;
--Start time [2012/11/21 12:18:05]
--Run time(s): 1.2465550899506

[2012/11/21 12:51:12][/?portal=mc_web&page=articleDetail&id=327]
SELECT `id`,`modules`,`title`,`description`,`keyword` FROM `page` WHERE `id`='29' LIMIT 1;
--Start time [2012/11/21 12:51:12]
--Run time(s): 0.50883889198303

[2012/11/21 12:55:50][/?portal=mc_web&page=articleDetail&id=319]
SELECT `name` FROM `class` WHERE class_id = 17 LIMIT 1;
--Start time [2012/11/21 12:55:46]
--Run time(s): 3.5215880870819

[2012/11/21 12:55:50][/?portal=mc_web&page=articleDetail&id=319]
SELECT `name` FROM `location` WHERE `location_id` =78 LIMIT 1;
--Start time [2012/11/21 12:55:50]
--Run time(s): 0.51069092750549

[2012/11/21 12:55:53][/?portal=mc_web&page=articleDetail&id=319]
SELECT `subject`,`updatetime`,`article_id` FROM `article` WHERE `article_id` != 319 AND `category_id` = 7 AND `updatetime` < TIMESTAMP('2012-08-12 00:33:26') AND  `status` = 1 ORDER BY updatetime DESC LIMIT 0,5;
--Start time [2012/11/21 12:55:51]
--Run time(s): 2.1190891265869

[2012/11/21 12:55:55][/?portal=mc_web&page=articleDetail&id=319]
SELECT * FROM `article` WHERE `category_id` = 2 AND `status` = 1 ORDER BY updatetime DESC LIMIT 0,3;
--Start time [2012/11/21 12:55:54]
--Run time(s): 0.91933488845825

[2012/11/21 12:55:55][/?portal=mc_web&page=articleDetail&id=319]
SELECT * FROM `article` WHERE `category_id` = 7 AND `status` = 1 ORDER BY updatetime DESC LIMIT 0,3;
--Start time [2012/11/21 12:55:55]
--Run time(s): 0.66664791107178

[2012/11/21 12:56:17][/?portal=mc_web&page=articleDetail&id=565]
SELECT `id`,`portal_name` FROM `portal` WHERE portal_name='mc_web' AND publish_flg='1' LIMIT 1;
--Start time [2012/11/21 12:56:15]
--Run time(s): 1.6834950447083

[2012/11/21 12:56:19][/?portal=mc_web&page=articleDetail&id=565]
SELECT `id`,`page_name`,`layout`,`modules`,`portal_id`,`master_id`,`title`,`description`,`keyword` FROM `page` WHERE page_name='articleDetail' AND portal_id='13' AND publish_flg='1' LIMIT 1;
--Start time [2012/11/21 12:56:17]
--Run time(s): 1.9661598205566

[2012/11/21 12:56:20][/?portal=mc_web&page=articleDetail&id=565]
SELECT `id`,`modules`,`title`,`description`,`keyword` FROM `page` WHERE `id`='29' LIMIT 1;
--Start time [2012/11/21 12:56:19]
--Run time(s): 0.87362194061279

[2012/11/21 12:56:21][/?portal=mc_web&page=articleDetail&id=565]
SELECT * FROM `article` WHERE `category_id` = 2 AND `status` = 1 ORDER BY updatetime DESC LIMIT 0,3;
--Start time [2012/11/21 12:56:20]
--Run time(s): 0.66787815093994

[2012/11/21 12:56:22][/?portal=mc_web&page=articleDetail&id=565]
SELECT * FROM `article` WHERE `category_id` = 7 AND `status` = 1 ORDER BY updatetime DESC LIMIT 0,3;
--Start time [2012/11/21 12:56:21]
--Run time(s): 0.81373190879822

