[2013/02/11 01:01:47][/?portal=mc_web&page=articleDetail&id=611]
SELECT * FROM `article` WHERE `category_id` = 5 AND `status` = 1 ORDER BY updatetime DESC LIMIT 0,3;
--Start time [2013/02/11 01:01:46]
--Run time(s): 0.85488104820251

[2013/02/11 01:01:57][/?portal=mc_web&page=DocOfClass&classID=1&cateID=2]
SELECT `name` FROM `class` WHERE class_id = 17 LIMIT 1;
--Start time [2013/02/11 01:01:55]
--Run time(s): 1.8296999931335

[2013/02/11 01:14:54][/]
SELECT `hocsinh_id`,`class_id`,`location_id`,`updatetime` FROM `hocsinh` WHERE `status` = 1 ORDER BY updatetime DESC LIMIT 0,5;
--Start time [2013/02/11 01:14:54]
--Run time(s): 0.65703201293945

[2013/02/11 01:15:48][/?portal=mc_web&page=regTeach]
SELECT `name` FROM `location` WHERE `location_id` =78 LIMIT 1;
--Start time [2013/02/11 01:15:48]
--Run time(s): 0.5365571975708

[2013/02/11 01:15:51][/?portal=mc_web&page=regTeach]
SELECT * FROM `article` WHERE `category_id` = 5 AND `status` = 1 ORDER BY updatetime DESC LIMIT 0,3;
--Start time [2013/02/11 01:15:49]
--Run time(s): 2.8024120330811

[2013/02/11 01:17:15][/?portal=mc_web&page=ClassDetail&id=50]
SELECT `hocsinh_id`,`class_id`,`location_id`,`updatetime` FROM `hocsinh` WHERE `status` = 1 ORDER BY updatetime DESC LIMIT 0,5;
--Start time [2013/02/11 01:17:14]
--Run time(s): 0.78201508522034

[2013/02/11 01:18:20][/?portal=mc_web&page=articleDetail&id=644]
SELECT * FROM `article` WHERE `status`= 1 AND `article_id`=644 LIMIT 1;
--Start time [2013/02/11 01:18:17]
--Run time(s): 3.5952579975128

[2013/02/11 01:18:21][/?portal=mc_web&page=articleDetail&id=644]
SELECT * FROM `article` WHERE `category_id` = 5 AND `status` = 1 ORDER BY updatetime DESC LIMIT 0,3;
--Start time [2013/02/11 01:18:20]
--Run time(s): 0.91031289100647

[2013/02/11 01:19:18][/?portal=mc_web&page=articleDetail&id=331]
SELECT `hocsinh_id`,`class_id`,`location_id`,`updatetime` FROM `hocsinh` WHERE `status` = 1 ORDER BY updatetime DESC LIMIT 0,5;
--Start time [2013/02/11 01:19:17]
--Run time(s): 1.0797739028931

[2013/02/11 01:19:35][/?portal=mc_web&page=articleDetail&id=330]
SELECT * FROM `article` WHERE `category_id` = 5 AND `status` = 1 ORDER BY updatetime DESC LIMIT 0,3;
--Start time [2013/02/11 01:19:32]
--Run time(s): 3.4013321399689

[2013/02/11 01:20:48][/?portal=mc_web&page=DocDetail&id=156]
SELECT `id`,`page_name`,`layout`,`modules`,`portal_id`,`master_id`,`title`,`description`,`keyword` FROM `page` WHERE page_name='DocDetail' AND portal_id='13' AND publish_flg='1' LIMIT 1;
--Start time [2013/02/11 01:20:46]
--Run time(s): 1.6210160255432

[2013/02/11 01:21:29][/?portal=mc_web&page=DocDetail&id=152]
SELECT * FROM `document` WHERE `id` = 152 AND `status` = 1  LIMIT 1;
--Start time [2013/02/11 01:21:28]
--Run time(s): 1.8962709903717

[2013/02/11 01:21:31][/?portal=mc_web&page=DocDetail&id=152]
SELECT `name`,`updatetime`,`id` FROM `document` WHERE `id` != 152 AND `doc_cate_id` = 4 AND `classID` = 17 AND `updatetime` > TIMESTAMP('2012-09-22 17:31:44') AND `status` = 1 ORDER BY updatetime DESC LIMIT 0,5;
--Start time [2013/02/11 01:21:29]
--Run time(s): 1.4681930541992

