[2013/02/22 05:27:06][/?portal=mc_web&page=articleDetail&id=512]
SELECT `hocsinh_id`,`class_id`,`location_id`,`updatetime` FROM `hocsinh` WHERE `status` = 1 ORDER BY updatetime DESC LIMIT 0,5;
--Start time [2013/02/22 05:27:05]
--Run time(s): 0.54191017150879

[2013/02/22 05:27:07][/?portal=mc_web&page=articleDetail&id=512]
SELECT * FROM `article` WHERE `status`= 1 AND `article_id`=512 LIMIT 1;
--Start time [2013/02/22 05:27:06]
--Run time(s): 0.71991586685181

[2013/02/22 05:27:14][/?portal=mc_web&page=articleDetail&id=512]
SELECT `category_id`,`updatetime` FROM `article` WHERE `article_id`=512 LIMIT 1;
--Start time [2013/02/22 05:27:07]
--Run time(s): 6.808779001236

[2013/02/22 05:27:17][/?portal=mc_web&page=articleDetail&id=512]
SELECT `subject`,`updatetime`,`article_id` FROM `article` WHERE `article_id` != 512 AND `category_id` = 1 AND `updatetime` > TIMESTAMP('2012-10-09 23:04:04') AND `status` = 1 ORDER BY updatetime DESC LIMIT 0,5;
--Start time [2013/02/22 05:27:14]
--Run time(s): 3.377268075943

[2013/02/22 05:27:20][/?portal=mc_web&page=articleDetail&id=512]
SELECT * FROM `article` WHERE `category_id` = 5 AND `status` = 1 ORDER BY updatetime DESC LIMIT 0,3;
--Start time [2013/02/22 05:27:17]
--Run time(s): 2.2679388523102

