[2013/04/07 15:52:40][http://trungtamtoan.com/?portal=mc_web&page=NewDoc&page_no=2]
SELECT `hocsinh_id`,`class_id`,`location_id`,`updatetime` FROM `hocsinh` WHERE `status` = 1 ORDER BY updatetime DESC LIMIT 0,5;
--Start time [2013/04/07 15:52:39]
--Run time(s): 0.55574297904968

[2013/04/07 15:52:41][http://trungtamtoan.com/?portal=mc_web&page=NewDoc&page_no=2]
SELECT `name` FROM `location` WHERE `location_id` =78 LIMIT 1;
--Start time [2013/04/07 15:52:40]
--Run time(s): 0.73484206199646

[2013/04/07 15:52:43][http://trungtamtoan.com/?portal=mc_web&page=NewDoc&page_no=2]
SELECT `name` FROM `class` WHERE class_id = 9 LIMIT 1;
--Start time [2013/04/07 15:52:41]
--Run time(s): 2.4763259887695

[2013/04/07 15:52:44][http://trungtamtoan.com/?portal=mc_web&page=NewDoc&page_no=2]
SELECT COUNT(*) AS rows FROM `document` WHERE `status` = 1 ;
--Start time [2013/04/07 15:52:43]
--Run time(s): 0.95955896377563

[2013/04/07 15:52:45][http://trungtamtoan.com/?portal=mc_web&page=NewDoc&page_no=2]
SELECT * FROM `document` WHERE `status` = 1  ORDER BY updatetime DESC LIMIT 20,20;
--Start time [2013/04/07 15:52:44]
--Run time(s): 0.70791602134705

[2013/04/07 15:52:46][http://trungtamtoan.com/?portal=mc_web&page=NewDoc&page_no=2]
SELECT * FROM `doccate`;
--Start time [2013/04/07 15:52:45]
--Run time(s): 0.63109087944031

[2013/04/07 15:52:47][http://trungtamtoan.com/?portal=mc_web&page=NewDoc&page_no=1]
SELECT * FROM `document` WHERE `status` = 1  ORDER BY updatetime DESC LIMIT 0,20;
--Start time [2013/04/07 15:52:46]
--Run time(s): 0.92070984840393

[2013/04/07 15:52:53][http://trungtamtoan.com/?portal=mc_web&page=NewDoc&page_no=3]
SELECT * FROM `document` WHERE `status` = 1  ORDER BY updatetime DESC LIMIT 40,20;
--Start time [2013/04/07 15:52:51]
--Run time(s): 1.5000610351562

[2013/04/07 15:52:59][http://trungtamtoan.com/?portal=mc_web&page=NewDoc&page_no=4]
SELECT * FROM `class`;
--Start time [2013/04/07 15:52:57]
--Run time(s): 2.0561189651489

