[2013/03/03 12:00:10][/?portal=mc_web&page=articleDetail&id=628]
SELECT `id`,`modules`,`title`,`description`,`keyword` FROM `page` WHERE `id`='29' LIMIT 1;
--Start time [2013/03/03 12:00:09]
--Run time(s): 1.2345659732819

[2013/03/03 12:01:22][/?portal=mc_web&page=articleDetail&id=484]
SELECT `id`,`portal_name` FROM `portal` WHERE portal_name='mc_web' AND publish_flg='1' LIMIT 1;
--Start time [2013/03/03 12:01:22]
--Run time(s): 0.68139696121216

[2013/03/03 12:03:10][/?portal=mc_web&page=DocDetail&id=152]
SELECT `hocsinh_id`,`class_id`,`location_id`,`updatetime` FROM `hocsinh` WHERE `status` = 1 ORDER BY updatetime DESC LIMIT 0,5;
--Start time [2013/03/03 12:03:05]
--Run time(s): 4.9924778938293

[2013/03/03 12:03:54][/?portal=mc_web&page=DocDetail&id=156]
SELECT `id`,`page_name`,`layout`,`modules`,`portal_id`,`master_id`,`title`,`description`,`keyword` FROM `page` WHERE page_name='DocDetail' AND portal_id='13' AND publish_flg='1' LIMIT 1;
--Start time [2013/03/03 12:03:53]
--Run time(s): 0.76534199714661

[2013/03/03 12:04:39][/?portal=mc_web&page=DocDetail&id=120]
SELECT * FROM `class`;
--Start time [2013/03/03 12:04:39]
--Run time(s): 0.52247714996338

[2013/03/03 12:05:14][/?portal=mc_web&page=DocDetail&id=122]
SELECT `id`,`portal_name` FROM `portal` WHERE portal_name='mc_web' AND publish_flg='1' LIMIT 1;
--Start time [2013/03/03 12:05:14]
--Run time(s): 0.62926387786865

[2013/03/03 12:05:16][/?portal=mc_web&page=DocDetail&id=122]
SELECT `doc_cate_id`,`updatetime`,`classID`,`type`,`author` FROM `document` WHERE `id`=122 LIMIT 1;
--Start time [2013/03/03 12:05:15]
--Run time(s): 0.54426121711731

[2013/03/03 12:05:37][/?portal=mc_web&page=DocDetail&id=124]
SELECT `hocsinh_id`,`class_id`,`location_id`,`updatetime` FROM `hocsinh` WHERE `status` = 1 ORDER BY updatetime DESC LIMIT 0,5;
--Start time [2013/03/03 12:05:37]
--Run time(s): 0.62828707695007

[2013/03/03 12:07:51][/?portal=mc_web&page=DocDetail&id=135]
SELECT * FROM `document` WHERE `id` = 135 AND `status` = 1  LIMIT 1;
--Start time [2013/03/03 12:07:51]
--Run time(s): 0.69841885566711

[2013/03/03 12:08:04][/?portal=mc_web&page=DocDetail&id=136]
SELECT * FROM `class`;
--Start time [2013/03/03 12:08:02]
--Run time(s): 1.6870670318604

[2013/03/03 12:08:06][/?portal=mc_web&page=DocDetail&id=136]
SELECT * FROM `doccate`;
--Start time [2013/03/03 12:08:04]
--Run time(s): 1.6772270202637

[2013/03/03 12:09:34][/?portal=mc_web&page=DocDetail&id=109]
SELECT `hocsinh_id`,`class_id`,`location_id`,`updatetime` FROM `hocsinh` WHERE `status` = 1 ORDER BY updatetime DESC LIMIT 0,5;
--Start time [2013/03/03 12:09:33]
--Run time(s): 0.54049801826477

[2013/03/03 12:11:13][/?portal=mc_web&page=articleDetail&id=476]
SELECT `hocsinh_id`,`class_id`,`location_id`,`updatetime` FROM `hocsinh` WHERE `status` = 1 ORDER BY updatetime DESC LIMIT 0,5;
--Start time [2013/03/03 12:11:10]
--Run time(s): 2.8453440666199

[2013/03/03 12:11:14][/?portal=mc_web&page=articleDetail&id=476]
SELECT `name` FROM `class` WHERE class_id = 17 LIMIT 1;
--Start time [2013/03/03 12:11:13]
--Run time(s): 0.85779905319214

[2013/03/03 12:11:14][/?portal=mc_web&page=articleDetail&id=476]
SELECT `subject`,`updatetime`,`article_id` FROM `article` WHERE `article_id` != 476 AND `category_id` = 1 AND `updatetime` > TIMESTAMP('2012-09-25 23:03:42') AND `status` = 1 ORDER BY updatetime DESC LIMIT 0,5;
--Start time [2013/03/03 12:11:14]
--Run time(s): 0.74417495727539

[2013/03/03 12:12:55][/?portal=mc_web&page=articleDetail&id=378]
SELECT * FROM `article` WHERE `category_id` = 1 AND `status` = 1 ORDER BY updatetime DESC LIMIT 0,3;
--Start time [2013/03/03 12:12:54]
--Run time(s): 0.79366898536682

[2013/03/03 12:13:09][/?portal=mc_web&page=articleDetail&id=380]
SELECT * FROM `article` WHERE `category_id` = 5 AND `status` = 1 ORDER BY updatetime DESC LIMIT 0,3;
--Start time [2013/03/03 12:13:08]
--Run time(s): 0.6623010635376

[2013/03/03 12:16:41][/?portal=mc_web&page=DocDetail&id=116]
SELECT `hocsinh_id`,`class_id`,`location_id`,`updatetime` FROM `hocsinh` WHERE `status` = 1 ORDER BY updatetime DESC LIMIT 0,5;
--Start time [2013/03/03 12:16:33]
--Run time(s): 7.9876329898834

[2013/03/03 12:16:46][/?portal=mc_web&page=DocDetail&id=117]
SELECT `hocsinh_id`,`class_id`,`location_id`,`updatetime` FROM `hocsinh` WHERE `status` = 1 ORDER BY updatetime DESC LIMIT 0,5;
--Start time [2013/03/03 12:16:43]
--Run time(s): 2.3749759197235

[2013/03/03 12:18:39][/?portal=mc_web&page=articleDetail&id=236]
SELECT * FROM `article` WHERE `category_id` = 1 AND `status` = 1 ORDER BY updatetime DESC LIMIT 0,3;
--Start time [2013/03/03 12:18:36]
--Run time(s): 3.6359288692474

[2013/03/03 12:19:18][/?portal=mc_web&page=articleDetail&id=377]
SELECT * FROM `article` WHERE `category_id` = 1 AND `status` = 1 ORDER BY updatetime DESC LIMIT 0,3;
--Start time [2013/03/03 12:19:18]
--Run time(s): 0.7113778591156

