[2013/02/24 06:18:56][/?portal=mc_web&page=regTeach]
SELECT `sessions_id`,`session`,`day` FROM `sessions` ORDER BY sessions_id ASC;
--Start time [2013/02/24 06:18:53]
--Run time(s): 2.379478931427

[2013/02/24 06:19:08][/?portal=mc_web&page=regTeach]
SELECT * FROM `article` WHERE `category_id` = 1 AND `status` = 1 ORDER BY updatetime DESC LIMIT 0,3;
--Start time [2013/02/24 06:18:56]
--Run time(s): 12.380523920059

[2013/02/24 06:36:32][/?portal=mc_web&page=DocDetail&id=155]
SELECT `id`,`portal_name` FROM `portal` WHERE portal_name='mc_web' AND publish_flg='1' LIMIT 1;
--Start time [2013/02/24 06:36:31]
--Run time(s): 1.1785230636597

[2013/02/24 06:38:36][/?portal=mc_web&page=articleDetail&id=639]
SELECT * FROM `article` WHERE `status`= 1 AND `article_id`=639 LIMIT 1;
--Start time [2013/02/24 06:38:35]
--Run time(s): 1.4036271572113

[2013/02/24 06:43:28][/?portal=mc_web&page=listClass]
SELECT `id`,`portal_name` FROM `portal` WHERE portal_name='mc_web' AND publish_flg='1' LIMIT 1;
--Start time [2013/02/24 06:43:27]
--Run time(s): 0.89588499069214

[2013/02/24 06:43:29][/?portal=mc_web&page=listClass]
SELECT * FROM `article` WHERE `category_id` = 5 AND `status` = 1 ORDER BY updatetime DESC LIMIT 0,3;
--Start time [2013/02/24 06:43:28]
--Run time(s): 1.0175540447235

[2013/02/24 06:49:28][/?portal=mc_web&page=articleDetail&id=561]
SELECT `id`,`portal_name` FROM `portal` WHERE portal_name='mc_web' AND publish_flg='1' LIMIT 1;
--Start time [2013/02/24 06:49:27]
--Run time(s): 0.85075402259827

[2013/02/24 06:49:29][/?portal=mc_web&page=articleDetail&id=561]
SELECT * FROM `article` WHERE `category_id` = 1 AND `status` = 1 ORDER BY updatetime DESC LIMIT 0,3;
--Start time [2013/02/24 06:49:28]
--Run time(s): 1.051059961319

[2013/02/24 06:49:32][/?portal=mc_web&page=articleDetail&id=561]
SELECT * FROM `article` WHERE `category_id` = 2 AND `status` = 1 ORDER BY updatetime DESC LIMIT 0,3;
--Start time [2013/02/24 06:49:29]
--Run time(s): 2.9391040802002

