[2013/02/24 08:04:13][/?portal=mc_web&page=articleDetail&id=612]
SELECT * FROM `article` WHERE `category_id` = 5 AND `status` = 1 ORDER BY updatetime DESC LIMIT 0,3;
--Start time [2013/02/24 08:04:12]
--Run time(s): 0.91568398475647

[2013/02/24 08:04:14][/?portal=mc_web&page=articleDetail&id=612]
SELECT * FROM `article` WHERE `category_id` = 7 AND `status` = 1 ORDER BY updatetime DESC LIMIT 0,3;
--Start time [2013/02/24 08:04:13]
--Run time(s): 1.0124611854553

[2013/02/24 08:08:06][/?portal=mc_web&page=articleDetail&id=319]
SELECT `id`,`portal_name` FROM `portal` WHERE portal_name='mc_web' AND publish_flg='1' LIMIT 1;
--Start time [2013/02/24 08:08:06]
--Run time(s): 0.53017687797546

[2013/02/24 08:08:07][/?portal=mc_web&page=articleDetail&id=319]
SELECT `hocsinh_id`,`class_id`,`location_id`,`updatetime` FROM `hocsinh` WHERE `status` = 1 ORDER BY updatetime DESC LIMIT 0,5;
--Start time [2013/02/24 08:08:07]
--Run time(s): 0.60055899620056

[2013/02/24 08:56:43][/?portal=mc_web&page=DocDetail&id=103]
SELECT * FROM `document` WHERE `id` = 103 AND `status` = 1  LIMIT 1;
--Start time [2013/02/24 08:56:42]
--Run time(s): 0.64682078361511

