[2013/03/03 17:03:21][/?portal=mc_web&page=articleDetail&id=419]
SELECT * FROM `article` WHERE `category_id` = 1 AND `status` = 1 ORDER BY updatetime DESC LIMIT 0,3;
--Start time [2013/03/03 17:03:20]
--Run time(s): 0.54906797409058

[2013/03/03 17:26:25][/?portal=mc_web&page=DocDetail&id=147]
SELECT `id`,`page_name`,`layout`,`modules`,`portal_id`,`master_id`,`title`,`description`,`keyword` FROM `page` WHERE page_name='DocDetail' AND portal_id='13' AND publish_flg='1' LIMIT 1;
--Start time [2013/03/03 17:26:24]
--Run time(s): 0.87433314323425

[2013/03/03 17:26:26][/?portal=mc_web&page=DocDetail&id=147]
SELECT `id`,`modules`,`title`,`description`,`keyword` FROM `page` WHERE `id`='70' LIMIT 1;
--Start time [2013/03/03 17:26:25]
--Run time(s): 0.81008911132812

[2013/03/03 17:26:27][/?portal=mc_web&page=DocDetail&id=147]
SELECT `hocsinh_id`,`class_id`,`location_id`,`updatetime` FROM `hocsinh` WHERE `status` = 1 ORDER BY updatetime DESC LIMIT 0,5;
--Start time [2013/03/03 17:26:26]
--Run time(s): 1.1400609016418

[2013/03/03 17:26:28][/?portal=mc_web&page=DocDetail&id=147]
SELECT `name` FROM `class` WHERE class_id = 17 LIMIT 1;
--Start time [2013/03/03 17:26:27]
--Run time(s): 0.85060095787048

[2013/03/03 17:26:29][/?portal=mc_web&page=DocDetail&id=147]
SELECT `name` FROM `class` WHERE class_id = 9 LIMIT 1;
--Start time [2013/03/03 17:26:28]
--Run time(s): 0.64434003829956

[2013/03/03 17:26:30][/?portal=mc_web&page=DocDetail&id=147]
SELECT * FROM `document` WHERE `id` = 147 AND `status` = 1  LIMIT 1;
--Start time [2013/03/03 17:26:29]
--Run time(s): 0.68241095542908

