[2013/02/24 14:00:42][/?portal=mc_web&page=articleDetail&id=424]
SELECT `id`,`portal_name` FROM `portal` WHERE portal_name='mc_web' AND publish_flg='1' LIMIT 1;
--Start time [2013/02/24 14:00:39]
--Run time(s): 3.5269720554352

[2013/02/24 14:00:45][/?portal=mc_web&page=articleDetail&id=424]
SELECT `id`,`page_name`,`layout`,`modules`,`portal_id`,`master_id`,`title`,`description`,`keyword` FROM `page` WHERE page_name='articleDetail' AND portal_id='13' AND publish_flg='1' LIMIT 1;
--Start time [2013/02/24 14:00:42]
--Run time(s): 2.7101769447327

[2013/02/24 14:00:48][/?portal=mc_web&page=articleDetail&id=424]
SELECT * FROM `article` WHERE `status`= 1 AND `article_id`=424 LIMIT 1;
--Start time [2013/02/24 14:00:46]
--Run time(s): 2.6827609539032

[2013/02/24 14:01:02][/?portal=mc_web&page=articleDetail&id=456]
SELECT `id`,`portal_name` FROM `portal` WHERE portal_name='mc_web' AND publish_flg='1' LIMIT 1;
--Start time [2013/02/24 14:01:00]
--Run time(s): 1.9640710353851

[2013/02/24 14:01:03][/?portal=mc_web&page=articleDetail&id=456]
SELECT `id`,`page_name`,`layout`,`modules`,`portal_id`,`master_id`,`title`,`description`,`keyword` FROM `page` WHERE page_name='articleDetail' AND portal_id='13' AND publish_flg='1' LIMIT 1;
--Start time [2013/02/24 14:01:02]
--Run time(s): 0.84054493904114

[2013/02/24 14:01:08][/?portal=mc_web&page=articleDetail&id=456]
SELECT `id`,`modules`,`title`,`description`,`keyword` FROM `page` WHERE `id`='29' LIMIT 1;
--Start time [2013/02/24 14:01:03]
--Run time(s): 5.0382349491119

[2013/02/24 14:04:07][/?portal=mc_web&page=DocDetail&id=102]
SELECT `hocsinh_id`,`class_id`,`location_id`,`updatetime` FROM `hocsinh` WHERE `status` = 1 ORDER BY updatetime DESC LIMIT 0,5;
--Start time [2013/02/24 14:04:03]
--Run time(s): 4.6089570522308

[2013/02/24 14:04:09][/?portal=mc_web&page=DocDetail&id=102]
SELECT `name` FROM `class` WHERE class_id = 17 LIMIT 1;
--Start time [2013/02/24 14:04:07]
--Run time(s): 1.8387961387634

