[2013/02/23 11:12:47][/?portal=mc_web&page=DocOfClass&classID=13&cateID=3]
SELECT `id`,`portal_name` FROM `portal` WHERE portal_name='mc_web' AND publish_flg='1' LIMIT 1;
--Start time [2013/02/23 11:12:46]
--Run time(s): 0.78677892684937

[2013/02/23 11:12:50][/?portal=mc_web&page=DocOfClass&classID=13&cateID=3]
SELECT `id`,`modules`,`title`,`description`,`keyword` FROM `page` WHERE `id`='70' LIMIT 1;
--Start time [2013/02/23 11:12:47]
--Run time(s): 2.8764069080353

[2013/02/23 11:12:51][/?portal=mc_web&page=DocOfClass&classID=13&cateID=3]
SELECT `name` FROM `class` WHERE class_id = 17 LIMIT 1;
--Start time [2013/02/23 11:12:50]
--Run time(s): 0.90710711479187

[2013/02/23 11:12:52][/?portal=mc_web&page=DocOfClass&classID=13&cateID=3]
SELECT `name` FROM `location` WHERE `location_id` =78 LIMIT 1;
--Start time [2013/02/23 11:12:51]
--Run time(s): 1.1435549259186

[2013/02/23 11:12:53][/?portal=mc_web&page=DocOfClass&classID=13&cateID=3]
SELECT `name` FROM `class` WHERE class_id = 9 LIMIT 1;
--Start time [2013/02/23 11:12:52]
--Run time(s): 0.59493613243103

[2013/02/23 11:12:54][/?portal=mc_web&page=DocOfClass&classID=13&cateID=3]
SELECT `name` FROM `location` WHERE `location_id` =2 LIMIT 1;
--Start time [2013/02/23 11:12:53]
--Run time(s): 0.71586799621582

[2013/02/23 11:12:55][/?portal=mc_web&page=DocOfClass&classID=13&cateID=3]
SELECT COUNT(`id`) AS rows FROM `document` WHERE `doc_cate_id` = '3' AND `classID` = '13' AND `status` = 1 ;
--Start time [2013/02/23 11:12:54]
--Run time(s): 1.0851719379425

[2013/02/23 11:12:56][/?portal=mc_web&page=DocOfClass&classID=13&cateID=3]
SELECT * FROM `document` WHERE `doc_cate_id` = '3' AND `classID` = '13' AND `status` = 1  ORDER BY updatetime DESC LIMIT 0,20;
--Start time [2013/02/23 11:12:55]
--Run time(s): 1.3639988899231

