[2013/02/03 07:05:14][/?portal=mc_web&page=DocDetail&id=157]
SELECT * FROM `document` WHERE `id` = 157 AND `status` = 1  LIMIT 1;
--Start time [2013/02/03 07:05:13]
--Run time(s): 1.279510974884

[2013/02/03 07:16:15][/?portal=mc_web&page=DocDetail&id=152]
SELECT * FROM `document` WHERE `id` = 152 AND `status` = 1  LIMIT 1;
--Start time [2013/02/03 07:16:14]
--Run time(s): 0.87949204444885

[2013/02/03 07:16:16][/?portal=mc_web&page=DocDetail&id=152]
SELECT `classID`,`doc_cate_id` FROM `document` WHERE `id` = 152 AND `status` = 1  LIMIT 1;
--Start time [2013/02/03 07:16:15]
--Run time(s): 0.60597681999207

[2013/02/03 07:16:30][/?portal=mc_web&page=DocDetail&id=155]
SELECT * FROM `document` WHERE `id` = 155 AND `status` = 1  LIMIT 1;
--Start time [2013/02/03 07:16:27]
--Run time(s): 2.4812841415405

[2013/02/03 07:17:14][/?portal=mc_web&page=DocDetail&id=122]
SELECT * FROM `document` WHERE `id` = 122 AND `status` = 1  LIMIT 1;
--Start time [2013/02/03 07:17:14]
--Run time(s): 0.7578809261322

[2013/02/03 07:17:16][/?portal=mc_web&page=DocDetail&id=122]
SELECT `doc_cate_id`,`updatetime`,`classID`,`type`,`author` FROM `document` WHERE `id`=122 LIMIT 1;
--Start time [2013/02/03 07:17:14]
--Run time(s): 1.1809589862823

[2013/02/03 07:17:16][/?portal=mc_web&page=DocDetail&id=122]
SELECT `name`,`updatetime`,`id` FROM `document` WHERE `id` != 122 AND `doc_cate_id` = 4 AND `classID` = 17 AND `updatetime` > TIMESTAMP('2012-09-22 17:06:38') AND `status` = 1 ORDER BY updatetime DESC LIMIT 0,5;
--Start time [2013/02/03 07:17:16]
--Run time(s): 0.50335502624512

[2013/02/03 07:17:53][/?portal=mc_web&page=DocDetail&id=117]
SELECT `hocsinh_id`,`class_id`,`location_id`,`updatetime` FROM `hocsinh` WHERE `status` = 1 ORDER BY updatetime DESC LIMIT 0,5;
--Start time [2013/02/03 07:17:51]
--Run time(s): 2.1143510341644

[2013/02/03 07:28:46][/?portal=mc_web&page=articleDetail&id=620]
SELECT `hocsinh_id`,`class_id`,`location_id`,`updatetime` FROM `hocsinh` WHERE `status` = 1 ORDER BY updatetime DESC LIMIT 0,5;
--Start time [2013/02/03 07:28:46]
--Run time(s): 0.52394199371338

[2013/02/03 07:28:48][/?portal=mc_web&page=articleDetail&id=621]
SELECT * FROM `article` WHERE `status`= 1 AND `article_id`=621 LIMIT 1;
--Start time [2013/02/03 07:28:47]
--Run time(s): 1.2471108436584

[2013/02/03 07:28:48][/?portal=mc_web&page=DocDetail&id=114]
SELECT `id`,`page_name`,`layout`,`modules`,`portal_id`,`master_id`,`title`,`description`,`keyword` FROM `page` WHERE page_name='DocDetail' AND portal_id='13' AND publish_flg='1' LIMIT 1;
--Start time [2013/02/03 07:28:48]
--Run time(s): 0.61214900016785

