[2013/02/27 08:35:59][/?portal=mc_web&page=Download&name=20120922/admin_1348309273.pdf]
SELECT `id`,`portal_name` FROM `portal` WHERE portal_name='mc_web' AND publish_flg='1' LIMIT 1;
--Start time [2013/02/27 08:35:55]
--Run time(s): 4.0468280315399

[2013/02/27 08:36:00][/?portal=mc_web&page=Download&name=20120922/admin_1348309273.pdf]
SELECT `id`,`page_name`,`layout`,`modules`,`portal_id`,`master_id`,`title`,`description`,`keyword` FROM `page` WHERE page_name='Download' AND portal_id='13' AND publish_flg='1' LIMIT 1;
--Start time [2013/02/27 08:35:59]
--Run time(s): 1.0926039218903

[2013/02/27 08:36:02][/?portal=mc_web&page=Download&name=20120922/admin_1348309273.pdf]
SELECT `hocsinh_id`,`class_id`,`location_id`,`updatetime` FROM `hocsinh` WHERE `status` = 1 ORDER BY updatetime DESC LIMIT 0,5;
--Start time [2013/02/27 08:36:01]
--Run time(s): 0.7315948009491

[2013/02/27 08:42:17][/?portal=mc_web&page=articleDetail&id=638]
SELECT `hocsinh_id`,`class_id`,`location_id`,`updatetime` FROM `hocsinh` WHERE `status` = 1 ORDER BY updatetime DESC LIMIT 0,5;
--Start time [2013/02/27 08:42:16]
--Run time(s): 1.0968589782715

[2013/02/27 08:42:18][/?portal=mc_web&page=articleDetail&id=638]
SELECT `subject`,`updatetime`,`article_id` FROM `article` WHERE `article_id` != 638 AND `category_id` = 1 AND `updatetime` > TIMESTAMP('2013-01-13 11:39:13') AND `status` = 1 ORDER BY updatetime DESC LIMIT 0,5;
--Start time [2013/02/27 08:42:17]
--Run time(s): 0.85504984855652

