[2013/02/24 20:20:10][/?portal=mc_web&page=DocDetail&id=131]
SELECT `id`,`portal_name` FROM `portal` WHERE portal_name='mc_web' AND publish_flg='1' LIMIT 1;
--Start time [2013/02/24 20:20:06]
--Run time(s): 4.2186989784241

[2013/02/24 20:36:37][/?portal=mc_web&page=DocDetail&id=112]
SELECT `id`,`portal_name` FROM `portal` WHERE portal_name='mc_web' AND publish_flg='1' LIMIT 1;
--Start time [2013/02/24 20:36:31]
--Run time(s): 5.8443310260773

[2013/02/24 20:39:45][/?portal=mc_web&page=Download&name=20120922/admin_1348309352.pdf]
SELECT `id`,`portal_name` FROM `portal` WHERE portal_name='mc_web' AND publish_flg='1' LIMIT 1;
--Start time [2013/02/24 20:39:44]
--Run time(s): 0.86245799064636

[2013/02/24 20:39:46][/?portal=mc_web&page=Download&name=20120922/admin_1348309352.pdf]
SELECT `id`,`modules`,`title`,`description`,`keyword` FROM `page` WHERE `id`='29' LIMIT 1;
--Start time [2013/02/24 20:39:45]
--Run time(s): 0.66848993301392

[2013/02/24 20:39:51][/?portal=mc_web&page=Download&name=20120922/admin_1348309352.pdf]
SELECT `hocsinh_id`,`class_id`,`location_id`,`updatetime` FROM `hocsinh` WHERE `status` = 1 ORDER BY updatetime DESC LIMIT 0,5;
--Start time [2013/02/24 20:39:46]
--Run time(s): 4.9097230434418

[2013/02/24 20:39:51][/?portal=mc_web&page=Download&name=20120922/admin_1348309352.pdf]
SELECT `name` FROM `class` WHERE class_id = 17 LIMIT 1;
--Start time [2013/02/24 20:39:51]
--Run time(s): 0.58992409706116

[2013/02/24 20:39:52][/?portal=mc_web&page=DocDetail&id=104]
SELECT `id`,`modules`,`title`,`description`,`keyword` FROM `page` WHERE `id`='70' LIMIT 1;
--Start time [2013/02/24 20:39:51]
--Run time(s): 1.1164078712463

[2013/02/24 20:39:52][/?portal=mc_web&page=Download&name=20120922/admin_1348309352.pdf]
SELECT `name` FROM `location` WHERE `location_id` =78 LIMIT 1;
--Start time [2013/02/24 20:39:51]
--Run time(s): 0.53512215614319

[2013/02/24 20:39:53][/?portal=mc_web&page=Download&name=20120922/admin_1348309352.pdf]
SELECT `name` FROM `location` WHERE `location_id` =2 LIMIT 1;
--Start time [2013/02/24 20:39:52]
--Run time(s): 0.95729494094849

[2013/02/24 20:39:53][/?portal=mc_web&page=DocDetail&id=104]
SELECT `name` FROM `location` WHERE `location_id` =2 LIMIT 1;
--Start time [2013/02/24 20:39:52]
--Run time(s): 0.81049013137817

[2013/02/24 20:39:55][/?portal=mc_web&page=DocDetail&id=104]
SELECT `name`,`updatetime`,`id` FROM `document` WHERE `id` != 104 AND `doc_cate_id` = 4 AND `classID` = 17 AND `updatetime` < TIMESTAMP('2012-09-22 16:44:55') AND `status` = 1 ORDER BY updatetime DESC LIMIT 0,5;
--Start time [2013/02/24 20:39:54]
--Run time(s): 0.52073216438293

[2013/02/24 20:39:56][/?portal=mc_web&page=DocDetail&id=104]
SELECT * FROM `class`;
--Start time [2013/02/24 20:39:55]
--Run time(s): 0.77830600738525

[2013/02/24 20:39:57][/?portal=mc_web&page=DocDetail&id=104]
SELECT * FROM `doccate`;
--Start time [2013/02/24 20:39:56]
--Run time(s): 0.87819194793701

[2013/02/24 20:39:57][/?portal=mc_web&page=DocDetail&id=104]
SELECT `classID`,`doc_cate_id` FROM `document` WHERE `id` = 104 AND `status` = 1  LIMIT 1;
--Start time [2013/02/24 20:39:57]
--Run time(s): 0.69622802734375

[2013/02/24 20:40:06][/?portal=mc_web&page=DocDetail&id=128]
SELECT `id`,`portal_name` FROM `portal` WHERE portal_name='mc_web' AND publish_flg='1' LIMIT 1;
--Start time [2013/02/24 20:40:04]
--Run time(s): 1.9215848445892

[2013/02/24 20:40:13][/?portal=mc_web&page=DocDetail&id=128]
SELECT `id`,`modules`,`title`,`description`,`keyword` FROM `page` WHERE `id`='70' LIMIT 1;
--Start time [2013/02/24 20:40:06]
--Run time(s): 7.3760440349579

[2013/02/24 20:40:15][/?portal=mc_web&page=DocDetail&id=128]
SELECT `name` FROM `location` WHERE `location_id` =78 LIMIT 1;
--Start time [2013/02/24 20:40:14]
--Run time(s): 0.55754995346069

[2013/02/24 20:40:16][/?portal=mc_web&page=DocDetail&id=128]
SELECT `name` FROM `location` WHERE `location_id` =2 LIMIT 1;
--Start time [2013/02/24 20:40:15]
--Run time(s): 1.0138561725616

[2013/02/24 20:40:18][/?portal=mc_web&page=DocDetail&id=128]
SELECT * FROM `document` WHERE `id` = 128 AND `status` = 1  LIMIT 1;
--Start time [2013/02/24 20:40:16]
--Run time(s): 2.2525949478149

[2013/02/24 20:40:20][/?portal=mc_web&page=DocDetail&id=128]
SELECT * FROM `doccate`;
--Start time [2013/02/24 20:40:19]
--Run time(s): 0.74325299263

