[2012/12/09 15:38:21][/?portal=mc_web&page=ClassDetail&id=50]
SELECT * FROM `article` WHERE `category_id` = 5 AND `status` = 1 ORDER BY updatetime DESC LIMIT 0,3;
--Start time [2012/12/09 15:38:18]
--Run time(s): 3.1812779903412

[2012/12/09 15:51:44][/?portal=mc_web&page=ClassDetail&id=52]
SELECT `id`,`portal_name` FROM `portal` WHERE portal_name='mc_web' AND publish_flg='1' LIMIT 1;
--Start time [2012/12/09 15:51:43]
--Run time(s): 0.82048988342285

[2012/12/09 15:51:44][/?portal=mc_web&page=ClassDetail&id=52]
SELECT `id`,`page_name`,`layout`,`modules`,`portal_id`,`master_id`,`title`,`description`,`keyword` FROM `page` WHERE page_name='ClassDetail' AND portal_id='13' AND publish_flg='1' LIMIT 1;
--Start time [2012/12/09 15:51:44]
--Run time(s): 0.57069706916809

[2012/12/09 15:51:45][/?portal=mc_web&page=ClassDetail&id=52]
SELECT `hocsinh_id`,`class_id`,`location_id`,`updatetime` FROM `hocsinh` WHERE `status` = 1 ORDER BY updatetime DESC LIMIT 0,5;
--Start time [2012/12/09 15:51:45]
--Run time(s): 0.61074495315552

[2012/12/09 15:51:46][/?portal=mc_web&page=ClassDetail&id=52]
SELECT `name` FROM `class` WHERE class_id = 17 LIMIT 1;
--Start time [2012/12/09 15:51:45]
--Run time(s): 0.5943489074707

[2012/12/09 15:51:47][/?portal=mc_web&page=ClassDetail&id=52]
SELECT `name` FROM `location` WHERE `location_id` =78 LIMIT 1;
--Start time [2012/12/09 15:51:46]
--Run time(s): 0.7691969871521

[2012/12/09 15:51:49][/?portal=mc_web&page=ClassDetail&id=52]
SELECT * FROM `article` WHERE `category_id` = 5 AND `status` = 1 ORDER BY updatetime DESC LIMIT 0,3;
--Start time [2012/12/09 15:51:48]
--Run time(s): 0.85220503807068

[2012/12/09 15:51:51][/?portal=mc_web&page=ClassDetail&id=52]
SELECT * FROM `article` WHERE `category_id` = 7 AND `status` = 1 ORDER BY updatetime DESC LIMIT 0,3;
--Start time [2012/12/09 15:51:49]
--Run time(s): 1.3394351005554

