[2013/01/30 14:18:26][/?id=313&page=articledetail&portal=mc_web]
SELECT * FROM `article` WHERE `category_id` = 1 AND `status` = 1 ORDER BY updatetime DESC LIMIT 0,3;
--Start time [2013/01/30 14:18:24]
--Run time(s): 2.0266389846802

[2013/01/30 14:18:26][/?id=50&page=classdetail&portal=mc_web]
SELECT * FROM `article` WHERE `category_id` = 1 AND `status` = 1 ORDER BY updatetime DESC LIMIT 0,3;
--Start time [2013/01/30 14:18:24]
--Run time(s): 2.0027921199799

[2013/01/30 14:18:26][/?id=308&page=articledetail&portal=mc_web]
SELECT * FROM `article` WHERE `status`= 1 AND `article_id`=308 LIMIT 1;
--Start time [2013/01/30 14:18:26]
--Run time(s): 0.63180994987488

[2013/01/30 14:18:27][/?id=308&page=articledetail&portal=mc_web]
SELECT `category_id`,`updatetime` FROM `article` WHERE `article_id`=308 LIMIT 1;
--Start time [2013/01/30 14:18:26]
--Run time(s): 0.63457703590393

[2013/01/30 14:18:27][/?id=313&page=articledetail&portal=mc_web]
SELECT * FROM `article` WHERE `category_id` = 2 AND `status` = 1 ORDER BY updatetime DESC LIMIT 0,3;
--Start time [2013/01/30 14:18:26]
--Run time(s): 0.64861392974854

[2013/01/30 14:18:27][/?id=50&page=classdetail&portal=mc_web]
SELECT * FROM `article` WHERE `category_id` = 2 AND `status` = 1 ORDER BY updatetime DESC LIMIT 0,3;
--Start time [2013/01/30 14:18:26]
--Run time(s): 0.64466786384583

[2013/01/30 14:23:30][/?id=329&page=articledetail&portal=mc_web]
SELECT `id`,`portal_name` FROM `portal` WHERE portal_name='mc_web' AND publish_flg='1' LIMIT 1;
--Start time [2013/01/30 14:23:28]
--Run time(s): 1.9648878574371

[2013/01/30 14:23:31][/?id=329&page=articledetail&portal=mc_web]
SELECT `id`,`page_name`,`layout`,`modules`,`portal_id`,`master_id`,`title`,`description`,`keyword` FROM `page` WHERE page_name='articledetail' AND portal_id='13' AND publish_flg='1' LIMIT 1;
--Start time [2013/01/30 14:23:30]
--Run time(s): 0.93482613563538

[2013/01/30 14:23:32][/?id=329&page=articledetail&portal=mc_web]
SELECT `hocsinh_id`,`class_id`,`location_id`,`updatetime` FROM `hocsinh` WHERE `status` = 1 ORDER BY updatetime DESC LIMIT 0,5;
--Start time [2013/01/30 14:23:32]
--Run time(s): 0.67136788368225

[2013/01/30 14:23:36][/?id=329&page=articledetail&portal=mc_web]
SELECT `name` FROM `location` WHERE `location_id` =2 LIMIT 1;
--Start time [2013/01/30 14:23:33]
--Run time(s): 3.3477499485016

[2013/01/30 14:23:38][/?id=329&page=articledetail&portal=mc_web]
SELECT `category_id`,`updatetime` FROM `article` WHERE `article_id`=329 LIMIT 1;
--Start time [2013/01/30 14:23:37]
--Run time(s): 0.83376502990723

[2013/01/30 14:23:39][/?id=329&page=articledetail&portal=mc_web]
SELECT * FROM `article` WHERE `category_id` = 5 AND `status` = 1 ORDER BY updatetime DESC LIMIT 0,3;
--Start time [2013/01/30 14:23:38]
--Run time(s): 1.2242741584778

[2013/01/30 14:23:41][/?id=329&page=articledetail&portal=mc_web]
SELECT * FROM `article` WHERE `category_id` = 2 AND `status` = 1 ORDER BY updatetime DESC LIMIT 0,3;
--Start time [2013/01/30 14:23:40]
--Run time(s): 1.1441919803619

