[2013/01/19 13:07:39][/]
SELECT `id`,`page_name`,`layout`,`modules`,`portal_id`,`master_id`,`title`,`description`,`keyword` FROM `page` WHERE page_name='index' AND portal_id='13' AND publish_flg='1' LIMIT 1;
--Start time [2013/01/19 13:07:38]
--Run time(s): 1.2185580730438

[2013/01/19 13:07:39][/]
SELECT * FROM `article` WHERE `category_id` = 3 AND `status` = 1 ORDER BY updatetime DESC LIMIT 0,5;
--Start time [2013/01/19 13:07:39]
--Run time(s): 0.55661106109619

[2013/01/19 13:31:13][/?portal=mc_web&page=articleDetail&id=366]
SELECT `hocsinh_id`,`class_id`,`location_id`,`updatetime` FROM `hocsinh` WHERE `status` = 1 ORDER BY updatetime DESC LIMIT 0,5;
--Start time [2013/01/19 13:31:12]
--Run time(s): 0.59545207023621

[2013/01/19 13:31:14][/?portal=mc_web&page=articleDetail&id=366]
SELECT * FROM `article` WHERE `category_id` = 5 AND `status` = 1 ORDER BY updatetime DESC LIMIT 0,3;
--Start time [2013/01/19 13:31:13]
--Run time(s): 0.73747801780701

[2013/01/19 13:41:39][/?portal=mc_web&page=articleDetail&id=582]
SELECT `hocsinh_id`,`class_id`,`location_id`,`updatetime` FROM `hocsinh` WHERE `status` = 1 ORDER BY updatetime DESC LIMIT 0,5;
--Start time [2013/01/19 13:41:38]
--Run time(s): 0.95778918266296

