[2013/02/24 15:03:46][/?portal=mc_web&page=DocDetail&id=123]
SELECT `id`,`portal_name` FROM `portal` WHERE portal_name='mc_web' AND publish_flg='1' LIMIT 1;
--Start time [2013/02/24 15:03:45]
--Run time(s): 0.61240482330322

[2013/02/24 15:03:47][/?portal=mc_web&page=DocDetail&id=123]
SELECT `hocsinh_id`,`class_id`,`location_id`,`updatetime` FROM `hocsinh` WHERE `status` = 1 ORDER BY updatetime DESC LIMIT 0,5;
--Start time [2013/02/24 15:03:46]
--Run time(s): 0.77491617202759

[2013/02/24 15:39:33][/?portal=mc_web&page=DocOfClass&classID=17&cateID=4&page_no=4%20]
SELECT `id`,`portal_name` FROM `portal` WHERE portal_name='mc_web' AND publish_flg='1' LIMIT 1;
--Start time [2013/02/24 15:39:31]
--Run time(s): 2.5803399085999

[2013/02/24 15:39:34][/?portal=mc_web&page=DocOfClass&classID=17&cateID=4&page_no=4%20]
SELECT `id`,`modules`,`title`,`description`,`keyword` FROM `page` WHERE `id`='70' LIMIT 1;
--Start time [2013/02/24 15:39:33]
--Run time(s): 1.0221838951111

[2013/02/24 15:39:39][/?portal=mc_web&page=DocOfClass&classID=17&cateID=4&page_no=4%20]
SELECT `hocsinh_id`,`class_id`,`location_id`,`updatetime` FROM `hocsinh` WHERE `status` = 1 ORDER BY updatetime DESC LIMIT 0,5;
--Start time [2013/02/24 15:39:35]
--Run time(s): 4.641576051712

[2013/02/24 15:39:42][/?portal=mc_web&page=DocOfClass&classID=17&cateID=4&page_no=4%20]
SELECT `name` FROM `class` WHERE class_id = 17 LIMIT 1;
--Start time [2013/02/24 15:39:39]
--Run time(s): 2.2106239795685

