[2013/03/11 16:35:11][/?portal=mc_web&page=DocDetail&id=101]
SELECT * FROM `document` WHERE `id` = 101 AND `status` = 1  LIMIT 1;
--Start time [2013/03/11 16:35:09]
--Run time(s): 1.5780658721924

[2013/03/11 16:38:32][/?portal=mc_web&page=DocDetail&id=107]
SELECT * FROM `document` WHERE `id` = 107 AND `status` = 1  LIMIT 1;
--Start time [2013/03/11 16:38:30]
--Run time(s): 2.3347311019897

[2013/03/11 16:40:39][/?portal=mc_web&page=DocDetail&id=118]
SELECT `id`,`portal_name` FROM `portal` WHERE portal_name='mc_web' AND publish_flg='1' LIMIT 1;
--Start time [2013/03/11 16:40:38]
--Run time(s): 0.73280906677246

[2013/03/11 16:43:20][/?portal=mc_web&page=DocDetail&id=125]
SELECT `id`,`modules`,`title`,`description`,`keyword` FROM `page` WHERE `id`='70' LIMIT 1;
--Start time [2013/03/11 16:43:19]
--Run time(s): 1.2587938308716

[2013/03/11 16:49:00][/?portal=mc_web&page=DocDetail&id=135]
SELECT `hocsinh_id`,`class_id`,`location_id`,`updatetime` FROM `hocsinh` WHERE `status` = 1 ORDER BY updatetime DESC LIMIT 0,5;
--Start time [2013/03/11 16:47:56]
--Run time(s): 63.243165969849

[2013/03/11 16:49:00][/?portal=mc_web&page=DocDetail&id=136]
SELECT `hocsinh_id`,`class_id`,`location_id`,`updatetime` FROM `hocsinh` WHERE `status` = 1 ORDER BY updatetime DESC LIMIT 0,5;
--Start time [2013/03/11 16:47:56]
--Run time(s): 63.33827495575

[2013/03/11 16:57:56][/?portal=mc_web&page=Download&name=20120922/admin_1348309904.pdf]
SELECT `id`,`page_name`,`layout`,`modules`,`portal_id`,`master_id`,`title`,`description`,`keyword` FROM `page` WHERE page_name='Download' AND portal_id='13' AND publish_flg='1' LIMIT 1;
--Start time [2013/03/11 16:57:56]
--Run time(s): 0.66873621940613

[2013/03/11 16:57:57][/?portal=mc_web&page=Download&name=20120922/admin_1348309904.pdf]
SELECT `id`,`modules`,`title`,`description`,`keyword` FROM `page` WHERE `id`='29' LIMIT 1;
--Start time [2013/03/11 16:57:56]
--Run time(s): 0.50917506217957

