[2013/02/07 09:19:59][/?id=64&page=DocDetail&portal=mc_web]
SELECT `id`,`page_name`,`layout`,`modules`,`portal_id`,`master_id`,`title`,`description`,`keyword` FROM `page` WHERE page_name='DocDetail' AND portal_id='13' AND publish_flg='1' LIMIT 1;
--Start time [2013/02/07 09:19:57]
--Run time(s): 2.4163081645966

[2013/02/07 09:19:59][/?id=594&page=articleDetail&portal=mc_web]
SELECT `hocsinh_id`,`class_id`,`location_id`,`updatetime` FROM `hocsinh` WHERE `status` = 1 ORDER BY updatetime DESC LIMIT 0,5;
--Start time [2013/02/07 09:19:57]
--Run time(s): 2.4241559505463

[2013/02/07 09:20:01][/?id=64&page=DocDetail&portal=mc_web]
SELECT * FROM `document` WHERE `id` = 64 AND `status` = 1  LIMIT 1;
--Start time [2013/02/07 09:19:59]
--Run time(s): 1.2499139308929

[2013/02/07 09:20:01][/?id=594&page=articleDetail&portal=mc_web]
SELECT * FROM `article` WHERE `category_id` = 1 AND `status` = 1 ORDER BY updatetime DESC LIMIT 0,3;
--Start time [2013/02/07 09:19:59]
--Run time(s): 1.2324650287628

[2013/02/07 09:21:44][/?id=106&page=DocDetail&portal=mc_web]
SELECT `doc_cate_id`,`updatetime`,`classID`,`type`,`author` FROM `document` WHERE `id`=106 LIMIT 1;
--Start time [2013/02/07 09:21:42]
--Run time(s): 1.6915211677551

[2013/02/07 09:24:16][/?id=133&page=DocDetail&portal=mc_web]
SELECT `hocsinh_id`,`class_id`,`location_id`,`updatetime` FROM `hocsinh` WHERE `status` = 1 ORDER BY updatetime DESC LIMIT 0,5;
--Start time [2013/02/07 09:24:12]
--Run time(s): 4.2633850574493

[2013/02/07 09:24:16][/?name=20120922/admin_1348309904.pdf&page=Download&portal=mc_web]
SELECT `id`,`page_name`,`layout`,`modules`,`portal_id`,`master_id`,`title`,`description`,`keyword` FROM `page` WHERE page_name='Download' AND portal_id='13' AND publish_flg='1' LIMIT 1;
--Start time [2013/02/07 09:24:14]
--Run time(s): 1.9710538387299

[2013/02/07 09:34:50][/?name=20120922/admin_1348309469.pdf&page=Download&portal=mc_web]
SELECT `hocsinh_id`,`class_id`,`location_id`,`updatetime` FROM `hocsinh` WHERE `status` = 1 ORDER BY updatetime DESC LIMIT 0,5;
--Start time [2013/02/07 09:34:47]
--Run time(s): 3.2550210952759

[2013/02/07 09:34:50][/?id=132&page=DocDetail&portal=mc_web]
SELECT `hocsinh_id`,`class_id`,`location_id`,`updatetime` FROM `hocsinh` WHERE `status` = 1 ORDER BY updatetime DESC LIMIT 0,5;
--Start time [2013/02/07 09:34:47]
--Run time(s): 3.2976698875427

[2013/02/07 09:34:53][/?id=131&page=DocDetail&portal=mc_web]
SELECT `hocsinh_id`,`class_id`,`location_id`,`updatetime` FROM `hocsinh` WHERE `status` = 1 ORDER BY updatetime DESC LIMIT 0,5;
--Start time [2013/02/07 09:34:50]
--Run time(s): 3.4893450737

[2013/02/07 09:34:53][/?id=314&page=articleDetail&portal=mc_web]
SELECT `hocsinh_id`,`class_id`,`location_id`,`updatetime` FROM `hocsinh` WHERE `status` = 1 ORDER BY updatetime DESC LIMIT 0,5;
--Start time [2013/02/07 09:34:47]
--Run time(s): 6.2697749137878

[2013/02/07 09:34:53][/?id=132&page=DocDetail&portal=mc_web]
SELECT `name` FROM `class` WHERE class_id = 17 LIMIT 1;
--Start time [2013/02/07 09:34:50]
--Run time(s): 2.9663600921631

 time(s): 2.9698841571808

[2013/02/07 09:34:53][/?name=20120922/admin_1348310289.pdf&page=Download&portal=mc_web]
SELECT `name` FROM `class` WHERE class_id = 17 LIMIT 1;
--Start time [2013/02/07 09:34:51]
--Run time(s): 2.4974400997162

