[2013/02/28 03:09:35][/?portal=mc_web&page=articleDetail&id=649]
SELECT `name` FROM `location` WHERE `location_id` =78 LIMIT 1;
--Start time [2013/02/28 03:09:34]
--Run time(s): 0.53923892974854

[2013/02/28 03:35:43][/?portal=mc_web&page=articleDetail&id=373]
SELECT `hocsinh_id`,`class_id`,`location_id`,`updatetime` FROM `hocsinh` WHERE `status` = 1 ORDER BY updatetime DESC LIMIT 0,5;
--Start time [2013/02/28 03:35:37]
--Run time(s): 6.1678380966187

[2013/02/28 03:35:44][/?portal=mc_web&page=articleDetail&id=373]
SELECT `name` FROM `class` WHERE class_id = 17 LIMIT 1;
--Start time [2013/02/28 03:35:43]
--Run time(s): 1.0159509181976

[2013/02/28 03:39:32][/?portal=mc_web&page=articleDetail&id=592]
SELECT * FROM `article` WHERE `category_id` = 1 AND `status` = 1 ORDER BY updatetime DESC LIMIT 0,3;
--Start time [2013/02/28 03:39:27]
--Run time(s): 4.8839550018311

[2013/02/28 03:41:29][/?portal=mc_web&page=DocDetail&id=109]
SELECT * FROM `document` WHERE `id` = 109 AND `status` = 1  LIMIT 1;
--Start time [2013/02/28 03:41:27]
--Run time(s): 1.0508608818054

[2013/02/28 03:46:33][/?portal=mc_web&page=DocDetail&id=115]
SELECT * FROM `document` WHERE `id` = 115 AND `status` = 1  LIMIT 1;
--Start time [2013/02/28 03:46:32]
--Run time(s): 0.51370310783386

[2013/02/28 03:47:30][/?portal=mc_web&page=DocDetail&id=105]
SELECT * FROM `document` WHERE `id` = 105 AND `status` = 1  LIMIT 1;
--Start time [2013/02/28 03:47:29]
--Run time(s): 1.3256449699402

[2013/02/28 03:47:37][/?portal=mc_web&page=DocDetail&id=105]
SELECT `doc_cate_id`,`updatetime`,`classID`,`type`,`author` FROM `document` WHERE `id`=105 LIMIT 1;
--Start time [2013/02/28 03:47:30]
--Run time(s): 7.0608801841736

[2013/02/28 03:49:28][/?portal=mc_web&page=DocDetail&id=107]
SELECT `id`,`modules`,`title`,`description`,`keyword` FROM `page` WHERE `id`='70' LIMIT 1;
--Start time [2013/02/28 03:49:27]
--Run time(s): 0.56097602844238

[2013/02/28 03:49:29][/?portal=mc_web&page=DocDetail&id=107]
SELECT `hocsinh_id`,`class_id`,`location_id`,`updatetime` FROM `hocsinh` WHERE `status` = 1 ORDER BY updatetime DESC LIMIT 0,5;
--Start time [2013/02/28 03:49:28]
--Run time(s): 0.86434197425842

[2013/02/28 03:49:33][/?portal=mc_web&page=DocDetail&id=107]
SELECT `name` FROM `class` WHERE class_id = 17 LIMIT 1;
--Start time [2013/02/28 03:49:29]
--Run time(s): 4.1160409450531

[2013/02/28 03:53:31][/?portal=mc_web&page=DocDetail&id=136]
SELECT `name` FROM `class` WHERE class_id = 17 LIMIT 1;
--Start time [2013/02/28 03:53:29]
--Run time(s): 1.846403837204

[2013/02/28 03:53:31][/?portal=mc_web&page=ClassDetail&id=51]
SELECT `name` FROM `class` WHERE class_id = 17 LIMIT 1;
--Start time [2013/02/28 03:53:29]
--Run time(s): 1.8445770740509

[2013/02/28 03:53:35][/?portal=mc_web&page=ClassDetail&id=51]
SELECT `name` FROM `location` WHERE `location_id` =78 LIMIT 1;
--Start time [2013/02/28 03:53:31]
--Run time(s): 4.1001310348511

[2013/02/28 03:53:37][/?portal=mc_web&page=DocDetail&id=136]
SELECT `name` FROM `location` WHERE `location_id` =78 LIMIT 1;
--Start time [2013/02/28 03:53:31]
--Run time(s): 5.667484998703

[2013/02/28 03:53:37][/?portal=mc_web&page=ClassDetail&id=51]
SELECT `name` FROM `class` WHERE class_id = 9 LIMIT 1;
--Start time [2013/02/28 03:53:35]
--Run time(s): 1.9959530830383

