[2012/12/09 23:14:28][/?portal=mc_web&page=DocDetail&id=147]
SELECT `hocsinh_id`,`class_id`,`location_id`,`updatetime` FROM `hocsinh` WHERE `status` = 1 ORDER BY updatetime DESC LIMIT 0,5;
--Start time [2012/12/09 23:14:27]
--Run time(s): 0.8572039604187

[2012/12/09 23:15:01][/?portal=mc_web&page=DocDetail&id=147]
SELECT `name` FROM `class` WHERE class_id = 17 LIMIT 1;
--Start time [2012/12/09 23:14:28]
--Run time(s): 33.008772134781

[2012/12/09 23:15:03][/?portal=mc_web&page=DocDetail&id=147]
SELECT `name` FROM `location` WHERE `location_id` =78 LIMIT 1;
--Start time [2012/12/09 23:15:01]
--Run time(s): 1.684131860733

[2012/12/09 23:15:05][/?portal=mc_web&page=DocDetail&id=147]
SELECT * FROM `document` WHERE `id` = 147 AND `status` = 1  LIMIT 1;
--Start time [2012/12/09 23:15:03]
--Run time(s): 1.6801290512085

[2012/12/09 23:15:06][/?portal=mc_web&page=DocDetail&id=147]
SELECT `name`,`updatetime`,`id` FROM `document` WHERE `id` != 147 AND `doc_cate_id` = 4 AND `classID` = 17 AND `updatetime` > TIMESTAMP('2012-09-22 17:29:09') AND `status` = 1 ORDER BY updatetime DESC LIMIT 0,5;
--Start time [2012/12/09 23:15:05]
--Run time(s): 0.58266282081604

[2012/12/09 23:15:07][/?portal=mc_web&page=DocDetail&id=147]
SELECT * FROM `doccate`;
--Start time [2012/12/09 23:15:06]
--Run time(s): 0.7200288772583

