[2013/02/02 23:17:17][/?portal=mc_web&page=DocDetail&id=81]
SELECT `id`,`modules`,`title`,`description`,`keyword` FROM `page` WHERE `id`='70' LIMIT 1;
--Start time [2013/02/02 23:17:15]
--Run time(s): 2.7777969837189

[2013/02/02 23:17:17][/?portal=mc_web&page=DocOfClass&classID=9&cateID=4]
SELECT `id`,`modules`,`title`,`description`,`keyword` FROM `page` WHERE `id`='70' LIMIT 1;
--Start time [2013/02/02 23:17:15]
--Run time(s): 2.7926361560822

[2013/02/02 23:17:19][/?portal=mc_web&page=DocDetail&id=81]
SELECT `doc_cate_id`,`updatetime`,`classID`,`type`,`author` FROM `document` WHERE `id`=81 LIMIT 1;
--Start time [2013/02/02 23:17:19]
--Run time(s): 0.68464708328247

[2013/02/02 23:17:19][/?portal=mc_web&page=DocOfClass&classID=9&cateID=4]
SELECT COUNT(`id`) AS rows FROM `document` WHERE `doc_cate_id` = '4' AND `classID` = '9' AND `status` = 1 ;
--Start time [2013/02/02 23:17:18]
--Run time(s): 1.126631975174

[2013/02/02 23:17:24][/?portal=mc_web&page=DocOfClass&classID=9&cateID=4]
SELECT * FROM `document` WHERE `doc_cate_id` = '4' AND `classID` = '9' AND `status` = 1  ORDER BY updatetime DESC LIMIT 0,20;
--Start time [2013/02/02 23:17:19]
--Run time(s): 4.9794239997864

[2013/02/02 23:17:24][/?portal=mc_web&page=DocDetail&id=81]
SELECT * FROM `class`;
--Start time [2013/02/02 23:17:19]
--Run time(s): 4.9121308326721

[2013/02/02 23:17:25][/?portal=mc_web&page=DocOfClass&classID=9&cateID=4]
SELECT * FROM `class`;
--Start time [2013/02/02 23:17:24]
--Run time(s): 0.98322200775146

[2013/02/02 23:17:25][/?portal=mc_web&page=DocDetail&id=81]
SELECT * FROM `doccate`;
--Start time [2013/02/02 23:17:24]
--Run time(s): 0.96347904205322

