[2013/03/03 08:36:04][/?portal=mc_web&page=DocDetail&id=79]
SELECT `id`,`portal_name` FROM `portal` WHERE portal_name='mc_web' AND publish_flg='1' LIMIT 1;
--Start time [2013/03/03 08:36:01]
--Run time(s): 3.0214560031891

[2013/03/03 08:36:16][/?portal=mc_web&page=DocDetail&id=79]
SELECT * FROM `document` WHERE `id` = 79 AND `status` = 1  LIMIT 1;
--Start time [2013/03/03 08:36:16]
--Run time(s): 0.9088830947876

[2013/03/03 08:36:29][/]
SELECT `id`,`page_name`,`layout`,`modules`,`portal_id`,`master_id`,`title`,`description`,`keyword` FROM `page` WHERE page_name='index' AND portal_id='13' AND publish_flg='1' LIMIT 1;
--Start time [2013/03/03 08:36:26]
--Run time(s): 2.8831329345703

[2013/03/03 08:38:30][/?portal=mc_web&page=DocOfClass&classID=7&cateID=2]
SELECT COUNT(`id`) AS rows FROM `document` WHERE `doc_cate_id` = '2' AND `classID` = '7' AND `status` = 1 ;
--Start time [2013/03/03 08:38:28]
--Run time(s): 2.5485808849335

[2013/03/03 08:38:31][/?portal=mc_web&page=DocOfClass&classID=7&cateID=2]
SELECT * FROM `doccate`;
--Start time [2013/03/03 08:38:30]
--Run time(s): 0.75196504592896

[2013/03/03 08:39:33][/?portal=mc_web&page=DocOfClass&classID=9&cateID=1]
SELECT COUNT(`id`) AS rows FROM `document` WHERE `doc_cate_id` = '1' AND `classID` = '9' AND `status` = 1 ;
--Start time [2013/03/03 08:39:31]
--Run time(s): 1.9673278331757

[2013/03/03 08:39:56][/?portal=mc_web&page=regLearn]
SELECT `sessions_id`,`session`,`day` FROM `sessions` ORDER BY sessions_id ASC;
--Start time [2013/03/03 08:39:54]
--Run time(s): 1.2132771015167

[2013/03/03 08:40:05][/?portal=mc_web&page=listClass]
SELECT `name` FROM `location` WHERE `location_id` =78 LIMIT 1;
--Start time [2013/03/03 08:40:04]
--Run time(s): 0.9380841255188

[2013/03/03 08:40:15][/?portal=mc_web&page=listTeacherb]
SELECT * FROM `article` WHERE `category_id` = 5 AND `status` = 1 ORDER BY updatetime DESC LIMIT 0,3;
--Start time [2013/03/03 08:40:14]
--Run time(s): 1.2332000732422

[2013/03/03 08:40:19][/?portal=mc_web&page=listTeacherb]
SELECT * FROM `article` WHERE `category_id` = 1 AND `status` = 1 ORDER BY updatetime DESC LIMIT 0,3;
--Start time [2013/03/03 08:40:15]
--Run time(s): 3.6008470058441

[2013/03/03 08:41:12][/?portal=mc_web&page=articleDetail&id=651]
SELECT `id`,`page_name`,`layout`,`modules`,`portal_id`,`master_id`,`title`,`description`,`keyword` FROM `page` WHERE page_name='articleDetail' AND portal_id='13' AND publish_flg='1' LIMIT 1;
--Start time [2013/03/03 08:41:09]
--Run time(s): 2.2994561195374

[2013/03/03 08:41:36][/?portal=mc_web&page=articleDetail&id=649]
SELECT * FROM `article` WHERE `status`= 1 AND `article_id`=649 LIMIT 1;
--Start time [2013/03/03 08:41:33]
--Run time(s): 2.9976329803467

