[2013/02/22 22:10:06][/?name=20120922/admin_1348308915.pdf&page=Download&portal=mc_web]
SELECT `id`,`page_name`,`layout`,`modules`,`portal_id`,`master_id`,`title`,`description`,`keyword` FROM `page` WHERE page_name='Download' AND portal_id='13' AND publish_flg='1' LIMIT 1;
--Start time [2013/02/22 22:10:04]
--Run time(s): 1.8634238243103

[2013/02/22 22:14:58][/?id=585&page=articleDetail&portal=mc_web]
SELECT `hocsinh_id`,`class_id`,`location_id`,`updatetime` FROM `hocsinh` WHERE `status` = 1 ORDER BY updatetime DESC LIMIT 0,5;
--Start time [2013/02/22 22:14:57]
--Run time(s): 1.0110900402069

[2013/02/22 22:31:56][/?id=588&page=articleDetail&portal=mc_web]
SELECT * FROM `article` WHERE `category_id` = 7 AND `status` = 1 ORDER BY updatetime DESC LIMIT 0,3;
--Start time [2013/02/22 22:31:54]
--Run time(s): 1.7042608261108

[2013/02/22 22:31:56][/?id=586&page=articleDetail&portal=mc_web]
SELECT * FROM `article` WHERE `category_id` = 7 AND `status` = 1 ORDER BY updatetime DESC LIMIT 0,3;
--Start time [2013/02/22 22:31:55]
--Run time(s): 1.4527468681335

[2013/02/22 22:31:56][/?id=587&page=articleDetail&portal=mc_web]
SELECT * FROM `article` WHERE `category_id` = 7 AND `status` = 1 ORDER BY updatetime DESC LIMIT 0,3;
--Start time [2013/02/22 22:31:54]
--Run time(s): 1.704498052597

