[2013/02/13 06:00:03][/?portal=mc_web&page=articleDetail&id=618]
SELECT `id`,`portal_name` FROM `portal` WHERE portal_name='mc_web' AND publish_flg='1' LIMIT 1;
--Start time [2013/02/13 06:00:02]
--Run time(s): 1.6628940105438

[2013/02/13 06:00:05][/?portal=mc_web&page=articleDetail&id=618]
SELECT `name` FROM `class` WHERE class_id = 17 LIMIT 1;
--Start time [2013/02/13 06:00:04]
--Run time(s): 1.1277751922607

[2013/02/13 06:22:45][/?cateID=4&classID=17&page=DocOfClass&page_no=2&portal=mc_web]
SELECT `id`,`portal_name` FROM `portal` WHERE portal_name='mc_web' AND publish_flg='1' LIMIT 1;
--Start time [2013/02/13 06:22:43]
--Run time(s): 1.9159491062164

[2013/02/13 06:22:45][/?id=110&page=DocDetail&portal=mc_web]
SELECT `id`,`page_name`,`layout`,`modules`,`portal_id`,`master_id`,`title`,`description`,`keyword` FROM `page` WHERE page_name='DocDetail' AND portal_id='13' AND publish_flg='1' LIMIT 1;
--Start time [2013/02/13 06:22:43]
--Run time(s): 1.9148781299591

[2013/02/13 06:22:46][/?id=111&page=DocDetail&portal=mc_web]
SELECT `id`,`portal_name` FROM `portal` WHERE portal_name='mc_web' AND publish_flg='1' LIMIT 1;
--Start time [2013/02/13 06:22:44]
--Run time(s): 1.4858350753784

[2013/02/13 06:22:46][/?cateID=4&classID=17&page=DocOfClass&page_no=2&portal=mc_web]
SELECT `id`,`page_name`,`layout`,`modules`,`portal_id`,`master_id`,`title`,`description`,`keyword` FROM `page` WHERE page_name='DocOfClass' AND portal_id='13' AND publish_flg='1' LIMIT 1;
--Start time [2013/02/13 06:22:45]
--Run time(s): 0.9108898639679

[2013/02/13 06:22:46][/?id=110&page=DocDetail&portal=mc_web]
SELECT `id`,`modules`,`title`,`description`,`keyword` FROM `page` WHERE `id`='70' LIMIT 1;
--Start time [2013/02/13 06:22:45]
--Run time(s): 0.90842795372009

