[2013/01/25 15:02:01][/?portal=mc_web&page=articleDetail&id=641]
SELECT `id`,`portal_name` FROM `portal` WHERE portal_name='mc_web' AND publish_flg='1' LIMIT 1;
--Start time [2013/01/25 15:01:59]
--Run time(s): 1.3420991897583

[2013/01/25 15:02:02][/?portal=mc_web&page=articleDetail&id=641]
SELECT `hocsinh_id`,`class_id`,`location_id`,`updatetime` FROM `hocsinh` WHERE `status` = 1 ORDER BY updatetime DESC LIMIT 0,5;
--Start time [2013/01/25 15:02:01]
--Run time(s): 0.75437808036804

[2013/01/25 15:02:03][/?portal=mc_web&page=articleDetail&id=641]
SELECT `name` FROM `location` WHERE `location_id` =78 LIMIT 1;
--Start time [2013/01/25 15:02:03]
--Run time(s): 0.56791090965271

[2013/01/25 15:02:06][/?portal=mc_web&page=articleDetail&id=641]
SELECT `name` FROM `class` WHERE class_id = 9 LIMIT 1;
--Start time [2013/01/25 15:02:03]
--Run time(s): 2.4394750595093

[2013/01/25 15:02:06][/?portal=mc_web&page=articleDetail&id=641]
SELECT `name` FROM `location` WHERE `location_id` =2 LIMIT 1;
--Start time [2013/01/25 15:02:06]
--Run time(s): 0.74840497970581

[2013/01/25 15:02:09][/?portal=mc_web&page=articleDetail&id=641]
SELECT * FROM `article` WHERE `category_id` = 1 AND `status` = 1 ORDER BY updatetime DESC LIMIT 0,3;
--Start time [2013/01/25 15:02:08]
--Run time(s): 0.56940197944641

[2013/01/25 15:02:11][/?portal=mc_web&page=articleDetail&id=641]
SELECT * FROM `article` WHERE `category_id` = 2 AND `status` = 1 ORDER BY updatetime DESC LIMIT 0,3;
--Start time [2013/01/25 15:02:09]
--Run time(s): 2.3377871513367

