[2012/12/21 09:02:50][/?portal=mc_web&page=DocOfClass&classID=10&cateID=4]
SELECT `hocsinh_id`,`class_id`,`location_id`,`updatetime` FROM `hocsinh` WHERE `status` = 1 ORDER BY updatetime DESC LIMIT 0,5;
--Start time [2012/12/21 09:02:48]
--Run time(s): 1.723060131073

[2012/12/21 09:03:15][/?portal=mc_web&page=articleDetail&id=492]
SELECT `id`,`page_name`,`layout`,`modules`,`portal_id`,`master_id`,`title`,`description`,`keyword` FROM `page` WHERE page_name='articleDetail' AND portal_id='13' AND publish_flg='1' LIMIT 1;
--Start time [2012/12/21 09:03:12]
--Run time(s): 2.4475281238556

[2012/12/21 09:03:16][/?portal=mc_web&page=articleDetail&id=492]
SELECT `hocsinh_id`,`class_id`,`location_id`,`updatetime` FROM `hocsinh` WHERE `status` = 1 ORDER BY updatetime DESC LIMIT 0,5;
--Start time [2012/12/21 09:03:15]
--Run time(s): 0.86973595619202

[2012/12/21 09:03:17][/?portal=mc_web&page=articleDetail&id=492]
SELECT `name` FROM `class` WHERE class_id = 9 LIMIT 1;
--Start time [2012/12/21 09:03:16]
--Run time(s): 0.89564204216003

[2012/12/21 09:03:19][/?portal=mc_web&page=articleDetail&id=492]
SELECT `name` FROM `location` WHERE `location_id` =2 LIMIT 1;
--Start time [2012/12/21 09:03:17]
--Run time(s): 1.4016652107239

[2012/12/21 09:03:20][/?portal=mc_web&page=articleDetail&id=492]
SELECT * FROM `article` WHERE `status`= 1 AND `article_id`=492 LIMIT 1;
--Start time [2012/12/21 09:03:19]
--Run time(s): 1.1552391052246

