[2013/02/24 12:07:14][/?portal=mc_web&page=ClassDetail&id=51]
SELECT `hocsinh_id`,`class_id`,`location_id`,`updatetime` FROM `hocsinh` WHERE `status` = 1 ORDER BY updatetime DESC LIMIT 0,5;
--Start time [2013/02/24 12:07:13]
--Run time(s): 0.94590783119202

[2013/02/24 12:36:59][/?portal=mc_web&page=DocDetail&id=111]
SELECT `doc_cate_id`,`updatetime`,`classID`,`type`,`author` FROM `document` WHERE `id`=111 LIMIT 1;
--Start time [2013/02/24 12:36:58]
--Run time(s): 0.75590085983276

[2013/02/24 12:36:59][/?portal=mc_web&page=DocDetail&id=111]
SELECT * FROM `class`;
--Start time [2013/02/24 12:36:59]
--Run time(s): 0.68611311912537

[2013/02/24 12:37:00][/?portal=mc_web&page=DocDetail&id=111]
SELECT * FROM `doccate`;
--Start time [2013/02/24 12:36:59]
--Run time(s): 1.0968668460846

[2013/02/24 12:56:55][/?portal=mc_web&page=articleDetail&id=601]
SELECT `id`,`portal_name` FROM `portal` WHERE portal_name='mc_web' AND publish_flg='1' LIMIT 1;
--Start time [2013/02/24 12:56:54]
--Run time(s): 0.9870388507843

[2013/02/24 12:57:31][/?portal=mc_web&page=articleDetail&id=602]
SELECT `id`,`portal_name` FROM `portal` WHERE portal_name='mc_web' AND publish_flg='1' LIMIT 1;
--Start time [2013/02/24 12:57:29]
--Run time(s): 1.4681041240692

[2013/02/24 12:57:31][/?portal=mc_web&page=DocDetail&id=134]
SELECT `id`,`portal_name` FROM `portal` WHERE portal_name='mc_web' AND publish_flg='1' LIMIT 1;
--Start time [2013/02/24 12:57:30]
--Run time(s): 1.0709118843079

[2013/02/24 12:57:35][/?portal=mc_web&page=DocDetail&id=134]
SELECT `name` FROM `location` WHERE `location_id` =78 LIMIT 1;
--Start time [2013/02/24 12:57:33]
--Run time(s): 2.379625082016

[2013/02/24 12:57:35][/?portal=mc_web&page=articleDetail&id=603]
SELECT `id`,`page_name`,`layout`,`modules`,`portal_id`,`master_id`,`title`,`description`,`keyword` FROM `page` WHERE page_name='articleDetail' AND portal_id='13' AND publish_flg='1' LIMIT 1;
--Start time [2013/02/24 12:57:33]
--Run time(s): 2.3723590373993

[2013/02/24 12:57:36][/?portal=mc_web&page=articleDetail&id=603]
SELECT `id`,`modules`,`title`,`description`,`keyword` FROM `page` WHERE `id`='29' LIMIT 1;
--Start time [2013/02/24 12:57:35]
--Run time(s): 0.8878231048584

[2013/02/24 12:57:36][/?portal=mc_web&page=DocDetail&id=134]
SELECT `name` FROM `class` WHERE class_id = 9 LIMIT 1;
--Start time [2013/02/24 12:57:35]
--Run time(s): 0.89251708984375

[2013/02/24 12:57:39][/?portal=mc_web&page=articleDetail&id=603]
SELECT * FROM `article` WHERE `category_id` = 2 AND `status` = 1 ORDER BY updatetime DESC LIMIT 0,3;
--Start time [2013/02/24 12:57:37]
--Run time(s): 1.7162959575653

[2013/02/24 12:57:40][/?portal=mc_web&page=articleDetail&id=603]
SELECT * FROM `article` WHERE `category_id` = 7 AND `status` = 1 ORDER BY updatetime DESC LIMIT 0,3;
--Start time [2013/02/24 12:57:39]
--Run time(s): 0.81745505332947

