[2012/12/08 17:07:42][/?portal=mc_web&page=DocDetail&id=132]
SELECT `id`,`portal_name` FROM `portal` WHERE portal_name='mc_web' AND publish_flg='1' LIMIT 1;
--Start time [2012/12/08 17:07:41]
--Run time(s): 1.2187671661377

[2012/12/08 17:07:43][/?portal=mc_web&page=DocDetail&id=132]
SELECT `id`,`modules`,`title`,`description`,`keyword` FROM `page` WHERE `id`='70' LIMIT 1;
--Start time [2012/12/08 17:07:42]
--Run time(s): 0.66921210289001

[2012/12/08 17:07:51][/?portal=mc_web&page=DocDetail&id=132]
SELECT `name` FROM `location` WHERE `location_id` =78 LIMIT 1;
--Start time [2012/12/08 17:07:43]
--Run time(s): 7.4990739822388

[2012/12/08 17:07:52][/?portal=mc_web&page=DocDetail&id=132]
SELECT `name`,`updatetime`,`id` FROM `document` WHERE `id` != 132 AND `doc_cate_id` = 4 AND `classID` = 17 AND `updatetime` > TIMESTAMP('2012-09-22 17:15:15') AND `status` = 1 ORDER BY updatetime DESC LIMIT 0,5;
--Start time [2012/12/08 17:07:51]
--Run time(s): 0.56571292877197

[2012/12/08 17:07:53][/?portal=mc_web&page=DocDetail&id=132]
SELECT * FROM `class`;
--Start time [2012/12/08 17:07:52]
--Run time(s): 0.6592218875885

[2012/12/08 17:50:53][/?portal=mc_web&page=listClass]
SELECT * FROM `province` WHERE `status` = 1 ORDER BY name DESC;
--Start time [2012/12/08 17:50:52]
--Run time(s): 1.1854588985443

