[2013/02/16 23:19:49][/?id=96&page=DocDetail&portal=mc_web]
SELECT `hocsinh_id`,`class_id`,`location_id`,`updatetime` FROM `hocsinh` WHERE `status` = 1 ORDER BY updatetime DESC LIMIT 0,5;
--Start time [2013/02/16 23:19:48]
--Run time(s): 1.8084208965302

[2013/02/16 23:19:49][/?name=20120922/admin_1348309352.pdf&page=Download&portal=mc_web]
SELECT `hocsinh_id`,`class_id`,`location_id`,`updatetime` FROM `hocsinh` WHERE `status` = 1 ORDER BY updatetime DESC LIMIT 0,5;
--Start time [2013/02/16 23:19:48]
--Run time(s): 1.8105111122131

[2013/02/16 23:19:49][/?id=97&page=DocDetail&portal=mc_web]
SELECT `hocsinh_id`,`class_id`,`location_id`,`updatetime` FROM `hocsinh` WHERE `status` = 1 ORDER BY updatetime DESC LIMIT 0,5;
--Start time [2013/02/16 23:19:48]
--Run time(s): 1.8108060359955

[2013/02/16 23:19:51][/?id=97&page=DocDetail&portal=mc_web]
SELECT * FROM `document` WHERE `id` = 97 AND `status` = 1  LIMIT 1;
--Start time [2013/02/16 23:19:50]
--Run time(s): 1.1599979400635

[2013/02/16 23:19:51][/?id=96&page=DocDetail&portal=mc_web]
SELECT * FROM `document` WHERE `id` = 96 AND `status` = 1  LIMIT 1;
--Start time [2013/02/16 23:19:50]
--Run time(s): 1.1594400405884

[2013/02/16 23:20:05][/?id=95&page=DocDetail&portal=mc_web]
SELECT `hocsinh_id`,`class_id`,`location_id`,`updatetime` FROM `hocsinh` WHERE `status` = 1 ORDER BY updatetime DESC LIMIT 0,5;
--Start time [2013/02/16 23:19:57]
--Run time(s): 7.7227468490601

[2013/02/16 23:20:05][/?id=134&page=DocDetail&portal=mc_web]
SELECT `hocsinh_id`,`class_id`,`location_id`,`updatetime` FROM `hocsinh` WHERE `status` = 1 ORDER BY updatetime DESC LIMIT 0,5;
--Start time [2013/02/16 23:19:57]
--Run time(s): 7.7393929958344

[2013/02/16 23:20:09][/?id=134&page=DocDetail&portal=mc_web]
SELECT * FROM `class`;
--Start time [2013/02/16 23:20:05]
--Run time(s): 4.0111680030823

[2013/02/16 23:20:09][/?id=95&page=DocDetail&portal=mc_web]
SELECT * FROM `class`;
--Start time [2013/02/16 23:20:05]
--Run time(s): 4.0123331546783

[2013/02/16 23:58:53][/?portal=mc_web&page=DocDetail&id=78]
SELECT * FROM `document` WHERE `id` = 78 AND `status` = 1  LIMIT 1;
--Start time [2013/02/16 23:58:40]
--Run time(s): 12.515730142593

[2013/02/16 23:58:53][/?portal=mc_web&page=articleDetail&id=592]
SELECT `id`,`page_name`,`layout`,`modules`,`portal_id`,`master_id`,`title`,`description`,`keyword` FROM `page` WHERE page_name='articleDetail' AND portal_id='13' AND publish_flg='1' LIMIT 1;
--Start time [2013/02/16 23:58:44]
--Run time(s): 9.2383959293365

