[2013/02/08 17:07:44][/?portal=mc_web&page=articleDetail&id=594]
SELECT * FROM `article` WHERE `status`= 1 AND `article_id`=594 LIMIT 1;
--Start time [2013/02/08 17:07:43]
--Run time(s): 1.1341969966888

[2013/02/08 17:07:48][/?portal=mc_web&page=articleDetail&id=594]
SELECT `category_id`,`updatetime` FROM `article` WHERE `article_id`=594 LIMIT 1;
--Start time [2013/02/08 17:07:44]
--Run time(s): 3.8246691226959

[2013/02/08 17:07:49][/?portal=mc_web&page=articleDetail&id=594]
SELECT * FROM `article` WHERE `category_id` = 1 AND `status` = 1 ORDER BY updatetime DESC LIMIT 0,3;
--Start time [2013/02/08 17:07:48]
--Run time(s): 0.88447999954224

[2013/02/08 17:45:00][/?portal=mc_web&page=listTeacher]
SELECT `id`,`modules`,`title`,`description`,`keyword` FROM `page` WHERE `id`='29' LIMIT 1;
--Start time [2013/02/08 17:44:59]
--Run time(s): 0.93816113471985

[2013/02/08 17:59:08][/?portal=mc_web&page=articleDetail&id=611]
SELECT `hocsinh_id`,`class_id`,`location_id`,`updatetime` FROM `hocsinh` WHERE `status` = 1 ORDER BY updatetime DESC LIMIT 0,5;
--Start time [2013/02/08 17:59:07]
--Run time(s): 0.67038083076477

