[2013/02/12 10:00:18][/?portal=mc_web&page=articleDetail&id=491]
SELECT `id`,`page_name`,`layout`,`modules`,`portal_id`,`master_id`,`title`,`description`,`keyword` FROM `page` WHERE page_name='articleDetail' AND portal_id='13' AND publish_flg='1' LIMIT 1;
--Start time [2013/02/12 10:00:17]
--Run time(s): 0.81066703796387

[2013/02/12 10:00:20][/?portal=mc_web&page=articleDetail&id=491]
SELECT * FROM `article` WHERE `category_id` = 1 AND `status` = 1 ORDER BY updatetime DESC LIMIT 0,3;
--Start time [2013/02/12 10:00:19]
--Run time(s): 1.0534100532532

[2013/02/12 10:00:21][/?portal=mc_web&page=articleDetail&id=491]
SELECT * FROM `article` WHERE `category_id` = 2 AND `status` = 1 ORDER BY updatetime DESC LIMIT 0,3;
--Start time [2013/02/12 10:00:20]
--Run time(s): 0.95331716537476

[2013/02/12 10:00:34][/?portal=mc_web&page=articleDetail&id=231]
SELECT `id`,`modules`,`title`,`description`,`keyword` FROM `page` WHERE `id`='29' LIMIT 1;
--Start time [2013/02/12 10:00:30]
--Run time(s): 3.1263599395752

[2013/02/12 10:01:02][/?portal=mc_web&page=articleDetail&id=372]
SELECT `id`,`portal_name` FROM `portal` WHERE portal_name='mc_web' AND publish_flg='1' LIMIT 1;
--Start time [2013/02/12 10:00:59]
--Run time(s): 3.028822183609

[2013/02/12 10:01:02][/?portal=mc_web&page=DocOfClass&classID=1&cateID=2]
SELECT `id`,`portal_name` FROM `portal` WHERE portal_name='mc_web' AND publish_flg='1' LIMIT 1;
--Start time [2013/02/12 10:01:01]
--Run time(s): 0.97647404670715

[2013/02/12 10:01:04][/?portal=mc_web&page=articleDetail&id=372]
SELECT * FROM `article` WHERE `category_id` = 1 AND `status` = 1 ORDER BY updatetime DESC LIMIT 0,3;
--Start time [2013/02/12 10:01:03]
--Run time(s): 1.0507769584656

[2013/02/12 10:03:47][/?portal=mc_web&page=articleDetail&id=500]
SELECT `id`,`page_name`,`layout`,`modules`,`portal_id`,`master_id`,`title`,`description`,`keyword` FROM `page` WHERE page_name='articleDetail' AND portal_id='13' AND publish_flg='1' LIMIT 1;
--Start time [2013/02/12 10:03:46]
--Run time(s): 0.76962113380432

[2013/02/12 10:06:00][/?portal=mc_web&page=articleDetail&id=371]
SELECT * FROM `article` WHERE `status`= 1 AND `article_id`=371 LIMIT 1;
--Start time [2013/02/12 10:05:59]
--Run time(s): 1.2688081264496

[2013/02/12 10:06:07][/?portal=mc_web&page=articleDetail&id=505]
SELECT * FROM `article` WHERE `status`= 1 AND `article_id`=505 LIMIT 1;
--Start time [2013/02/12 10:06:05]
--Run time(s): 2.6812288761139

[2013/02/12 10:06:29][/?portal=mc_web&page=articleDetail&id=508]
SELECT `subject`,`updatetime`,`article_id` FROM `article` WHERE `article_id` != 508 AND `category_id` = 1 AND `updatetime` < TIMESTAMP('2012-10-07 19:07:03') AND  `status` = 1 ORDER BY updatetime DESC LIMIT 0,5;
--Start time [2013/02/12 10:06:27]
--Run time(s): 1.4848279953003

[2013/02/12 10:07:48][/?portal=mc_web&page=articleDetail&id=254]
SELECT * FROM `article` WHERE `status`= 1 AND `article_id`=254 LIMIT 1;
--Start time [2013/02/12 10:07:48]
--Run time(s): 0.7233350276947

[2013/02/12 10:09:49][/?portal=mc_web&page=articleDetail&id=511]
SELECT * FROM `article` WHERE `status`= 1 AND `article_id`=511 LIMIT 1;
--Start time [2013/02/12 10:09:45]
--Run time(s): 3.7648868560791

[2013/02/12 10:10:50][/?portal=mc_web&page=articleDetail&id=313]
SELECT * FROM `article` WHERE `status`= 1 AND `article_id`=313 LIMIT 1;
--Start time [2013/02/12 10:10:48]
--Run time(s): 1.693176984787

[2013/02/12 10:10:53][/?portal=mc_web&page=articleDetail&id=251]
SELECT * FROM `article` WHERE `status`= 1 AND `article_id`=251 LIMIT 1;
--Start time [2013/02/12 10:10:52]
--Run time(s): 0.5749249458313

[2013/02/12 10:10:54][/?portal=mc_web&page=articleDetail&id=251]
SELECT `category_id`,`updatetime` FROM `article` WHERE `article_id`=251 LIMIT 1;
--Start time [2013/02/12 10:10:53]
--Run time(s): 1.2037210464478

[2013/02/12 10:12:30][/?portal=mc_web&page=articleDetail&id=246]
SELECT * FROM `article` WHERE `status`= 1 AND `article_id`=246 LIMIT 1;
--Start time [2013/02/12 10:12:28]
--Run time(s): 1.7473089694977

[2013/02/12 10:12:51][/?portal=mc_web&page=articleDetail&id=520]
SELECT `hocsinh_id`,`class_id`,`location_id`,`updatetime` FROM `hocsinh` WHERE `status` = 1 ORDER BY updatetime DESC LIMIT 0,5;
--Start time [2013/02/12 10:12:49]
--Run time(s): 1.3733592033386

[2013/02/12 10:12:57][/?portal=mc_web&page=articleDetail&id=520]
SELECT `subject`,`updatetime`,`article_id` FROM `article` WHERE `article_id` != 520 AND `category_id` = 1 AND `updatetime` < TIMESTAMP('2012-10-13 22:59:15') AND  `status` = 1 ORDER BY updatetime DESC LIMIT 0,5;
--Start time [2013/02/12 10:12:51]
--Run time(s): 6.2028601169586

[2013/02/12 10:12:59][/?portal=mc_web&page=articleDetail&id=520]
SELECT * FROM `article` WHERE `category_id` = 7 AND `status` = 1 ORDER BY updatetime DESC LIMIT 0,3;
--Start time [2013/02/12 10:12:58]
--Run time(s): 1.2472698688507

[2013/02/12 10:13:43][/?portal=mc_web&page=articleDetail&id=241]
SELECT * FROM `article` WHERE `category_id` = 5 AND `status` = 1 ORDER BY updatetime DESC LIMIT 0,3;
--Start time [2013/02/12 10:13:28]
--Run time(s): 15.328150033951

[2013/02/12 10:15:02][/?portal=mc_web&page=articleDetail&id=523]
SELECT `hocsinh_id`,`class_id`,`location_id`,`updatetime` FROM `hocsinh` WHERE `status` = 1 ORDER BY updatetime DESC LIMIT 0,5;
--Start time [2013/02/12 10:15:00]
--Run time(s): 2.1964120864868

[2013/02/12 10:15:35][/?portal=mc_web&page=articleDetail&id=194]
SELECT * FROM `article` WHERE `category_id` = 1 AND `status` = 1 ORDER BY updatetime DESC LIMIT 0,3;
--Start time [2013/02/12 10:15:34]
--Run time(s): 0.59291100502014

[2013/02/12 10:17:18][/?portal=mc_web&page=articleDetail&id=190]
SELECT * FROM `article` WHERE `category_id` = 7 AND `status` = 1 ORDER BY updatetime DESC LIMIT 0,3;
--Start time [2013/02/12 10:17:17]
--Run time(s): 0.6135139465332

[2013/02/12 10:17:28][/?portal=mc_web&page=articleDetail&id=191]
SELECT `id`,`portal_name` FROM `portal` WHERE portal_name='mc_web' AND publish_flg='1' LIMIT 1;
--Start time [2013/02/12 10:17:26]
--Run time(s): 2.9273211956024

[2013/02/12 10:17:29][/?portal=mc_web&page=articleDetail&id=191]
SELECT `id`,`page_name`,`layout`,`modules`,`portal_id`,`master_id`,`title`,`description`,`keyword` FROM `page` WHERE page_name='articleDetail' AND portal_id='13' AND publish_flg='1' LIMIT 1;
--Start time [2013/02/12 10:17:28]
--Run time(s): 1.0181639194489

[2013/02/12 10:18:15][/?portal=mc_web&page=articleDetail&id=192]
SELECT * FROM `article` WHERE `category_id` = 1 AND `status` = 1 ORDER BY updatetime DESC LIMIT 0,3;
--Start time [2013/02/12 10:18:11]
--Run time(s): 3.5634438991547

[2013/02/12 10:18:32][/?portal=mc_web&page=articleDetail&id=576]
SELECT * FROM `article` WHERE `status`= 1 AND `article_id`=576 LIMIT 1;
--Start time [2013/02/12 10:18:29]
--Run time(s): 2.2765789031982

[2013/02/12 10:18:53][/?portal=mc_web&page=articleDetail&id=183]
SELECT `hocsinh_id`,`class_id`,`location_id`,`updatetime` FROM `hocsinh` WHERE `status` = 1 ORDER BY updatetime DESC LIMIT 0,5;
--Start time [2013/02/12 10:18:52]
--Run time(s): 0.58329010009766

[2013/02/12 10:18:58][/?portal=mc_web&page=articleDetail&id=184]
SELECT * FROM `article` WHERE `status`= 1 AND `article_id`=184 LIMIT 1;
--Start time [2013/02/12 10:18:57]
--Run time(s): 1.0213990211487

[2013/02/12 10:20:07][/?portal=mc_web&page=articleDetail&id=187]
SELECT `id`,`portal_name` FROM `portal` WHERE portal_name='mc_web' AND publish_flg='1' LIMIT 1;
--Start time [2013/02/12 10:20:05]
--Run time(s): 1.3547480106354

[2013/02/12 10:21:48][/?portal=mc_web&page=articleDetail&id=555]
SELECT * FROM `article` WHERE `category_id` = 1 AND `status` = 1 ORDER BY updatetime DESC LIMIT 0,3;
--Start time [2013/02/12 10:21:42]
--Run time(s): 5.987783908844

[2013/02/12 10:21:58][/?portal=mc_web&page=articleDetail&id=584]
SELECT * FROM `article` WHERE `category_id` = 2 AND `status` = 1 ORDER BY updatetime DESC LIMIT 0,3;
--Start time [2013/02/12 10:21:52]
--Run time(s): 5.6805601119995

[2013/02/12 10:22:00][/?portal=mc_web&page=articleDetail&id=584]
SELECT * FROM `article` WHERE `category_id` = 7 AND `status` = 1 ORDER BY updatetime DESC LIMIT 0,3;
--Start time [2013/02/12 10:21:58]
--Run time(s): 1.7238421440125

[2013/02/12 10:22:32][/?portal=mc_web&page=articleDetail&id=588]
SELECT * FROM `article` WHERE `category_id` = 1 AND `status` = 1 ORDER BY updatetime DESC LIMIT 0,3;
--Start time [2013/02/12 10:22:32]
--Run time(s): 0.78109979629517

[2013/02/12 10:22:52][/?portal=mc_web&page=articleDetail&id=605]
SELECT `hocsinh_id`,`class_id`,`location_id`,`updatetime` FROM `hocsinh` WHERE `status` = 1 ORDER BY updatetime DESC LIMIT 0,5;
--Start time [2013/02/12 10:22:51]
--Run time(s): 0.83592295646667

[2013/02/12 10:22:53][/?portal=mc_web&page=articleDetail&id=605]
SELECT `name` FROM `class` WHERE class_id = 17 LIMIT 1;
--Start time [2013/02/12 10:22:52]
--Run time(s): 0.72867798805237

[2013/02/12 10:22:54][/?portal=mc_web&page=articleDetail&id=605]
SELECT `name` FROM `location` WHERE `location_id` =78 LIMIT 1;
--Start time [2013/02/12 10:22:53]
--Run time(s): 0.97016096115112

[2013/02/12 10:23:03][/?portal=mc_web&page=articleDetail&id=613]
SELECT `category_id`,`updatetime` FROM `article` WHERE `article_id`=613 LIMIT 1;
--Start time [2013/02/12 10:23:02]
--Run time(s): 1.6211681365967

[2013/02/12 10:23:58][/?portal=mc_web&page=articleDetail&id=306]
SELECT * FROM `article` WHERE `status`= 1 AND `article_id`=306 LIMIT 1;
--Start time [2013/02/12 10:23:56]
--Run time(s): 1.4590930938721

[2013/02/12 10:24:33][/?portal=mc_web&page=articleDetail&id=329]
SELECT * FROM `article` WHERE `status`= 1 AND `article_id`=329 LIMIT 1;
--Start time [2013/02/12 10:24:32]
--Run time(s): 1.6756808757782

[2013/02/12 10:24:48][/?portal=mc_web&page=articleDetail&id=331]
SELECT * FROM `article` WHERE `status`= 1 AND `article_id`=331 LIMIT 1;
--Start time [2013/02/12 10:24:44]
--Run time(s): 4.3912079334259

[2013/02/12 10:25:40][/?portal=mc_web&page=articleDetail&id=360]
SELECT * FROM `article` WHERE `status`= 1 AND `article_id`=360 LIMIT 1;
--Start time [2013/02/12 10:25:38]
--Run time(s): 2.2207479476929

[2013/02/12 10:25:52][/?portal=mc_web&page=articleDetail&id=399]
SELECT * FROM `article` WHERE `status`= 1 AND `article_id`=399 LIMIT 1;
--Start time [2013/02/12 10:25:51]
--Run time(s): 1.0478291511536

[2013/02/12 10:26:10][/?portal=mc_web&page=articleDetail&id=419]
SELECT * FROM `article` WHERE `status`= 1 AND `article_id`=419 LIMIT 1;
--Start time [2013/02/12 10:26:09]
--Run time(s): 1.3991651535034

[2013/02/12 10:26:32][/?portal=mc_web&page=DocOfClass&classID=10&cateID=3]
SELECT COUNT(`id`) AS rows FROM `document` WHERE `doc_cate_id` = '3' AND `classID` = '10' AND `status` = 1 ;
--Start time [2013/02/12 10:26:31]
--Run time(s): 1.2233879566193

[2013/02/12 10:28:08][/?portal=mc_web&page=DocOfClass&classID=12&cateID=3]
SELECT COUNT(`id`) AS rows FROM `document` WHERE `doc_cate_id` = '3' AND `classID` = '12' AND `status` = 1 ;
--Start time [2013/02/12 10:28:07]
--Run time(s): 0.80673599243164

[2013/02/12 10:29:19][/?portal=mc_web&page=DocOfClass&classID=13&cateID=4]
SELECT COUNT(`id`) AS rows FROM `document` WHERE `doc_cate_id` = '4' AND `classID` = '13' AND `status` = 1 ;
--Start time [2013/02/12 10:29:18]
--Run time(s): 0.76593899726868

[2013/02/12 10:30:52][/?portal=mc_web&page=DocOfClass&classID=16&cateID=1]
SELECT COUNT(`id`) AS rows FROM `document` WHERE `doc_cate_id` = '1' AND `classID` = '16' AND `status` = 1 ;
--Start time [2013/02/12 10:30:51]
--Run time(s): 1.277242898941

[2013/02/12 10:31:22][/?portal=mc_web&page=DocOfClass&classID=17&cateID=2]
SELECT COUNT(`id`) AS rows FROM `document` WHERE `doc_cate_id` = '2' AND `classID` = '17' AND `status` = 1 ;
--Start time [2013/02/12 10:31:21]
--Run time(s): 0.63244819641113

[2013/02/12 10:31:40][/?portal=mc_web&page=articleDetail&id=597]
SELECT `id`,`page_name`,`layout`,`modules`,`portal_id`,`master_id`,`title`,`description`,`keyword` FROM `page` WHERE page_name='articleDetail' AND portal_id='13' AND publish_flg='1' LIMIT 1;
--Start time [2013/02/12 10:31:36]
--Run time(s): 4.3879280090332

[2013/02/12 10:31:40][/?portal=mc_web&page=DocOfClass&classID=17&cateID=4]
SELECT COUNT(`id`) AS rows FROM `document` WHERE `doc_cate_id` = '4' AND `classID` = '17' AND `status` = 1 ;
--Start time [2013/02/12 10:31:36]
--Run time(s): 3.846734046936

[2013/02/12 10:33:12][/?portal=mc_web&page=articleDetail&id=318]
SELECT `id`,`portal_name` FROM `portal` WHERE portal_name='mc_web' AND publish_flg='1' LIMIT 1;
--Start time [2013/02/12 10:33:06]
--Run time(s): 5.8889608383179

[2013/02/12 10:34:15][/?portal=mc_web&page=articleDetail&id=354]
SELECT * FROM `article` WHERE `status`= 1 AND `article_id`=354 LIMIT 1;
--Start time [2013/02/12 10:34:15]
--Run time(s): 0.52178287506104

[2013/02/12 10:35:14][/]
SELECT `hocsinh_id`,`class_id`,`location_id`,`updatetime` FROM `hocsinh` WHERE `status` = 1 ORDER BY updatetime DESC LIMIT 0,5;
--Start time [2013/02/12 10:35:13]
--Run time(s): 0.75692892074585

[2013/02/12 10:36:06][/?portal=mc_web&page=articleDetail&id=490]
SELECT * FROM `article` WHERE `status`= 1 AND `article_id`=490 LIMIT 1;
--Start time [2013/02/12 10:36:03]
--Run time(s): 2.7043380737305

[2013/02/12 10:36:11][/?portal=mc_web&page=articleDetail&id=490]
SELECT * FROM `article` WHERE `category_id` = 1 AND `status` = 1 ORDER BY updatetime DESC LIMIT 0,3;
--Start time [2013/02/12 10:36:06]
--Run time(s): 5.1181659698486

[2013/02/12 10:37:42][/?portal=mc_web&page=articleDetail&id=374]
SELECT * FROM `article` WHERE `status`= 1 AND `article_id`=374 LIMIT 1;
--Start time [2013/02/12 10:37:41]
--Run time(s): 0.7006459236145

[2013/02/12 10:37:50][/?portal=mc_web&page=articleDetail&id=375]
SELECT `hocsinh_id`,`class_id`,`location_id`,`updatetime` FROM `hocsinh` WHERE `status` = 1 ORDER BY updatetime DESC LIMIT 0,5;
--Start time [2013/02/12 10:37:50]
--Run time(s): 0.72562503814697

[2013/02/12 10:37:57][/?portal=mc_web&page=articleDetail&id=376]
SELECT * FROM `article` WHERE `category_id` = 5 AND `status` = 1 ORDER BY updatetime DESC LIMIT 0,3;
--Start time [2013/02/12 10:37:56]
--Run time(s): 0.88598918914795

[2013/02/12 10:43:14][/?portal=mc_web&page=articleDetail&id=601]
SELECT `id`,`modules`,`title`,`description`,`keyword` FROM `page` WHERE `id`='29' LIMIT 1;
--Start time [2013/02/12 10:43:13]
--Run time(s): 1.0544190406799

