[2012/12/09 07:22:25][/?portal=mc_web&page=articleDetail&id=206]
SELECT * FROM `article` WHERE `status`= 1 AND `article_id`=206 LIMIT 1;
--Start time [2012/12/09 07:22:24]
--Run time(s): 0.84390997886658

[2012/12/09 07:23:10][/?portal=mc_web&page=articleDetail&id=521]
SELECT `category_id`,`updatetime` FROM `article` WHERE `article_id`=521 LIMIT 1;
--Start time [2012/12/09 07:23:09]
--Run time(s): 0.85201287269592

[2012/12/09 07:23:11][/?portal=mc_web&page=articleDetail&id=238]
SELECT * FROM `article` WHERE `status`= 1 AND `article_id`=238 LIMIT 1;
--Start time [2012/12/09 07:23:10]
--Run time(s): 0.78547191619873

[2012/12/09 07:24:34][/?portal=mc_web&page=DocOfClass&classID=6&cateID=3]
SELECT COUNT(`id`) AS rows FROM `document` WHERE `doc_cate_id` = '3' AND `classID` = '6' AND `status` = 1 ;
--Start time [2012/12/09 07:24:31]
--Run time(s): 2.6014409065247

[2012/12/09 07:57:19][/?portal=mc_web&page=articleDetail&id=262]
SELECT * FROM `article` WHERE `status`= 1 AND `article_id`=262 LIMIT 1;
--Start time [2012/12/09 07:57:14]
--Run time(s): 4.4040670394897

[2012/12/09 07:57:19][/?portal=mc_web&page=articleDetail&id=262]
SELECT `subject`,`updatetime`,`article_id` FROM `article` WHERE `article_id` != 262 AND `category_id` = 1 AND `updatetime` > TIMESTAMP('2012-08-07 18:22:57') AND `status` = 1 ORDER BY updatetime DESC LIMIT 0,5;
--Start time [2012/12/09 07:57:19]
--Run time(s): 0.7535228729248

