[2013/01/10 15:46:13][/?portal=mc_web&page=articleDetail&id=475]
SELECT `id`,`modules`,`title`,`description`,`keyword` FROM `page` WHERE `id`='29' LIMIT 1;
--Start time [2013/01/10 15:46:11]
--Run time(s): 2.0850331783295

[2013/01/10 15:46:14][/?portal=mc_web&page=articleDetail&id=475]
SELECT `hocsinh_id`,`class_id`,`location_id`,`updatetime` FROM `hocsinh` WHERE `status` = 1 ORDER BY updatetime DESC LIMIT 0,5;
--Start time [2013/01/10 15:46:13]
--Run time(s): 0.96266198158264

[2013/01/10 15:46:15][/?portal=mc_web&page=articleDetail&id=475]
SELECT `name` FROM `class` WHERE class_id = 9 LIMIT 1;
--Start time [2013/01/10 15:46:14]
--Run time(s): 0.59328508377075

[2013/01/10 15:46:16][/?portal=mc_web&page=articleDetail&id=475]
SELECT `name` FROM `location` WHERE `location_id` =2 LIMIT 1;
--Start time [2013/01/10 15:46:15]
--Run time(s): 1.1828970909119

[2013/01/10 15:46:17][/?portal=mc_web&page=articleDetail&id=475]
SELECT `subject`,`updatetime`,`article_id` FROM `article` WHERE `article_id` != 475 AND `category_id` = 1 AND `updatetime` > TIMESTAMP('2012-09-25 09:02:41') AND `status` = 1 ORDER BY updatetime DESC LIMIT 0,5;
--Start time [2013/01/10 15:46:17]
--Run time(s): 0.86708998680115

[2013/01/10 15:46:18][/?portal=mc_web&page=articleDetail&id=475]
SELECT `subject`,`updatetime`,`article_id` FROM `article` WHERE `article_id` != 475 AND `category_id` = 1 AND `updatetime` < TIMESTAMP('2012-09-25 09:02:41') AND  `status` = 1 ORDER BY updatetime DESC LIMIT 0,5;
--Start time [2013/01/10 15:46:17]
--Run time(s): 1.05575299263

