[2013/02/05 15:05:31][/?portal=mc_web&page=articleDetail&id=204]
SELECT `name` FROM `class` WHERE class_id = 17 LIMIT 1;
--Start time [2013/02/05 15:05:28]
--Run time(s): 2.4184420108795

[2013/02/05 15:05:34][/?portal=mc_web&page=articleDetail&id=204]
SELECT `name` FROM `location` WHERE `location_id` =78 LIMIT 1;
--Start time [2013/02/05 15:05:31]
--Run time(s): 3.1308038234711

[2013/02/05 15:05:35][/?portal=mc_web&page=articleDetail&id=204]
SELECT `name` FROM `class` WHERE class_id = 9 LIMIT 1;
--Start time [2013/02/05 15:05:34]
--Run time(s): 0.76244592666626

[2013/02/05 15:05:35][/?portal=mc_web&page=articleDetail&id=204]
SELECT * FROM `article` WHERE `status`= 1 AND `article_id`=204 LIMIT 1;
--Start time [2013/02/05 15:05:35]
--Run time(s): 0.77735805511475

[2013/02/05 15:05:38][/?portal=mc_web&page=articleDetail&id=204]
SELECT * FROM `article` WHERE `category_id` = 1 AND `status` = 1 ORDER BY updatetime DESC LIMIT 0,3;
--Start time [2013/02/05 15:05:35]
--Run time(s): 2.4492769241333

[2013/02/05 15:05:40][/?portal=mc_web&page=articleDetail&id=205]
SELECT `hocsinh_id`,`class_id`,`location_id`,`updatetime` FROM `hocsinh` WHERE `status` = 1 ORDER BY updatetime DESC LIMIT 0,5;
--Start time [2013/02/05 15:05:39]
--Run time(s): 0.58813095092773

[2013/02/05 15:06:43][/?portal=mc_web&page=articleDetail&id=634]
SELECT `subject`,`updatetime`,`article_id` FROM `article` WHERE `article_id` != 634 AND `category_id` = 1 AND `updatetime` > TIMESTAMP('2013-01-11 23:17:02') AND `status` = 1 ORDER BY updatetime DESC LIMIT 0,5;
--Start time [2013/02/05 15:06:41]
--Run time(s): 1.6014130115509

[2013/02/05 15:06:46][/?portal=mc_web&page=articleDetail&id=634]
SELECT * FROM `article` WHERE `category_id` = 5 AND `status` = 1 ORDER BY updatetime DESC LIMIT 0,3;
--Start time [2013/02/05 15:06:43]
--Run time(s): 2.8660140037537

[2013/02/05 15:06:59][/?portal=mc_web&page=articleDetail&id=636]
SELECT `id`,`modules`,`title`,`description`,`keyword` FROM `page` WHERE `id`='29' LIMIT 1;
--Start time [2013/02/05 15:06:53]
--Run time(s): 5.22944688797

