[2013/02/25 12:30:32][/?portal=mc_web&page=articleDetail&id=567]
SELECT `id`,`modules`,`title`,`description`,`keyword` FROM `page` WHERE `id`='29' LIMIT 1;
--Start time [2013/02/25 12:30:31]
--Run time(s): 0.61195588111877

[2013/02/25 12:30:36][/?portal=mc_web&page=articleDetail&id=567]
SELECT `hocsinh_id`,`class_id`,`location_id`,`updatetime` FROM `hocsinh` WHERE `status` = 1 ORDER BY updatetime DESC LIMIT 0,5;
--Start time [2013/02/25 12:30:32]
--Run time(s): 3.9485099315643

[2013/02/25 12:42:21][/?portal=mc_web&page=articleDetail&id=624]
SELECT `id`,`portal_name` FROM `portal` WHERE portal_name='mc_web' AND publish_flg='1' LIMIT 1;
--Start time [2013/02/25 12:42:21]
--Run time(s): 0.568932056427

[2013/02/25 12:42:22][/?portal=mc_web&page=articleDetail&id=624]
SELECT `id`,`modules`,`title`,`description`,`keyword` FROM `page` WHERE `id`='29' LIMIT 1;
--Start time [2013/02/25 12:42:21]
--Run time(s): 0.62049317359924

[2013/02/25 12:42:24][/?portal=mc_web&page=articleDetail&id=624]
SELECT `name` FROM `class` WHERE class_id = 17 LIMIT 1;
--Start time [2013/02/25 12:42:23]
--Run time(s): 0.92951798439026

[2013/02/25 12:42:25][/?portal=mc_web&page=articleDetail&id=624]
SELECT `name` FROM `location` WHERE `location_id` =78 LIMIT 1;
--Start time [2013/02/25 12:42:24]
--Run time(s): 1.7457449436188

[2013/02/25 12:42:26][/?portal=mc_web&page=articleDetail&id=624]
SELECT `name` FROM `class` WHERE class_id = 9 LIMIT 1;
--Start time [2013/02/25 12:42:25]
--Run time(s): 0.97950100898743

[2013/02/25 12:42:28][/?portal=mc_web&page=articleDetail&id=624]
SELECT * FROM `article` WHERE `status`= 1 AND `article_id`=624 LIMIT 1;
--Start time [2013/02/25 12:42:27]
--Run time(s): 0.63426899909973

[2013/02/25 12:42:34][/?portal=mc_web&page=articleDetail&id=624]
SELECT `category_id`,`updatetime` FROM `article` WHERE `article_id`=624 LIMIT 1;
--Start time [2013/02/25 12:42:28]
--Run time(s): 5.9144070148468

[2013/02/25 12:42:37][/?portal=mc_web&page=articleDetail&id=624]
SELECT * FROM `article` WHERE `category_id` = 1 AND `status` = 1 ORDER BY updatetime DESC LIMIT 0,3;
--Start time [2013/02/25 12:42:35]
--Run time(s): 1.6830990314484

[2013/02/25 12:55:04][/?portal=mc_web&page=DocDetail&id=136]
SELECT `id`,`portal_name` FROM `portal` WHERE portal_name='mc_web' AND publish_flg='1' LIMIT 1;
--Start time [2013/02/25 12:55:03]
--Run time(s): 0.87808585166931

