[2013/02/04 17:02:48][/?portal=mc_web&page=DocOfClass&classID=14&cateID=1]
SELECT `id`,`page_name`,`layout`,`modules`,`portal_id`,`master_id`,`title`,`description`,`keyword` FROM `page` WHERE page_name='DocOfClass' AND portal_id='13' AND publish_flg='1' LIMIT 1;
--Start time [2013/02/04 17:02:47]
--Run time(s): 0.97007203102112

[2013/02/04 17:02:50][/?portal=mc_web&page=articleDetail&id=524]
SELECT * FROM `article` WHERE `status`= 1 AND `article_id`=524 LIMIT 1;
--Start time [2013/02/04 17:02:49]
--Run time(s): 1.2454149723053

[2013/02/04 17:02:50][/?portal=mc_web&page=DocOfClass&classID=14&cateID=1]
SELECT COUNT(`id`) AS rows FROM `document` WHERE `doc_cate_id` = '1' AND `classID` = '14' AND `status` = 1 ;
--Start time [2013/02/04 17:02:48]
--Run time(s): 2.1332430839539

[2013/02/04 17:02:53][/?portal=mc_web&page=articleDetail&id=626]
SELECT * FROM `article` WHERE `status`= 1 AND `article_id`=626 LIMIT 1;
--Start time [2013/02/04 17:02:51]
--Run time(s): 2.0348699092865

[2013/02/04 17:02:55][/?portal=mc_web&page=articleDetail&id=626]
SELECT `category_id`,`updatetime` FROM `article` WHERE `article_id`=626 LIMIT 1;
--Start time [2013/02/04 17:02:53]
--Run time(s): 1.2017781734467

