[2013/02/13 16:20:31][/?id=129&page=DocDetail&portal=mc_web]
SELECT * FROM `document` WHERE `id` = 129 AND `status` = 1  LIMIT 1;
--Start time [2013/02/13 16:20:27]
--Run time(s): 3.6696119308472

[2013/02/13 16:25:41][/?id=134&page=DocDetail&portal=mc_web]
SELECT * FROM `document` WHERE `id` = 134 AND `status` = 1  LIMIT 1;
--Start time [2013/02/13 16:25:40]
--Run time(s): 1.381548166275

[2013/02/13 16:25:42][/?id=118&page=DocDetail&portal=mc_web]
SELECT `doc_cate_id`,`updatetime`,`classID`,`type`,`author` FROM `document` WHERE `id`=118 LIMIT 1;
--Start time [2013/02/13 16:25:40]
--Run time(s): 1.1806919574738

[2013/02/13 16:25:42][/?id=117&page=DocDetail&portal=mc_web]
SELECT `doc_cate_id`,`updatetime`,`classID`,`type`,`author` FROM `document` WHERE `id`=117 LIMIT 1;
--Start time [2013/02/13 16:25:40]
--Run time(s): 1.1841170787811

[2013/02/13 16:25:58][/?id=135&page=DocDetail&portal=mc_web]
SELECT `id`,`portal_name` FROM `portal` WHERE portal_name='mc_web' AND publish_flg='1' LIMIT 1;
--Start time [2013/02/13 16:25:57]
--Run time(s): 1.0103299617767

[2013/02/13 16:25:58][/?id=136&page=DocDetail&portal=mc_web]
SELECT `id`,`portal_name` FROM `portal` WHERE portal_name='mc_web' AND publish_flg='1' LIMIT 1;
--Start time [2013/02/13 16:25:57]
--Run time(s): 1.010195016861

[2013/02/13 16:35:38][/?id=127&page=DocDetail&portal=mc_web]
SELECT `id`,`page_name`,`layout`,`modules`,`portal_id`,`master_id`,`title`,`description`,`keyword` FROM `page` WHERE page_name='DocDetail' AND portal_id='13' AND publish_flg='1' LIMIT 1;
--Start time [2013/02/13 16:35:35]
--Run time(s): 2.7363018989563

[2013/02/13 16:35:50][/?name=20120922/admin_1348309904.pdf&page=Download&portal=mc_web]
SELECT `id`,`modules`,`title`,`description`,`keyword` FROM `page` WHERE `id`='29' LIMIT 1;
--Start time [2013/02/13 16:35:47]
--Run time(s): 2.3360178470612

[2013/02/13 16:35:56][/?name=20120922/admin_1348309904.pdf&page=Download&portal=mc_web]
SELECT `hocsinh_id`,`class_id`,`location_id`,`updatetime` FROM `hocsinh` WHERE `status` = 1 ORDER BY updatetime DESC LIMIT 0,5;
--Start time [2013/02/13 16:35:50]
--Run time(s): 6.1644051074982

