[2012/12/09 08:26:02][/?portal=mc_web&page=ClassDetail&id=49]
SELECT `session`,`day` FROM `sessions` WHERE `sessions_id` IN(3,9,15);
--Start time [2012/12/09 08:26:02]
--Run time(s): 0.7927770614624

[2012/12/09 08:29:59][/?portal=mc_web&page=DocOfClass&classID=4&cateID=2]
SELECT `hocsinh_id`,`class_id`,`location_id`,`updatetime` FROM `hocsinh` WHERE `status` = 1 ORDER BY updatetime DESC LIMIT 0,5;
--Start time [2012/12/09 08:29:56]
--Run time(s): 2.7397301197052

[2012/12/09 08:30:01][/?portal=mc_web&page=DocOfClass&classID=4&cateID=2]
SELECT `name` FROM `class` WHERE class_id = 17 LIMIT 1;
--Start time [2012/12/09 08:29:59]
--Run time(s): 2.1226978302002

[2012/12/09 08:30:30][/?portal=mc_web&page=DocOfClass&classID=4&cateID=4]
SELECT `hocsinh_id`,`class_id`,`location_id`,`updatetime` FROM `hocsinh` WHERE `status` = 1 ORDER BY updatetime DESC LIMIT 0,5;
--Start time [2012/12/09 08:30:28]
--Run time(s): 0.84375786781311

[2012/12/09 08:30:34][/?portal=mc_web&page=DocOfClass&classID=4&cateID=4]
SELECT COUNT(`id`) AS rows FROM `document` WHERE `doc_cate_id` = '4' AND `classID` = '4' AND `status` = 1 ;
--Start time [2012/12/09 08:30:30]
--Run time(s): 3.8839371204376

