[2013/02/23 07:42:46][/]
SELECT `id`,`modules`,`title`,`description`,`keyword` FROM `page` WHERE `id`='29' LIMIT 1;
--Start time [2013/02/23 07:42:46]
--Run time(s): 0.51532006263733

[2013/02/23 07:42:48][/]
SELECT * FROM `article` WHERE `category_id` = 3 AND `status` = 1 ORDER BY updatetime DESC LIMIT 0,5;
--Start time [2013/02/23 07:42:47]
--Run time(s): 0.52244591712952

[2013/02/23 07:42:50][/]
SELECT * FROM `article` WHERE `category_id` = 5 AND `status` = 1 ORDER BY updatetime DESC LIMIT 0,3;
--Start time [2013/02/23 07:42:48]
--Run time(s): 1.6631579399109

[2013/02/23 07:43:12][/?portal=mc_web&page=ClassDetail&id=50]
SELECT `hocsinh_id`,`class_id`,`location_id`,`updatetime` FROM `hocsinh` WHERE `status` = 1 ORDER BY updatetime DESC LIMIT 0,5;
--Start time [2013/02/23 07:43:11]
--Run time(s): 0.73618292808533

[2013/02/23 07:43:17][/ajax.php?path=mcweb&fnc=mcweb.comment.process]
SELECT * FROM `comment` WHERE `page_url` = 'http://trungtamtoan.com/?portal=mc_web&page=ClassDetail&id=50' AND `status` = 1 ORDER BY comment_time DESC;
--Start time [2013/02/23 07:43:16]
--Run time(s): 0.81301999092102

[2013/02/23 07:43:17][/?portal=mc_web&page=ClassDetail&id=50]
SELECT `id`,`portal_name` FROM `portal` WHERE portal_name='mc_web' AND publish_flg='1' LIMIT 1;
--Start time [2013/02/23 07:43:16]
--Run time(s): 0.78168296813965

[2013/02/23 07:43:18][/?portal=mc_web&page=ClassDetail&id=50]
SELECT `id`,`page_name`,`layout`,`modules`,`portal_id`,`master_id`,`title`,`description`,`keyword` FROM `page` WHERE page_name='ClassDetail' AND portal_id='13' AND publish_flg='1' LIMIT 1;
--Start time [2013/02/23 07:43:17]
--Run time(s): 0.70201206207275

[2013/02/23 07:43:27][/?portal=mc_web&page=ClassDetail&id=50]
SELECT `name` FROM `location` WHERE `location_id` =78 LIMIT 1;
--Start time [2013/02/23 07:43:19]
--Run time(s): 7.7912890911102

[2013/02/23 07:43:29][/?portal=mc_web&page=ClassDetail&id=50]
SELECT `hocsinh_id`,`pupilnumber`,`duringtime`,`gender`,`starttime`,`introduction`,`expected_gender`,`teach_sessions`,`introduction`,`expected_level`,`expected_fee`,`class_id`,`location_id`,`updatetime`,`isNeedGoodTeacher`,`mobile` FROM `hocsinh` WHERE `status` = 1 AND `hocsinh_id` = 50 LIMIT 1;
--Start time [2013/02/23 07:43:27]
--Run time(s): 2.1566751003265

[2013/02/23 07:43:30][/?portal=mc_web&page=ClassDetail&id=50]
SELECT * FROM `article` WHERE `category_id` = 1 AND `status` = 1 ORDER BY updatetime DESC LIMIT 0,3;
--Start time [2013/02/23 07:43:29]
--Run time(s): 0.80895709991455

