[2013/03/18 07:55:16][/?portal=mc_web&page=articleDetail&id=610]
SELECT `id`,`portal_name` FROM `portal` WHERE portal_name='mc_web' AND publish_flg='1' LIMIT 1;
--Start time [2013/03/18 07:55:14]
--Run time(s): 2.6204428672791

[2013/03/18 07:55:17][/?portal=mc_web&page=articleDetail&id=610]
SELECT `id`,`modules`,`title`,`description`,`keyword` FROM `page` WHERE `id`='29' LIMIT 1;
--Start time [2013/03/18 07:55:16]
--Run time(s): 0.64055705070496

[2013/03/18 07:55:19][/?portal=mc_web&page=articleDetail&id=610]
SELECT `hocsinh_id`,`class_id`,`location_id`,`updatetime` FROM `hocsinh` WHERE `status` = 1 ORDER BY updatetime DESC LIMIT 0,5;
--Start time [2013/03/18 07:55:17]
--Run time(s): 2.2280149459839

[2013/03/18 07:55:21][/?portal=mc_web&page=articleDetail&id=610]
SELECT `name` FROM `class` WHERE class_id = 17 LIMIT 1;
--Start time [2013/03/18 07:55:19]
--Run time(s): 1.4891850948334

[2013/03/18 07:55:22][/?portal=mc_web&page=articleDetail&id=610]
SELECT `name` FROM `location` WHERE `location_id` =2 LIMIT 1;
--Start time [2013/03/18 07:55:21]
--Run time(s): 0.61539912223816

[2013/03/18 07:55:23][/?portal=mc_web&page=articleDetail&id=610]
SELECT * FROM `article` WHERE `status`= 1 AND `article_id`=610 LIMIT 1;
--Start time [2013/03/18 07:55:22]
--Run time(s): 1.4660232067108

[2013/03/18 07:55:24][/?portal=mc_web&page=articleDetail&id=610]
SELECT `category_id`,`updatetime` FROM `article` WHERE `article_id`=610 LIMIT 1;
--Start time [2013/03/18 07:55:23]
--Run time(s): 0.64766502380371

[2013/03/18 07:55:25][/?portal=mc_web&page=articleDetail&id=610]
SELECT `subject`,`updatetime`,`article_id` FROM `article` WHERE `article_id` != 610 AND `category_id` = 1 AND `updatetime` > TIMESTAMP('2012-12-14 23:37:41') AND `status` = 1 ORDER BY updatetime DESC LIMIT 0,5;
--Start time [2013/03/18 07:55:24]
--Run time(s): 1.229777097702

[2013/03/18 07:55:26][/?portal=mc_web&page=articleDetail&id=610]
SELECT `subject`,`updatetime`,`article_id` FROM `article` WHERE `article_id` != 610 AND `category_id` = 1 AND `updatetime` < TIMESTAMP('2012-12-14 23:37:41') AND  `status` = 1 ORDER BY updatetime DESC LIMIT 0,5;
--Start time [2013/03/18 07:55:25]
--Run time(s): 0.72126698493958

[2013/03/18 07:55:27][/?portal=mc_web&page=articleDetail&id=610]
SELECT * FROM `article` WHERE `category_id` = 5 AND `status` = 1 ORDER BY updatetime DESC LIMIT 0,3;
--Start time [2013/03/18 07:55:26]
--Run time(s): 0.50607395172119

[2013/03/18 07:55:28][/?portal=mc_web&page=articleDetail&id=610]
SELECT * FROM `article` WHERE `category_id` = 1 AND `status` = 1 ORDER BY updatetime DESC LIMIT 0,3;
--Start time [2013/03/18 07:55:27]
--Run time(s): 1.7490749359131

[2013/03/18 07:55:29][/?portal=mc_web&page=articleDetail&id=610]
SELECT * FROM `article` WHERE `category_id` = 2 AND `status` = 1 ORDER BY updatetime DESC LIMIT 0,3;
--Start time [2013/03/18 07:55:28]
--Run time(s): 1.0244400501251

[2013/03/18 07:55:31][/?portal=mc_web&page=articleDetail&id=610]
SELECT * FROM `article` WHERE `category_id` = 7 AND `status` = 1 ORDER BY updatetime DESC LIMIT 0,3;
--Start time [2013/03/18 07:55:29]
--Run time(s): 1.6998240947723

