[2013/01/29 14:23:34][/?portal=mc_web&page=intro]
SELECT * FROM `article` WHERE `category_id` = 1 AND `status` = 1 ORDER BY updatetime DESC LIMIT 0,3;
--Start time [2013/01/29 14:23:33]
--Run time(s): 1.5173988342285

[2013/01/29 14:23:35][/?portal=mc_web&page=intro]
SELECT * FROM `article` WHERE `category_id` = 2 AND `status` = 1 ORDER BY updatetime DESC LIMIT 0,3;
--Start time [2013/01/29 14:23:34]
--Run time(s): 0.57618689537048

[2013/01/29 14:24:14][/?portal=mc_web&page=listClass]
SELECT * FROM `province` WHERE `status` = 1 ORDER BY name DESC;
--Start time [2013/01/29 14:24:13]
--Run time(s): 0.91272497177124

[2013/01/29 14:27:44][/?portal=mc_web&page=index]
SELECT `id`,`modules`,`title`,`description`,`keyword` FROM `page` WHERE `id`='29' LIMIT 1;
--Start time [2013/01/29 14:27:42]
--Run time(s): 1.2170701026917

[2013/01/29 14:27:44][/?portal=mc_web&page=index]
SELECT `hocsinh_id`,`class_id`,`location_id`,`updatetime` FROM `hocsinh` WHERE `status` = 1 ORDER BY updatetime DESC LIMIT 0,5;
--Start time [2013/01/29 14:27:44]
--Run time(s): 0.53810787200928

