[2012/12/05 21:10:01][/?portal=mc_web&page=DocOfClass&classID=6&cateID=3]
SELECT COUNT(`id`) AS rows FROM `document` WHERE `doc_cate_id` = '3' AND `classID` = '6' AND `status` = 1 ;
--Start time [2012/12/05 21:09:59]
--Run time(s): 1.0221059322357

[2012/12/05 21:10:29][/?portal=mc_web&page=DocOfClass&classID=3&cateID=2]
SELECT COUNT(`id`) AS rows FROM `document` WHERE `doc_cate_id` = '2' AND `classID` = '3' AND `status` = 1 ;
--Start time [2012/12/05 21:10:28]
--Run time(s): 1.6554298400879

[2012/12/05 21:10:44][/?portal=mc_web&page=DocOfClass&classID=8&cateID=2]
SELECT COUNT(`id`) AS rows FROM `document` WHERE `doc_cate_id` = '2' AND `classID` = '8' AND `status` = 1 ;
--Start time [2012/12/05 21:10:43]
--Run time(s): 1.1227290630341

[2012/12/05 21:11:49][/?portal=mc_web&page=DocDetail&id=126]
SELECT * FROM `document` WHERE `id` = 126 AND `status` = 1  LIMIT 1;
--Start time [2012/12/05 21:11:48]
--Run time(s): 0.92966294288635

[2012/12/05 21:11:54][/?portal=mc_web&page=DocDetail&id=129]
SELECT `doc_cate_id`,`updatetime`,`classID`,`type`,`author` FROM `document` WHERE `id`=129 LIMIT 1;
--Start time [2012/12/05 21:11:53]
--Run time(s): 1.0598220825195

[2012/12/05 21:11:57][/?portal=mc_web&page=DocDetail&id=127]
SELECT * FROM `document` WHERE `id` = 127 AND `status` = 1  LIMIT 1;
--Start time [2012/12/05 21:11:56]
--Run time(s): 1.6098101139069

[2012/12/05 21:12:05][/?portal=mc_web&page=DocDetail&id=119]
SELECT `id`,`modules`,`title`,`description`,`keyword` FROM `page` WHERE `id`='70' LIMIT 1;
--Start time [2012/12/05 21:12:03]
--Run time(s): 2.2094089984894

[2012/12/05 21:12:11][/?portal=mc_web&page=DocOfClass&classID=17&cateID=4&page_no=4]
SELECT COUNT(`id`) AS rows FROM `document` WHERE `doc_cate_id` = '4' AND `classID` = '17' AND `status` = 1 ;
--Start time [2012/12/05 21:12:10]
--Run time(s): 0.63675498962402

[2012/12/05 21:12:19][/?portal=mc_web&page=DocOfClass&classID=17&cateID=4&page_no=3]
SELECT `id`,`modules`,`title`,`description`,`keyword` FROM `page` WHERE `id`='70' LIMIT 1;
--Start time [2012/12/05 21:12:18]
--Run time(s): 0.65188407897949

[2012/12/05 21:12:24][/?portal=mc_web&page=DocDetail&id=96]
SELECT `name`,`updatetime`,`id` FROM `document` WHERE `id` != 96 AND `doc_cate_id` = 4 AND `classID` = 17 AND `updatetime` < TIMESTAMP('2012-09-07 00:10:52') AND `status` = 1 ORDER BY updatetime DESC LIMIT 0,5;
--Start time [2012/12/05 21:12:23]
--Run time(s): 1.0257549285889

[2012/12/05 21:12:26][/?portal=mc_web&page=DocDetail&id=96]
SELECT `classID`,`doc_cate_id` FROM `document` WHERE `id` = 96 AND `status` = 1  LIMIT 1;
--Start time [2012/12/05 21:12:24]
--Run time(s): 1.5539131164551

[2012/12/05 21:12:35][/?portal=mc_web&page=DocDetail&id=106]
SELECT * FROM `document` WHERE `id` = 106 AND `status` = 1  LIMIT 1;
--Start time [2012/12/05 21:12:34]
--Run time(s): 1.2615330219269

[2012/12/05 21:19:13][/?portal=mc_web&page=articleDetail&id=567]
SELECT * FROM `article` WHERE `category_id` = 1 AND `status` = 1 ORDER BY updatetime DESC LIMIT 0,3;
--Start time [2012/12/05 21:19:12]
--Run time(s): 1.0269057750702

[2012/12/05 21:19:52][/?portal=mc_web&page=articleDetail&id=560]
SELECT * FROM `article` WHERE `category_id` = 1 AND `status` = 1 ORDER BY updatetime DESC LIMIT 0,3;
--Start time [2012/12/05 21:19:49]
--Run time(s): 2.8507699966431

[2012/12/05 21:20:43][/?portal=mc_web&page=articleDetail&id=549]
SELECT `subject`,`updatetime`,`article_id` FROM `article` WHERE `article_id` != 549 AND `category_id` = 1 AND `updatetime` < TIMESTAMP('2012-10-25 14:12:16') AND  `status` = 1 ORDER BY updatetime DESC LIMIT 0,5;
--Start time [2012/12/05 21:20:42]
--Run time(s): 0.72616696357727

[2012/12/05 21:22:35][/?portal=mc_web&page=articleDetail&id=513]
SELECT `hocsinh_id`,`class_id`,`location_id`,`updatetime` FROM `hocsinh` WHERE `status` = 1 ORDER BY updatetime DESC LIMIT 0,5;
--Start time [2012/12/05 21:22:34]
--Run time(s): 0.53765487670898

[2012/12/05 21:22:36][/?portal=mc_web&page=articleDetail&id=513]
SELECT * FROM `article` WHERE `category_id` = 7 AND `status` = 1 ORDER BY updatetime DESC LIMIT 0,3;
--Start time [2012/12/05 21:22:35]
--Run time(s): 0.95723009109497

[2012/12/05 21:32:43][/?portal=mc_web&page=articleDetail&id=360]
SELECT `id`,`modules`,`title`,`description`,`keyword` FROM `page` WHERE `id`='29' LIMIT 1;
--Start time [2012/12/05 21:32:42]
--Run time(s): 0.53589296340942

[2012/12/05 21:33:59][/?portal=mc_web&page=articleDetail&id=345]
SELECT `hocsinh_id`,`class_id`,`location_id`,`updatetime` FROM `hocsinh` WHERE `status` = 1 ORDER BY updatetime DESC LIMIT 0,5;
--Start time [2012/12/05 21:33:57]
--Run time(s): 1.0552718639374

[2012/12/05 21:33:59][/?portal=mc_web&page=articleDetail&id=345]
SELECT `name` FROM `class` WHERE class_id = 17 LIMIT 1;
--Start time [2012/12/05 21:33:59]
--Run time(s): 0.82606816291809

[2012/12/05 21:35:45][/?portal=mc_web&page=articleDetail&id=335]
SELECT `category_id`,`updatetime` FROM `article` WHERE `article_id`=335 LIMIT 1;
--Start time [2012/12/05 21:35:42]
--Run time(s): 3.5291240215302

[2012/12/05 21:35:53][/?portal=mc_web&page=articleDetail&id=333]
SELECT * FROM `article` WHERE `category_id` = 5 AND `status` = 1 ORDER BY updatetime DESC LIMIT 0,3;
--Start time [2012/12/05 21:35:52]
--Run time(s): 1.0553090572357

[2012/12/05 21:35:57][/?portal=mc_web&page=articleDetail&id=334]
SELECT `name` FROM `location` WHERE `location_id` =2 LIMIT 1;
--Start time [2012/12/05 21:35:57]
--Run time(s): 0.50177192687988

[2012/12/05 21:36:03][/?portal=mc_web&page=articleDetail&id=332]
SELECT `hocsinh_id`,`class_id`,`location_id`,`updatetime` FROM `hocsinh` WHERE `status` = 1 ORDER BY updatetime DESC LIMIT 0,5;
--Start time [2012/12/05 21:36:02]
--Run time(s): 0.57322692871094

[2012/12/05 21:36:03][/?portal=mc_web&page=articleDetail&id=332]
SELECT `name` FROM `class` WHERE class_id = 17 LIMIT 1;
--Start time [2012/12/05 21:36:03]
--Run time(s): 0.51531100273132

[2012/12/05 21:36:05][/?portal=mc_web&page=articleDetail&id=332]
SELECT * FROM `article` WHERE `status`= 1 AND `article_id`=332 LIMIT 1;
--Start time [2012/12/05 21:36:04]
--Run time(s): 0.59628415107727

[2012/12/05 21:36:05][/?portal=mc_web&page=articleDetail&id=332]
SELECT `category_id`,`updatetime` FROM `article` WHERE `article_id`=332 LIMIT 1;
--Start time [2012/12/05 21:36:05]
--Run time(s): 0.594642162323

[2012/12/05 21:36:07][/?portal=mc_web&page=articleDetail&id=332]
SELECT `subject`,`updatetime`,`article_id` FROM `article` WHERE `article_id` != 332 AND `category_id` = 1 AND `updatetime` > TIMESTAMP('2012-08-13 15:00:06') AND `status` = 1 ORDER BY updatetime DESC LIMIT 0,5;
--Start time [2012/12/05 21:36:05]
--Run time(s): 1.1196799278259

[2012/12/05 21:36:12][/?portal=mc_web&page=articleDetail&id=332]
SELECT `subject`,`updatetime`,`article_id` FROM `article` WHERE `article_id` != 332 AND `category_id` = 1 AND `updatetime` < TIMESTAMP('2012-08-13 15:00:06') AND  `status` = 1 ORDER BY updatetime DESC LIMIT 0,5;
--Start time [2012/12/05 21:36:07]
--Run time(s): 5.3025019168854

[2012/12/05 21:36:14][/?portal=mc_web&page=articleDetail&id=332]
SELECT * FROM `article` WHERE `category_id` = 5 AND `status` = 1 ORDER BY updatetime DESC LIMIT 0,3;
--Start time [2012/12/05 21:36:12]
--Run time(s): 1.4265248775482

[2012/12/05 21:36:15][/?portal=mc_web&page=articleDetail&id=332]
SELECT * FROM `article` WHERE `category_id` = 1 AND `status` = 1 ORDER BY updatetime DESC LIMIT 0,3;
--Start time [2012/12/05 21:36:14]
--Run time(s): 1.65838098526

[2012/12/05 21:36:17][/?portal=mc_web&page=articleDetail&id=332]
SELECT * FROM `article` WHERE `category_id` = 2 AND `status` = 1 ORDER BY updatetime DESC LIMIT 0,3;
--Start time [2012/12/05 21:36:15]
--Run time(s): 1.2582738399506

[2012/12/05 21:36:19][/?portal=mc_web&page=articleDetail&id=332]
SELECT * FROM `article` WHERE `category_id` = 7 AND `status` = 1 ORDER BY updatetime DESC LIMIT 0,3;
--Start time [2012/12/05 21:36:17]
--Run time(s): 2.4207620620728

[2012/12/05 21:36:21][/?portal=mc_web&page=articleDetail&id=326]
SELECT `id`,`portal_name` FROM `portal` WHERE portal_name='mc_web' AND publish_flg='1' LIMIT 1;
--Start time [2012/12/05 21:36:20]
--Run time(s): 0.80516910552979

[2012/12/05 21:36:21][/?portal=mc_web&page=articleDetail&id=326]
SELECT `id`,`page_name`,`layout`,`modules`,`portal_id`,`master_id`,`title`,`description`,`keyword` FROM `page` WHERE page_name='articleDetail' AND portal_id='13' AND publish_flg='1' LIMIT 1;
--Start time [2012/12/05 21:36:21]
--Run time(s): 0.65824699401855

[2012/12/05 21:36:23][/?portal=mc_web&page=articleDetail&id=326]
SELECT `id`,`modules`,`title`,`description`,`keyword` FROM `page` WHERE `id`='29' LIMIT 1;
--Start time [2012/12/05 21:36:21]
--Run time(s): 1.6271929740906

[2012/12/05 21:36:24][/?portal=mc_web&page=articleDetail&id=326]
SELECT `hocsinh_id`,`class_id`,`location_id`,`updatetime` FROM `hocsinh` WHERE `status` = 1 ORDER BY updatetime DESC LIMIT 0,5;
--Start time [2012/12/05 21:36:23]
--Run time(s): 0.7026698589325

[2012/12/05 21:36:27][/?portal=mc_web&page=articleDetail&id=326]
SELECT `name` FROM `class` WHERE class_id = 17 LIMIT 1;
--Start time [2012/12/05 21:36:24]
--Run time(s): 2.8546268939972

[2012/12/05 21:36:28][/?portal=mc_web&page=articleDetail&id=326]
SELECT `name` FROM `class` WHERE class_id = 9 LIMIT 1;
--Start time [2012/12/05 21:36:27]
--Run time(s): 1.4925498962402

[2012/12/05 21:36:30][/?portal=mc_web&page=articleDetail&id=326]
SELECT `name` FROM `location` WHERE `location_id` =2 LIMIT 1;
--Start time [2012/12/05 21:36:28]
--Run time(s): 1.1647870540619

[2012/12/05 21:36:31][/?portal=mc_web&page=articleDetail&id=326]
SELECT * FROM `article` WHERE `status`= 1 AND `article_id`=326 LIMIT 1;
--Start time [2012/12/05 21:36:30]
--Run time(s): 0.87459897994995

[2012/12/05 21:36:31][/?portal=mc_web&page=articleDetail&id=326]
SELECT `category_id`,`updatetime` FROM `article` WHERE `article_id`=326 LIMIT 1;
--Start time [2012/12/05 21:36:31]
--Run time(s): 0.59310102462769

[2012/12/05 21:36:32][/?portal=mc_web&page=articleDetail&id=326]
SELECT `subject`,`updatetime`,`article_id` FROM `article` WHERE `article_id` != 326 AND `category_id` = 1 AND `updatetime` > TIMESTAMP('2012-08-12 16:21:29') AND `status` = 1 ORDER BY updatetime DESC LIMIT 0,5;
--Start time [2012/12/05 21:36:31]
--Run time(s): 0.55553483963013

[2012/12/05 21:36:34][/?portal=mc_web&page=articleDetail&id=326]
SELECT `subject`,`updatetime`,`article_id` FROM `article` WHERE `article_id` != 326 AND `category_id` = 1 AND `updatetime` < TIMESTAMP('2012-08-12 16:21:29') AND  `status` = 1 ORDER BY updatetime DESC LIMIT 0,5;
--Start time [2012/12/05 21:36:32]
--Run time(s): 1.6508948802948

[2012/12/05 21:36:35][/?portal=mc_web&page=articleDetail&id=326]
SELECT * FROM `article` WHERE `category_id` = 5 AND `status` = 1 ORDER BY updatetime DESC LIMIT 0,3;
--Start time [2012/12/05 21:36:34]
--Run time(s): 1.5315988063812

[2012/12/05 21:36:36][/?portal=mc_web&page=articleDetail&id=326]
SELECT * FROM `article` WHERE `category_id` = 1 AND `status` = 1 ORDER BY updatetime DESC LIMIT 0,3;
--Start time [2012/12/05 21:36:35]
--Run time(s): 0.92962002754211

[2012/12/05 21:36:38][/?portal=mc_web&page=articleDetail&id=326]
SELECT * FROM `article` WHERE `category_id` = 7 AND `status` = 1 ORDER BY updatetime DESC LIMIT 0,3;
--Start time [2012/12/05 21:36:37]
--Run time(s): 1.0800230503082

[2012/12/05 21:36:39][/?portal=mc_web&page=articleDetail&id=325]
SELECT `id`,`page_name`,`layout`,`modules`,`portal_id`,`master_id`,`title`,`description`,`keyword` FROM `page` WHERE page_name='articleDetail' AND portal_id='13' AND publish_flg='1' LIMIT 1;
--Start time [2012/12/05 21:36:39]
--Run time(s): 0.58451414108276

[2012/12/05 21:36:40][/?portal=mc_web&page=articleDetail&id=325]
SELECT `name` FROM `location` WHERE `location_id` =78 LIMIT 1;
--Start time [2012/12/05 21:36:40]
--Run time(s): 0.53240513801575

[2012/12/05 21:36:43][/?portal=mc_web&page=articleDetail&id=325]
SELECT `category_id`,`updatetime` FROM `article` WHERE `article_id`=325 LIMIT 1;
--Start time [2012/12/05 21:36:41]
--Run time(s): 1.5535528659821

[2012/12/05 21:36:44][/?portal=mc_web&page=articleDetail&id=325]
SELECT `subject`,`updatetime`,`article_id` FROM `article` WHERE `article_id` != 325 AND `category_id` = 1 AND `updatetime` > TIMESTAMP('2012-08-12 16:21:27') AND `status` = 1 ORDER BY updatetime DESC LIMIT 0,5;
--Start time [2012/12/05 21:36:43]
--Run time(s): 1.1205129623413

[2012/12/05 21:36:46][/?portal=mc_web&page=articleDetail&id=325]
SELECT * FROM `article` WHERE `category_id` = 5 AND `status` = 1 ORDER BY updatetime DESC LIMIT 0,3;
--Start time [2012/12/05 21:36:45]
--Run time(s): 0.66447997093201

[2012/12/05 21:36:47][/?portal=mc_web&page=articleDetail&id=325]
SELECT * FROM `article` WHERE `category_id` = 2 AND `status` = 1 ORDER BY updatetime DESC LIMIT 0,3;
--Start time [2012/12/05 21:36:46]
--Run time(s): 0.57487320899963

[2012/12/05 21:36:48][/?portal=mc_web&page=articleDetail&id=325]
SELECT * FROM `article` WHERE `category_id` = 7 AND `status` = 1 ORDER BY updatetime DESC LIMIT 0,3;
--Start time [2012/12/05 21:36:47]
--Run time(s): 0.94901084899902

[2012/12/05 21:36:49][/?portal=mc_web&page=articleDetail&id=323]
SELECT `id`,`portal_name` FROM `portal` WHERE portal_name='mc_web' AND publish_flg='1' LIMIT 1;
--Start time [2012/12/05 21:36:49]
--Run time(s): 0.90752100944519

[2012/12/05 21:36:52][/?portal=mc_web&page=articleDetail&id=323]
SELECT * FROM `article` WHERE `status`= 1 AND `article_id`=323 LIMIT 1;
--Start time [2012/12/05 21:36:51]
--Run time(s): 0.70448613166809

[2012/12/05 21:36:54][/?portal=mc_web&page=articleDetail&id=323]
SELECT `subject`,`updatetime`,`article_id` FROM `article` WHERE `article_id` != 323 AND `category_id` = 1 AND `updatetime` > TIMESTAMP('2012-08-12 13:22:37') AND `status` = 1 ORDER BY updatetime DESC LIMIT 0,5;
--Start time [2012/12/05 21:36:52]
--Run time(s): 1.6938920021057

[2012/12/05 21:36:55][/?portal=mc_web&page=articleDetail&id=323]
SELECT `subject`,`updatetime`,`article_id` FROM `article` WHERE `article_id` != 323 AND `category_id` = 1 AND `updatetime` < TIMESTAMP('2012-08-12 13:22:37') AND  `status` = 1 ORDER BY updatetime DESC LIMIT 0,5;
--Start time [2012/12/05 21:36:54]
--Run time(s): 0.9519670009613

[2012/12/05 21:36:56][/?portal=mc_web&page=articleDetail&id=323]
SELECT * FROM `article` WHERE `category_id` = 1 AND `status` = 1 ORDER BY updatetime DESC LIMIT 0,3;
--Start time [2012/12/05 21:36:55]
--Run time(s): 0.75587010383606

[2012/12/05 21:36:57][/?portal=mc_web&page=articleDetail&id=323]
SELECT * FROM `article` WHERE `category_id` = 2 AND `status` = 1 ORDER BY updatetime DESC LIMIT 0,3;
--Start time [2012/12/05 21:36:56]
--Run time(s): 0.51060509681702

[2012/12/05 21:36:59][/?portal=mc_web&page=articleDetail&id=323]
SELECT * FROM `article` WHERE `category_id` = 7 AND `status` = 1 ORDER BY updatetime DESC LIMIT 0,3;
--Start time [2012/12/05 21:36:57]
--Run time(s): 2.1114938259125

[2012/12/05 21:37:00][/?portal=mc_web&page=articleDetail&id=324]
SELECT `id`,`portal_name` FROM `portal` WHERE portal_name='mc_web' AND publish_flg='1' LIMIT 1;
--Start time [2012/12/05 21:36:59]
--Run time(s): 0.56083297729492

[2012/12/05 21:37:01][/?portal=mc_web&page=articleDetail&id=324]
SELECT `hocsinh_id`,`class_id`,`location_id`,`updatetime` FROM `hocsinh` WHERE `status` = 1 ORDER BY updatetime DESC LIMIT 0,5;
--Start time [2012/12/05 21:37:00]
--Run time(s): 1.0210251808167

[2012/12/05 21:37:03][/?portal=mc_web&page=articleDetail&id=324]
SELECT `name` FROM `location` WHERE `location_id` =78 LIMIT 1;
--Start time [2012/12/05 21:37:02]
--Run time(s): 0.74954295158386

[2012/12/05 21:37:03][/?portal=mc_web&page=articleDetail&id=324]
SELECT `name` FROM `class` WHERE class_id = 9 LIMIT 1;
--Start time [2012/12/05 21:37:03]
--Run time(s): 0.75961399078369

[2012/12/05 21:37:04][/?portal=mc_web&page=articleDetail&id=324]
SELECT `name` FROM `location` WHERE `location_id` =2 LIMIT 1;
--Start time [2012/12/05 21:37:04]
--Run time(s): 0.61597800254822

[2012/12/05 21:37:05][/?portal=mc_web&page=articleDetail&id=324]
SELECT * FROM `article` WHERE `status`= 1 AND `article_id`=324 LIMIT 1;
--Start time [2012/12/05 21:37:04]
--Run time(s): 1.2241389751434

[2012/12/05 21:37:08][/?portal=mc_web&page=articleDetail&id=324]
SELECT `subject`,`updatetime`,`article_id` FROM `article` WHERE `article_id` != 324 AND `category_id` = 1 AND `updatetime` < TIMESTAMP('2012-08-12 16:21:26') AND  `status` = 1 ORDER BY updatetime DESC LIMIT 0,5;
--Start time [2012/12/05 21:37:06]
--Run time(s): 1.4840879440308

[2012/12/05 21:37:09][/?portal=mc_web&page=articleDetail&id=324]
SELECT * FROM `article` WHERE `category_id` = 5 AND `status` = 1 ORDER BY updatetime DESC LIMIT 0,3;
--Start time [2012/12/05 21:37:08]
--Run time(s): 0.84650707244873

