[2012/12/23 12:52:34][/?portal=mc_web&page=listTeacherb]
SELECT `hocsinh_id`,`class_id`,`location_id`,`updatetime` FROM `hocsinh` WHERE `status` = 1 ORDER BY updatetime DESC LIMIT 0,5;
--Start time [2012/12/23 12:52:34]
--Run time(s): 0.52341794967651

[2012/12/23 12:59:06][/?portal=mc_web&page=DocOfClass&classID=12&cateID=4]
SELECT `id`,`portal_name` FROM `portal` WHERE portal_name='mc_web' AND publish_flg='1' LIMIT 1;
--Start time [2012/12/23 12:59:05]
--Run time(s): 0.69552683830261

[2012/12/23 12:59:09][/?portal=mc_web&page=DocOfClass&classID=12&cateID=4]
SELECT `id`,`page_name`,`layout`,`modules`,`portal_id`,`master_id`,`title`,`description`,`keyword` FROM `page` WHERE page_name='DocOfClass' AND portal_id='13' AND publish_flg='1' LIMIT 1;
--Start time [2012/12/23 12:59:06]
--Run time(s): 2.6134269237518

[2012/12/23 12:59:10][/?portal=mc_web&page=DocOfClass&classID=12&cateID=4]
SELECT `hocsinh_id`,`class_id`,`location_id`,`updatetime` FROM `hocsinh` WHERE `status` = 1 ORDER BY updatetime DESC LIMIT 0,5;
--Start time [2012/12/23 12:59:09]
--Run time(s): 0.84333801269531

[2012/12/23 12:59:11][/?portal=mc_web&page=DocOfClass&classID=12&cateID=4]
SELECT `name` FROM `class` WHERE class_id = 17 LIMIT 1;
--Start time [2012/12/23 12:59:10]
--Run time(s): 0.80443000793457

[2012/12/23 12:59:13][/?portal=mc_web&page=DocOfClass&classID=12&cateID=4]
SELECT `name` FROM `class` WHERE class_id = 9 LIMIT 1;
--Start time [2012/12/23 12:59:11]
--Run time(s): 1.9807488918304

[2012/12/23 12:59:15][/?portal=mc_web&page=DocOfClass&classID=12&cateID=4]
SELECT COUNT(`id`) AS rows FROM `document` WHERE `doc_cate_id` = '4' AND `classID` = '12' AND `status` = 1 ;
--Start time [2012/12/23 12:59:14]
--Run time(s): 1.3051760196686

[2012/12/23 12:59:16][/?portal=mc_web&page=DocOfClass&classID=12&cateID=4]
SELECT * FROM `document` WHERE `doc_cate_id` = '4' AND `classID` = '12' AND `status` = 1  ORDER BY updatetime DESC LIMIT 0,20;
--Start time [2012/12/23 12:59:15]
--Run time(s): 0.71580910682678

