[2013/03/26 07:15:35][/?portal=mc_web&page=DocOfClass&classID=16&cateID=2]
SELECT `id`,`portal_name` FROM `portal` WHERE portal_name='mc_web' AND publish_flg='1' LIMIT 1;
--Start time [2013/03/26 07:15:34]
--Run time(s): 1.0832931995392

[2013/03/26 07:15:36][/?portal=mc_web&page=DocOfClass&classID=16&cateID=2]
SELECT `id`,`page_name`,`layout`,`modules`,`portal_id`,`master_id`,`title`,`description`,`keyword` FROM `page` WHERE page_name='DocOfClass' AND portal_id='13' AND publish_flg='1' LIMIT 1;
--Start time [2013/03/26 07:15:35]
--Run time(s): 1.3335189819336

[2013/03/26 07:15:38][/?portal=mc_web&page=DocOfClass&classID=16&cateID=2]
SELECT `id`,`modules`,`title`,`description`,`keyword` FROM `page` WHERE `id`='70' LIMIT 1;
--Start time [2013/03/26 07:15:36]
--Run time(s): 1.6158490180969

[2013/03/26 07:15:39][/?portal=mc_web&page=DocOfClass&classID=16&cateID=2]
SELECT `hocsinh_id`,`class_id`,`location_id`,`updatetime` FROM `hocsinh` WHERE `status` = 1 ORDER BY updatetime DESC LIMIT 0,5;
--Start time [2013/03/26 07:15:38]
--Run time(s): 0.50377321243286

[2013/03/26 07:15:40][/?portal=mc_web&page=DocOfClass&classID=16&cateID=2]
SELECT `name` FROM `class` WHERE class_id = 17 LIMIT 1;
--Start time [2013/03/26 07:15:39]
--Run time(s): 0.71580982208252

[2013/03/26 07:15:41][/?portal=mc_web&page=DocOfClass&classID=16&cateID=2]
SELECT `name` FROM `class` WHERE class_id = 9 LIMIT 1;
--Start time [2013/03/26 07:15:40]
--Run time(s): 0.70241498947144

[2013/03/26 07:15:43][/?portal=mc_web&page=DocOfClass&classID=16&cateID=2]
SELECT `name` FROM `location` WHERE `location_id` =2 LIMIT 1;
--Start time [2013/03/26 07:15:41]
--Run time(s): 1.865257024765

[2013/03/26 07:15:43][/?portal=mc_web&page=DocOfClass&classID=16&cateID=2]
SELECT COUNT(`id`) AS rows FROM `document` WHERE `doc_cate_id` = '2' AND `classID` = '16' AND `status` = 1 ;
--Start time [2013/03/26 07:15:43]
--Run time(s): 0.9092800617218

[2013/03/26 07:15:44][/?portal=mc_web&page=DocOfClass&classID=16&cateID=2]
SELECT * FROM `document` WHERE `doc_cate_id` = '2' AND `classID` = '16' AND `status` = 1  ORDER BY updatetime DESC LIMIT 0,20;
--Start time [2013/03/26 07:15:43]
--Run time(s): 0.62650513648987

[2013/03/26 07:15:45][/?portal=mc_web&page=DocOfClass&classID=16&cateID=2]
SELECT * FROM `class`;
--Start time [2013/03/26 07:15:44]
--Run time(s): 0.55247497558594

