[2013/02/15 16:21:06][/?id=314&page=articleDetail&portal=mc_web]
SELECT `hocsinh_id`,`class_id`,`location_id`,`updatetime` FROM `hocsinh` WHERE `status` = 1 ORDER BY updatetime DESC LIMIT 0,5;
--Start time [2013/02/15 16:21:05]
--Run time(s): 0.66910099983215

[2013/02/15 16:21:06][/?id=316&page=articleDetail&portal=mc_web]
SELECT `hocsinh_id`,`class_id`,`location_id`,`updatetime` FROM `hocsinh` WHERE `status` = 1 ORDER BY updatetime DESC LIMIT 0,5;
--Start time [2013/02/15 16:21:05]
--Run time(s): 0.6530168056488

[2013/02/15 16:21:06][/?name=20120922/admin_1348310236.pdf&page=Download&portal=mc_web]
SELECT `hocsinh_id`,`class_id`,`location_id`,`updatetime` FROM `hocsinh` WHERE `status` = 1 ORDER BY updatetime DESC LIMIT 0,5;
--Start time [2013/02/15 16:21:05]
--Run time(s): 0.65763998031616

[2013/02/15 16:34:56][/?id=116&page=DocDetail&portal=mc_web]
SELECT `name` FROM `class` WHERE class_id = 9 LIMIT 1;
--Start time [2013/02/15 16:34:51]
--Run time(s): 4.852353811264

[2013/02/15 16:35:00][/?id=116&page=DocDetail&portal=mc_web]
SELECT `name` FROM `location` WHERE `location_id` =2 LIMIT 1;
--Start time [2013/02/15 16:34:56]
--Run time(s): 3.6701459884644

[2013/02/15 16:35:01][/?id=116&page=DocDetail&portal=mc_web]
SELECT * FROM `document` WHERE `id` = 116 AND `status` = 1  LIMIT 1;
--Start time [2013/02/15 16:35:00]
--Run time(s): 1.247761964798

[2013/02/15 16:35:02][/?id=116&page=DocDetail&portal=mc_web]
SELECT `doc_cate_id`,`updatetime`,`classID`,`type`,`author` FROM `document` WHERE `id`=116 LIMIT 1;
--Start time [2013/02/15 16:35:01]
--Run time(s): 0.93882918357849

[2013/02/15 16:35:03][/?id=116&page=DocDetail&portal=mc_web]
SELECT `name`,`updatetime`,`id` FROM `document` WHERE `id` != 116 AND `doc_cate_id` = 4 AND `classID` = 17 AND `updatetime` > TIMESTAMP('2012-09-22 17:00:52') AND `status` = 1 ORDER BY updatetime DESC LIMIT 0,5;
--Start time [2013/02/15 16:35:02]
--Run time(s): 0.73894119262695

[2013/02/15 16:36:04][/?id=115&page=DocDetail&portal=mc_web]
SELECT `hocsinh_id`,`class_id`,`location_id`,`updatetime` FROM `hocsinh` WHERE `status` = 1 ORDER BY updatetime DESC LIMIT 0,5;
--Start time [2013/02/15 16:36:03]
--Run time(s): 0.83081293106079

[2013/02/15 16:36:04][/?id=113&page=DocDetail&portal=mc_web]
SELECT `hocsinh_id`,`class_id`,`location_id`,`updatetime` FROM `hocsinh` WHERE `status` = 1 ORDER BY updatetime DESC LIMIT 0,5;
--Start time [2013/02/15 16:36:03]
--Run time(s): 0.829185962677

[2013/02/15 16:36:04][/?id=114&page=DocDetail&portal=mc_web]
SELECT `hocsinh_id`,`class_id`,`location_id`,`updatetime` FROM `hocsinh` WHERE `status` = 1 ORDER BY updatetime DESC LIMIT 0,5;
--Start time [2013/02/15 16:36:03]
--Run time(s): 0.83417510986328

[2013/02/15 16:42:31][/]
SELECT `id`,`page_name`,`layout`,`modules`,`portal_id`,`master_id`,`title`,`description`,`keyword` FROM `page` WHERE page_name='index' AND portal_id='13' AND publish_flg='1' LIMIT 1;
--Start time [2013/02/15 16:42:28]
--Run time(s): 2.6469841003418

[2013/02/15 16:42:31][/?id=110&page=DocDetail&portal=mc_web]
SELECT * FROM `document` WHERE `id` = 110 AND `status` = 1  LIMIT 1;
--Start time [2013/02/15 16:42:28]
--Run time(s): 2.6003701686859

[2013/02/15 16:42:31][/?id=103&page=DocDetail&portal=mc_web]
SELECT * FROM `document` WHERE `id` = 103 AND `status` = 1  LIMIT 1;
--Start time [2013/02/15 16:42:28]
--Run time(s): 2.6290509700775

[2013/02/15 16:42:39][/?id=103&page=DocDetail&portal=mc_web]
SELECT `doc_cate_id`,`updatetime`,`classID`,`type`,`author` FROM `document` WHERE `id`=103 LIMIT 1;
--Start time [2013/02/15 16:42:31]
--Run time(s): 8.2010178565979

[2013/02/15 16:42:39][/?id=110&page=DocDetail&portal=mc_web]
SELECT * FROM `class`;
--Start time [2013/02/15 16:42:31]
--Run time(s): 8.1806709766388

[2013/02/15 16:42:39][/]
SELECT * FROM `article` WHERE `category_id` = 3 AND `status` = 1 ORDER BY updatetime DESC LIMIT 0,5;
--Start time [2013/02/15 16:42:31]
--Run time(s): 8.135782957077

[2013/02/15 16:42:40][/]
SELECT * FROM `article` WHERE `category_id` = 1 AND `status` = 1 ORDER BY updatetime DESC LIMIT 0,3;
--Start time [2013/02/15 16:42:40]
--Run time(s): 0.52158403396606

[2013/02/15 16:42:40][/?id=103&page=DocDetail&portal=mc_web]
SELECT * FROM `class`;
--Start time [2013/02/15 16:42:40]
--Run time(s): 0.62777090072632

[2013/02/15 16:42:53][/?cateID=4&classID=17&page=DocOfClass&page_no=2&portal=mc_web]
SELECT `id`,`page_name`,`layout`,`modules`,`portal_id`,`master_id`,`title`,`description`,`keyword` FROM `page` WHERE page_name='DocOfClass' AND portal_id='13' AND publish_flg='1' LIMIT 1;
--Start time [2013/02/15 16:42:52]
--Run time(s): 0.84748005867004

[2013/02/15 16:42:53][/?cateID=4&classID=17&page=DocOfClass&page_no=3&portal=mc_web]
SELECT `id`,`page_name`,`layout`,`modules`,`portal_id`,`master_id`,`title`,`description`,`keyword` FROM `page` WHERE page_name='DocOfClass' AND portal_id='13' AND publish_flg='1' LIMIT 1;
--Start time [2013/02/15 16:42:52]
--Run time(s): 0.84066605567932

