[2013/04/03 07:38:00][/?portal=mc_web&page=articleDetail&id=330]
SELECT `id`,`page_name`,`layout`,`modules`,`portal_id`,`master_id`,`title`,`description`,`keyword` FROM `page` WHERE page_name='articleDetail' AND portal_id='13' AND publish_flg='1' LIMIT 1;
--Start time [2013/04/03 07:37:59]
--Run time(s): 1.2699439525604

[2013/04/03 07:38:01][/?portal=mc_web&page=articleDetail&id=330]
SELECT `hocsinh_id`,`class_id`,`location_id`,`updatetime` FROM `hocsinh` WHERE `status` = 1 ORDER BY updatetime DESC LIMIT 0,5;
--Start time [2013/04/03 07:38:01]
--Run time(s): 0.50070881843567

[2013/04/03 07:38:02][/?portal=mc_web&page=articleDetail&id=330]
SELECT `name` FROM `location` WHERE `location_id` =78 LIMIT 1;
--Start time [2013/04/03 07:38:02]
--Run time(s): 0.63412618637085

[2013/04/03 07:38:04][/?portal=mc_web&page=articleDetail&id=330]
SELECT `subject`,`updatetime`,`article_id` FROM `article` WHERE `article_id` != 330 AND `category_id` = 7 AND `updatetime` > TIMESTAMP('2012-08-12 20:52:30') AND `status` = 1 ORDER BY updatetime DESC LIMIT 0,5;
--Start time [2013/04/03 07:38:03]
--Run time(s): 0.95155215263367

[2013/04/03 07:38:05][/?portal=mc_web&page=articleDetail&id=330]
SELECT * FROM `article` WHERE `category_id` = 1 AND `status` = 1 ORDER BY updatetime DESC LIMIT 0,3;
--Start time [2013/04/03 07:38:04]
--Run time(s): 0.67831182479858

[2013/04/03 07:38:06][/?portal=mc_web&page=articleDetail&id=330]
SELECT * FROM `article` WHERE `category_id` = 2 AND `status` = 1 ORDER BY updatetime DESC LIMIT 0,3;
--Start time [2013/04/03 07:38:05]
--Run time(s): 1.0272710323334

