[2012/11/02 08:34:49][/?portal=mc_web&page=Download&name=20120812/admin_1344760185.001]
SELECT `id`,`page_name`,`layout`,`modules`,`portal_id`,`master_id`,`title`,`description`,`keyword` FROM `page` WHERE page_name='Download' AND portal_id='13' AND publish_flg='1' LIMIT 1;
--Start time [2012/11/02 08:34:47]
--Run time(s): 2.4244940280914

[2012/11/02 08:34:51][/?portal=mc_web&page=Download&name=20120812/admin_1344760185.001]
SELECT `id`,`modules`,`title`,`description`,`keyword` FROM `page` WHERE `id`='29' LIMIT 1;
--Start time [2012/11/02 08:34:49]
--Run time(s): 1.5748360157013

[2012/11/02 08:34:52][/?portal=mc_web&page=Download&name=20120812/admin_1344760185.001]
SELECT `hocsinh_id`,`class_id`,`location_id`,`updatetime` FROM `hocsinh` WHERE `status` = 1 ORDER BY updatetime DESC LIMIT 0,5;
--Start time [2012/11/02 08:34:51]
--Run time(s): 0.67006802558899

[2012/11/02 08:34:54][/?portal=mc_web&page=Download&name=20120812/admin_1344760185.001]
SELECT `name` FROM `class` WHERE class_id = 17 LIMIT 1;
--Start time [2012/11/02 08:34:52]
--Run time(s): 2.2397861480713

[2012/11/02 08:34:55][/?portal=mc_web&page=Download&name=20120812/admin_1344760185.001]
SELECT `name` FROM `location` WHERE `location_id` =78 LIMIT 1;
--Start time [2012/11/02 08:34:54]
--Run time(s): 0.51563191413879

[2012/11/02 08:34:57][/?portal=mc_web&page=Download&name=20120812/admin_1344760185.001]
SELECT `name` FROM `class` WHERE class_id = 9 LIMIT 1;
--Start time [2012/11/02 08:34:55]
--Run time(s): 2.0304651260376

[2012/11/02 08:34:57][/?portal=mc_web&page=Download&name=20120812/admin_1344760185.001]
SELECT `name` FROM `location` WHERE `location_id` =2 LIMIT 1;
--Start time [2012/11/02 08:34:57]
--Run time(s): 0.63891196250916

[2012/11/02 08:36:08][/?portal=mc_web&page=articleDetail&id=561]
SELECT `id`,`modules`,`title`,`description`,`keyword` FROM `page` WHERE `id`='29' LIMIT 1;
--Start time [2012/11/02 08:36:05]
--Run time(s): 2.494656085968

[2012/11/02 08:36:09][/?portal=mc_web&page=articleDetail&id=561]
SELECT `hocsinh_id`,`class_id`,`location_id`,`updatetime` FROM `hocsinh` WHERE `status` = 1 ORDER BY updatetime DESC LIMIT 0,5;
--Start time [2012/11/02 08:36:08]
--Run time(s): 0.98077797889709

[2012/11/02 08:36:10][/?portal=mc_web&page=articleDetail&id=561]
SELECT `name` FROM `location` WHERE `location_id` =78 LIMIT 1;
--Start time [2012/11/02 08:36:09]
--Run time(s): 1.0136678218842

[2012/11/02 08:36:14][/?portal=mc_web&page=articleDetail&id=561]
SELECT * FROM `article` WHERE `status`= 1 AND `article_id`=561 LIMIT 1;
--Start time [2012/11/02 08:36:11]
--Run time(s): 3.544585943222

[2012/11/02 08:36:16][/?portal=mc_web&page=articleDetail&id=561]
SELECT `subject`,`updatetime`,`article_id` FROM `article` WHERE `article_id` != 561 AND `category_id` = 1 AND `updatetime` < TIMESTAMP('2012-10-29 20:29:51') AND  `status` = 1 ORDER BY updatetime DESC LIMIT 0,5;
--Start time [2012/11/02 08:36:15]
--Run time(s): 1.3649089336395

[2012/11/02 08:36:19][/?portal=mc_web&page=articleDetail&id=561]
SELECT * FROM `article` WHERE `category_id` = 7 AND `status` = 1 ORDER BY updatetime DESC LIMIT 0,3;
--Start time [2012/11/02 08:36:17]
--Run time(s): 1.7709138393402

