[2013/02/02 09:01:45][/?portal=mc_web&page=DocDetail&id=122]
SELECT `id`,`portal_name` FROM `portal` WHERE portal_name='mc_web' AND publish_flg='1' LIMIT 1;
--Start time [2013/02/02 09:01:42]
--Run time(s): 2.412101984024

[2013/02/02 09:01:46][/?portal=mc_web&page=DocDetail&id=122]
SELECT `id`,`page_name`,`layout`,`modules`,`portal_id`,`master_id`,`title`,`description`,`keyword` FROM `page` WHERE page_name='DocDetail' AND portal_id='13' AND publish_flg='1' LIMIT 1;
--Start time [2013/02/02 09:01:45]
--Run time(s): 1.3304100036621

[2013/02/02 09:01:50][/?portal=mc_web&page=DocDetail&id=122]
SELECT `hocsinh_id`,`class_id`,`location_id`,`updatetime` FROM `hocsinh` WHERE `status` = 1 ORDER BY updatetime DESC LIMIT 0,5;
--Start time [2013/02/02 09:01:47]
--Run time(s): 3.0774381160736

[2013/02/02 09:01:51][/?portal=mc_web&page=DocDetail&id=122]
SELECT `name` FROM `class` WHERE class_id = 17 LIMIT 1;
--Start time [2013/02/02 09:01:50]
--Run time(s): 1.4938321113586

[2013/02/02 09:01:58][/?portal=mc_web&page=DocDetail&id=122]
SELECT `name` FROM `location` WHERE `location_id` =78 LIMIT 1;
--Start time [2013/02/02 09:01:51]
--Run time(s): 6.8110339641571

[2013/02/02 09:01:58][/?portal=mc_web&page=articleDetail&id=594]
SELECT `name` FROM `location` WHERE `location_id` =78 LIMIT 1;
--Start time [2013/02/02 09:01:51]
--Run time(s): 6.7222280502319

[2013/02/02 09:01:59][/?portal=mc_web&page=articleDetail&id=594]
SELECT `name` FROM `class` WHERE class_id = 9 LIMIT 1;
--Start time [2013/02/02 09:01:58]
--Run time(s): 0.7615659236908

[2013/02/02 09:01:59][/?portal=mc_web&page=DocDetail&id=122]
SELECT * FROM `document` WHERE `id` = 122 AND `status` = 1  LIMIT 1;
--Start time [2013/02/02 09:01:58]
--Run time(s): 0.7490131855011

[2013/02/02 09:02:01][/?portal=mc_web&page=articleDetail&id=594]
SELECT * FROM `article` WHERE `category_id` = 1 AND `status` = 1 ORDER BY updatetime DESC LIMIT 0,3;
--Start time [2013/02/02 09:02:00]
--Run time(s): 1.1009628772736

[2013/02/02 09:02:02][/?portal=mc_web&page=articleDetail&id=594]
SELECT * FROM `article` WHERE `category_id` = 2 AND `status` = 1 ORDER BY updatetime DESC LIMIT 0,3;
--Start time [2013/02/02 09:02:01]
--Run time(s): 1.136488199234

[2013/02/02 09:02:05][/?portal=mc_web&page=articleDetail&id=594]
SELECT * FROM `article` WHERE `category_id` = 7 AND `status` = 1 ORDER BY updatetime DESC LIMIT 0,3;
--Start time [2013/02/02 09:02:02]
--Run time(s): 3.0178740024567

