[2012/12/11 14:10:06][/?portal=mc_web&page=articleDetail&id=514]
SELECT * FROM `article` WHERE `category_id` = 1 AND `status` = 1 ORDER BY updatetime DESC LIMIT 0,3;
--Start time [2012/12/11 14:10:06]
--Run time(s): 0.56206703186035

[2012/12/11 14:30:14][/?portal=mc_web&page=articleDetail&id=512]
SELECT `id`,`portal_name` FROM `portal` WHERE portal_name='mc_web' AND publish_flg='1' LIMIT 1;
--Start time [2012/12/11 14:30:13]
--Run time(s): 0.96940493583679

[2012/12/11 14:30:16][/?portal=mc_web&page=articleDetail&id=512]
SELECT `id`,`modules`,`title`,`description`,`keyword` FROM `page` WHERE `id`='29' LIMIT 1;
--Start time [2012/12/11 14:30:14]
--Run time(s): 1.6753010749817

[2012/12/11 14:30:17][/?portal=mc_web&page=articleDetail&id=512]
SELECT `hocsinh_id`,`class_id`,`location_id`,`updatetime` FROM `hocsinh` WHERE `status` = 1 ORDER BY updatetime DESC LIMIT 0,5;
--Start time [2012/12/11 14:30:16]
--Run time(s): 0.87457680702209

[2012/12/11 14:30:18][/?portal=mc_web&page=articleDetail&id=512]
SELECT `name` FROM `class` WHERE class_id = 17 LIMIT 1;
--Start time [2012/12/11 14:30:17]
--Run time(s): 0.82166194915771

[2012/12/11 14:30:19][/?portal=mc_web&page=articleDetail&id=512]
SELECT * FROM `article` WHERE `status`= 1 AND `article_id`=512 LIMIT 1;
--Start time [2012/12/11 14:30:18]
--Run time(s): 0.62499094009399

[2012/12/11 14:30:20][/?portal=mc_web&page=articleDetail&id=512]
SELECT * FROM `article` WHERE `category_id` = 1 AND `status` = 1 ORDER BY updatetime DESC LIMIT 0,3;
--Start time [2012/12/11 14:30:19]
--Run time(s): 1.0862081050873

