[2012/11/21 13:03:09][/?portal=mc_web&page=articleDetail&id=568]
SELECT `hocsinh_id`,`class_id`,`location_id`,`updatetime` FROM `hocsinh` WHERE `status` = 1 ORDER BY updatetime DESC LIMIT 0,5;
--Start time [2012/11/21 13:03:08]
--Run time(s): 0.83400297164917

[2012/11/21 13:03:10][/?portal=mc_web&page=articleDetail&id=568]
SELECT * FROM `article` WHERE `category_id` = 2 AND `status` = 1 ORDER BY updatetime DESC LIMIT 0,3;
--Start time [2012/11/21 13:03:10]
--Run time(s): 0.86404514312744

[2012/11/21 13:12:25][/?portal=mc_web&page=articleDetail&id=564]
SELECT `hocsinh_id`,`class_id`,`location_id`,`updatetime` FROM `hocsinh` WHERE `status` = 1 ORDER BY updatetime DESC LIMIT 0,5;
--Start time [2012/11/21 13:12:24]
--Run time(s): 0.57386016845703

[2012/11/21 13:12:26][/?portal=mc_web&page=articleDetail&id=564]
SELECT * FROM `article` WHERE `status`= 1 AND `article_id`=564 LIMIT 1;
--Start time [2012/11/21 13:12:25]
--Run time(s): 0.7215461730957

[2012/11/21 13:12:27][/?portal=mc_web&page=articleDetail&id=564]
SELECT `category_id`,`updatetime` FROM `article` WHERE `article_id`=564 LIMIT 1;
--Start time [2012/11/21 13:12:26]
--Run time(s): 1.5495450496674

[2012/11/21 13:12:29][/?portal=mc_web&page=articleDetail&id=564]
SELECT * FROM `article` WHERE `category_id` = 1 AND `status` = 1 ORDER BY updatetime DESC LIMIT 0,3;
--Start time [2012/11/21 13:12:28]
--Run time(s): 1.0554990768433

[2012/11/21 13:12:29][/?portal=mc_web&page=articleDetail&id=564]
SELECT * FROM `article` WHERE `category_id` = 2 AND `status` = 1 ORDER BY updatetime DESC LIMIT 0,3;
--Start time [2012/11/21 13:12:29]
--Run time(s): 0.54165506362915

[2012/11/21 13:12:32][/?portal=mc_web&page=articleDetail&id=564]
SELECT * FROM `article` WHERE `category_id` = 7 AND `status` = 1 ORDER BY updatetime DESC LIMIT 0,3;
--Start time [2012/11/21 13:12:29]
--Run time(s): 2.5865950584412

