[2013/02/28 11:05:37][/?portal=mc_web&page=articleDetail&id=307]
SELECT `id`,`modules`,`title`,`description`,`keyword` FROM `page` WHERE `id`='29' LIMIT 1;
--Start time [2013/02/28 11:05:36]
--Run time(s): 0.51741695404053

[2013/02/28 11:05:38][/?portal=mc_web&page=articleDetail&id=307]
SELECT `hocsinh_id`,`class_id`,`location_id`,`updatetime` FROM `hocsinh` WHERE `status` = 1 ORDER BY updatetime DESC LIMIT 0,5;
--Start time [2013/02/28 11:05:37]
--Run time(s): 1.4830968379974

[2013/02/28 11:05:40][/?portal=mc_web&page=articleDetail&id=307]
SELECT * FROM `article` WHERE `category_id` = 1 AND `status` = 1 ORDER BY updatetime DESC LIMIT 0,3;
--Start time [2013/02/28 11:05:39]
--Run time(s): 1.313355922699

[2013/02/28 11:34:32][/?portal=mc_web&page=articleDetail&id=645]
SELECT `id`,`portal_name` FROM `portal` WHERE portal_name='mc_web' AND publish_flg='1' LIMIT 1;
--Start time [2013/02/28 11:34:31]
--Run time(s): 1.1691560745239

[2013/02/28 11:35:40][/?portal=mc_web&page=intro]
SELECT `id`,`portal_name` FROM `portal` WHERE portal_name='mc_web' AND publish_flg='1' LIMIT 1;
--Start time [2013/02/28 11:35:39]
--Run time(s): 0.99574995040894

[2013/02/28 11:35:42][/?portal=mc_web&page=intro]
SELECT * FROM `article` WHERE `category_id` = 1 AND `status` = 1 ORDER BY updatetime DESC LIMIT 0,3;
--Start time [2013/02/28 11:35:41]
--Run time(s): 1.2801229953766

