[2012/11/26 16:40:16][/?portal=mc_web&page=articleDetail&id=597]
SELECT * FROM `article` WHERE `status`= 1 AND `article_id`=597 LIMIT 1;
--Start time [2012/11/26 16:40:11]
--Run time(s): 4.5213959217072

[2012/11/26 16:40:16][/?portal=mc_web&page=articleDetail&id=597]
SELECT `subject`,`updatetime`,`article_id` FROM `article` WHERE `article_id` != 597 AND `category_id` = 1 AND `updatetime` > TIMESTAMP('2012-11-20 00:45:45') AND `status` = 1 ORDER BY updatetime DESC LIMIT 0,5;
--Start time [2012/11/26 16:40:16]
--Run time(s): 0.68916296958923

[2012/11/26 16:41:50][/?portal=mc_web&page=DocOfClass&classID=14&cateID=2]
SELECT `id`,`page_name`,`layout`,`modules`,`portal_id`,`master_id`,`title`,`description`,`keyword` FROM `page` WHERE page_name='DocOfClass' AND portal_id='13' AND publish_flg='1' LIMIT 1;
--Start time [2012/11/26 16:41:48]
--Run time(s): 1.182324886322

[2012/11/26 16:41:51][/?portal=mc_web&page=DocOfClass&classID=14&cateID=2]
SELECT `hocsinh_id`,`class_id`,`location_id`,`updatetime` FROM `hocsinh` WHERE `status` = 1 ORDER BY updatetime DESC LIMIT 0,5;
--Start time [2012/11/26 16:41:50]
--Run time(s): 0.53668189048767

[2012/11/26 16:41:53][/?portal=mc_web&page=DocOfClass&classID=14&cateID=2]
SELECT `name` FROM `class` WHERE class_id = 9 LIMIT 1;
--Start time [2012/11/26 16:41:51]
--Run time(s): 1.2371129989624

[2012/11/26 16:42:14][/?portal=mc_web&page=DocOfClass&classID=14&cateID=1]
SELECT `id`,`portal_name` FROM `portal` WHERE portal_name='mc_web' AND publish_flg='1' LIMIT 1;
--Start time [2012/11/26 16:42:14]
--Run time(s): 0.60229897499084

[2012/11/26 16:43:24][/?portal=mc_web&page=articleDetail&id=586]
SELECT * FROM `article` WHERE `status`= 1 AND `article_id`=586 LIMIT 1;
--Start time [2012/11/26 16:43:20]
--Run time(s): 4.4989879131317

[2012/11/26 16:51:57][/?portal=mc_web&page=articleDetail&id=526]
SELECT `name` FROM `location` WHERE `location_id` =2 LIMIT 1;
--Start time [2012/11/26 16:51:56]
--Run time(s): 0.89182090759277

